A	B	C	X	Y	Z	MT0	MT1	MT2	MT3	MT4	MT5	MT6	TIME	J0	J1	J2	J3	J4	J5	J6	
-2.766	0.150	3.041	547.945	-290.722	-20.560	0.060	61.042	7.348	-16.853	0.186	-0.233	-0.016	0	-0.351	0.979	-0.370	-1.378	0.629	0.915	-1.361	
-2.766	0.150	3.041	547.966	-290.697	-20.558	0.017	61.052	7.307	-16.880	0.174	-0.229	-0.014	9	-0.351	0.979	-0.370	-1.378	0.629	0.915	-1.361	
-2.766	0.150	3.041	547.994	-290.668	-20.554	0.001	61.064	7.300	-16.913	0.166	-0.228	-0.015	18	-0.351	0.979	-0.370	-1.378	0.629	0.915	-1.361	
-2.766	0.150	3.041	548.013	-290.650	-20.551	-0.008	61.097	7.309	-16.949	0.160	-0.226	-0.015	25	-0.351	0.979	-0.369	-1.378	0.629	0.915	-1.361	
-2.766	0.150	3.041	548.027	-290.637	-20.548	-0.054	61.178	7.307	-16.975	0.171	-0.229	-0.017	32	-0.351	0.979	-0.369	-1.378	0.629	0.915	-1.361	
-2.766	0.150	3.041	548.047	-290.620	-20.545	-0.059	61.213	7.298	-17.000	0.175	-0.233	-0.017	42	-0.350	0.979	-0.369	-1.378	0.629	0.915	-1.361	
-2.766	0.150	3.041	548.056	-290.611	-20.544	-0.047	61.257	7.319	-17.009	0.177	-0.233	-0.016	47	-0.350	0.979	-0.369	-1.378	0.629	0.915	-1.361	
-2.766	0.150	3.041	548.062	-290.605	-20.544	-0.017	61.298	7.319	-17.019	0.173	-0.234	-0.015	55	-0.350	0.979	-0.369	-1.378	0.629	0.915	-1.361	
-2.766	0.150	3.041	548.067	-290.598	-20.545	-0.026	61.310	7.326	-17.005	0.181	-0.228	-0.013	60	-0.350	0.979	-0.369	-1.378	0.629	0.915	-1.361	
-2.766	0.150	3.041	548.070	-290.592	-20.547	-0.040	61.313	7.345	-17.011	0.182	-0.222	-0.016	68	-0.350	0.979	-0.369	-1.378	0.629	0.915	-1.361	
-2.766	0.150	3.041	548.074	-290.585	-20.549	-0.048	61.287	7.363	-16.999	0.181	-0.218	-0.014	75	-0.350	0.979	-0.369	-1.378	0.629	0.915	-1.361	
-2.765	0.150	3.041	548.075	-290.580	-20.552	-0.044	61.278	7.370	-16.998	0.188	-0.211	-0.016	82	-0.350	0.979	-0.369	-1.378	0.629	0.915	-1.361	
-2.765	0.150	3.041	548.077	-290.576	-20.552	-0.020	61.300	7.378	-17.018	0.188	-0.209	-0.017	89	-0.350	0.979	-0.369	-1.378	0.629	0.915	-1.361	
-2.765	0.150	3.041	548.078	-290.571	-20.553	0.000	61.271	7.407	-17.013	0.193	-0.204	-0.017	95	-0.350	0.979	-0.369	-1.378	0.629	0.915	-1.361	
-2.765	0.150	3.041	548.079	-290.568	-20.553	0.001	61.210	7.415	-17.000	0.190	-0.199	-0.018	102	-0.350	0.979	-0.369	-1.378	0.629	0.915	-1.361	
-2.765	0.150	3.041	548.080	-290.565	-20.554	0.011	61.111	7.394	-16.964	0.188	-0.197	-0.021	108	-0.350	0.979	-0.369	-1.378	0.629	0.915	-1.361	
-2.765	0.150	3.041	548.081	-290.562	-20.555	0.015	61.007	7.375	-16.948	0.188	-0.199	-0.021	116	-0.350	0.979	-0.369	-1.378	0.629	0.915	-1.361	
-2.765	0.150	3.041	548.083	-290.559	-20.554	0.000	60.935	7.381	-16.948	0.196	-0.200	-0.022	123	-0.350	0.979	-0.369	-1.378	0.629	0.915	-1.361	
-2.765	0.150	3.041	548.085	-290.556	-20.554	0.000	60.804	7.378	-16.914	0.193	-0.197	-0.024	130	-0.350	0.979	-0.369	-1.378	0.629	0.915	-1.361	
-2.765	0.150	3.041	548.089	-290.552	-20.553	0.012	60.724	7.377	-16.886	0.201	-0.198	-0.023	140	-0.350	0.979	-0.369	-1.378	0.629	0.915	-1.361	
-2.765	0.150	3.041	548.092	-290.549	-20.552	0.005	60.675	7.384	-16.879	0.210	-0.194	-0.024	147	-0.350	0.979	-0.369	-1.378	0.629	0.915	-1.361	
-2.765	0.150	3.041	548.095	-290.547	-20.550	0.031	60.685	7.393	-16.892	0.216	-0.195	-0.021	154	-0.350	0.979	-0.369	-1.378	0.629	0.915	-1.361	
-2.765	0.150	3.041	548.103	-290.544	-20.545	0.032	60.720	7.398	-16.896	0.224	-0.198	-0.021	161	-0.350	0.979	-0.369	-1.378	0.629	0.915	-1.361	
-2.765	0.150	3.041	548.112	-290.540	-20.540	0.031	60.786	7.400	-16.912	0.212	-0.200	-0.019	167	-0.350	0.979	-0.369	-1.378	0.629	0.915	-1.361	
-2.765	0.150	3.041	548.119	-290.536	-20.535	0.017	60.882	7.393	-16.930	0.209	-0.203	-0.013	174	-0.350	0.979	-0.369	-1.378	0.629	0.915	-1.361	
-2.765	0.150	3.041	548.141	-290.528	-20.523	-0.013	60.920	7.380	-16.933	0.205	-0.205	-0.014	186	-0.350	0.979	-0.369	-1.378	0.629	0.915	-1.361	
-2.765	0.150	3.041	548.154	-290.524	-20.515	-0.026	60.935	7.378	-16.920	0.205	-0.205	-0.012	191	-0.350	0.979	-0.369	-1.378	0.629	0.915	-1.361	
-2.765	0.150	3.041	548.165	-290.521	-20.509	-0.034	60.939	7.370	-16.924	0.217	-0.205	-0.013	198	-0.350	0.979	-0.369	-1.378	0.629	0.915	-1.361	
-2.765	0.150	3.041	548.174	-290.520	-20.503	-0.026	60.946	7.370	-16.913	0.213	-0.204	-0.011	202	-0.350	0.979	-0.369	-1.378	0.629	0.915	-1.361	
-2.765	0.150	3.041	548.190	-290.519	-20.492	-0.023	60.943	7.370	-16.918	0.210	-0.207	-0.010	209	-0.350	0.979	-0.369	-1.378	0.629	0.915	-1.361	
-2.765	0.150	3.041	548.202	-290.519	-20.484	-0.019	60.951	7.382	-16.912	0.213	-0.210	-0.010	213	-0.350	0.979	-0.369	-1.378	0.629	0.915	-1.361	
-2.765	0.150	3.041	548.222	-290.519	-20.469	-0.004	60.964	7.397	-16.931	0.210	-0.206	-0.011	217	-0.350	0.979	-0.369	-1.378	0.629	0.915	-1.361	
-2.765	0.150	3.041	548.237	-290.520	-20.457	0.011	60.974	7.407	-16.945	0.214	-0.205	-0.008	222	-0.350	0.979	-0.369	-1.378	0.629	0.915	-1.361	
-2.765	0.150	3.041	548.252	-290.520	-20.445	0.038	60.960	7.422	-16.950	0.213	-0.204	-0.008	226	-0.350	0.979	-0.369	-1.377	0.629	0.915	-1.361	
-2.765	0.150	3.041	548.277	-290.519	-20.425	0.055	60.919	7.444	-16.952	0.217	-0.200	-0.008	232	-0.350	0.979	-0.369	-1.377	0.629	0.915	-1.361	
-2.765	0.150	3.041	548.324	-290.514	-20.387	0.038	60.946	7.466	-16.994	0.214	-0.188	-0.008	240	-0.350	0.979	-0.369	-1.377	0.629	0.915	-1.361	
-2.765	0.150	3.041	548.352	-290.508	-20.365	0.048	60.974	7.478	-17.004	0.212	-0.186	-0.009	247	-0.350	0.979	-0.369	-1.377	0.629	0.915	-1.361	
-2.765	0.150	3.041	548.387	-290.498	-20.336	0.074	61.033	7.512	-16.997	0.207	-0.187	-0.009	252	-0.350	0.979	-0.369	-1.377	0.629	0.915	-1.361	
-2.765	0.150	3.041	548.426	-290.483	-20.306	0.093	61.067	7.524	-16.997	0.189	-0.187	-0.008	259	-0.350	0.979	-0.369	-1.377	0.629	0.915	-1.361	
-2.765	0.151	3.042	548.467	-290.460	-20.278	0.059	61.011	7.506	-16.994	0.171	-0.185	-0.009	264	-0.350	0.979	-0.369	-1.377	0.629	0.915	-1.361	
-2.765	0.151	3.042	548.496	-290.441	-20.260	0.011	61.010	7.479	-17.004	0.175	-0.191	-0.008	270	-0.350	0.979	-0.369	-1.377	0.629	0.915	-1.361	
-2.765	0.151	3.042	548.526	-290.422	-20.241	-0.031	60.938	7.434	-17.004	0.166	-0.196	-0.011	274	-0.350	0.979	-0.369	-1.377	0.629	0.915	-1.361	
-2.765	0.151	3.042	548.571	-290.392	-20.213	-0.036	60.938	7.413	-16.977	0.155	-0.202	-0.011	279	-0.350	0.979	-0.369	-1.377	0.629	0.915	-1.361	
-2.765	0.151	3.042	548.601	-290.372	-20.192	-0.036	60.951	7.401	-16.968	0.151	-0.204	-0.012	283	-0.350	0.979	-0.369	-1.377	0.629	0.915	-1.361	
-2.765	0.151	3.042	548.648	-290.342	-20.160	-0.008	61.033	7.389	-16.977	0.134	-0.208	-0.012	287	-0.350	0.979	-0.369	-1.377	0.629	0.915	-1.361	
-2.765	0.151	3.042	548.679	-290.323	-20.137	-0.003	61.115	7.394	-17.015	0.135	-0.207	-0.013	293	-0.350	0.979	-0.369	-1.377	0.629	0.915	-1.361	
-2.765	0.151	3.042	548.709	-290.303	-20.114	0.005	61.100	7.376	-17.041	0.117	-0.208	-0.013	297	-0.350	0.978	-0.369	-1.377	0.629	0.915	-1.361	
-2.765	0.151	3.042	548.759	-290.269	-20.076	0.013	61.053	7.346	-17.024	0.118	-0.210	-0.012	303	-0.350	0.978	-0.369	-1.377	0.629	0.915	-1.361	
-2.765	0.151	3.042	548.787	-290.250	-20.054	-0.026	61.021	7.329	-17.022	0.121	-0.211	-0.012	308	-0.350	0.978	-0.369	-1.377	0.629	0.915	-1.361	
-2.765	0.151	3.042	548.829	-290.223	-20.020	-0.039	60.986	7.282	-17.024	0.116	-0.212	-0.010	312	-0.350	0.978	-0.369	-1.377	0.629	0.915	-1.361	
-2.765	0.151	3.042	548.856	-290.207	-19.995	-0.046	61.005	7.278	-17.031	0.129	-0.210	-0.011	319	-0.350	0.978	-0.369	-1.377	0.629	0.915	-1.361	
-2.765	0.151	3.042	548.883	-290.192	-19.968	-0.074	61.080	7.280	-17.040	0.135	-0.212	-0.011	323	-0.350	0.978	-0.369	-1.377	0.629	0.915	-1.361	
-2.765	0.151	3.042	548.916	-290.176	-19.934	-0.079	61.096	7.286	-17.046	0.132	-0.210	-0.011	328	-0.350	0.978	-0.369	-1.377	0.629	0.915	-1.361	
-2.765	0.151	3.042	548.941	-290.163	-19.907	-0.086	61.073	7.303	-17.031	0.145	-0.206	-0.009	332	-0.350	0.978	-0.369	-1.377	0.629	0.915	-1.361	
-2.764	0.151	3.042	548.983	-290.144	-19.860	-0.043	61.141	7.349	-17.035	0.155	-0.210	-0.010	335	-0.350	0.978	-0.369	-1.377	0.629	0.915	-1.361	
-2.764	0.151	3.042	549.007	-290.134	-19.831	-0.030	61.114	7.363	-17.062	0.168	-0.203	-0.011	343	-0.350	0.978	-0.369	-1.377	0.629	0.915	-1.361	
-2.764	0.151	3.042	549.030	-290.125	-19.804	0.003	61.030	7.337	-17.025	0.169	-0.205	-0.010	346	-0.350	0.978	-0.369	-1.377	0.629	0.915	-1.361	
-2.764	0.151	3.042	549.057	-290.113	-19.771	-0.023	61.005	7.334	-16.982	0.175	-0.209	-0.009	352	-0.350	0.978	-0.369	-1.377	0.629	0.915	-1.361	
-2.764	0.151	3.042	549.081	-290.104	-19.743	-0.042	60.940	7.337	-16.976	0.174	-0.206	-0.009	356	-0.350	0.978	-0.369	-1.377	0.629	0.915	-1.361	
-2.764	0.152	3.042	549.116	-290.093	-19.698	-0.008	60.982	7.311	-16.982	0.176	-0.207	-0.010	360	-0.350	0.978	-0.369	-1.377	0.629	0.915	-1.361	
-2.764	0.152	3.042	549.140	-290.088	-19.666	0.009	60.989	7.333	-16.996	0.180	-0.204	-0.012	366	-0.350	0.978	-0.369	-1.377	0.629	0.915	-1.361	
-2.764	0.152	3.042	549.164	-290.083	-19.634	0.046	61.045	7.341	-17.002	0.180	-0.207	-0.010	369	-0.350	0.978	-0.369	-1.377	0.629	0.915	-1.361	
-2.764	0.152	3.042	549.200	-290.077	-19.583	0.042	61.079	7.352	-17.013	0.182	-0.204	-0.012	375	-0.350	0.978	-0.369	-1.377	0.629	0.915	-1.361	
-2.764	0.152	3.042	549.219	-290.074	-19.557	0.031	61.038	7.366	-17.039	0.184	-0.198	-0.010	379	-0.349	0.978	-0.369	-1.377	0.629	0.915	-1.361	
-2.764	0.152	3.042	549.249	-290.068	-19.515	-0.009	60.971	7.351	-16.986	0.192	-0.199	-0.013	383	-0.349	0.978	-0.369	-1.377	0.629	0.915	-1.361	
-2.764	0.152	3.042	549.287	-290.063	-19.462	-0.044	60.885	7.352	-16.965	0.189	-0.197	-0.015	389	-0.349	0.977	-0.369	-1.377	0.629	0.915	-1.361	
-2.764	0.152	3.042	549.313	-290.061	-19.425	-0.079	60.823	7.327	-16.956	0.184	-0.197	-0.016	394	-0.349	0.977	-0.369	-1.377	0.629	0.915	-1.361	
-2.764	0.152	3.042	549.352	-290.058	-19.368	-0.102	60.787	7.323	-16.965	0.186	-0.197	-0.015	399	-0.349	0.977	-0.369	-1.377	0.629	0.915	-1.361	
-2.764	0.152	3.042	549.386	-290.057	-19.318	-0.113	60.825	7.342	-16.961	0.191	-0.195	-0.013	404	-0.349	0.977	-0.369	-1.377	0.629	0.915	-1.361	
-2.764	0.152	3.042	549.428	-290.059	-19.255	-0.074	60.818	7.350	-16.995	0.189	-0.186	-0.013	409	-0.349	0.977	-0.369	-1.377	0.629	0.915	-1.361	
-2.764	0.152	3.043	549.457	-290.060	-19.211	-0.047	60.924	7.373	-16.995	0.190	-0.192	-0.012	414	-0.349	0.977	-0.369	-1.377	0.629	0.915	-1.361	
-2.764	0.152	3.043	549.510	-290.064	-19.129	0.024	61.018	7.411	-17.058	0.191	-0.179	-0.014	419	-0.349	0.977	-0.369	-1.377	0.629	0.915	-1.361	
-2.764	0.152	3.043	549.553	-290.065	-19.062	0.000	60.798	7.399	-17.014	0.188	-0.168	-0.013	426	-0.349	0.977	-0.369	-1.377	0.629	0.915	-1.361	
-2.764	0.153	3.043	549.692	-290.058	-18.853	-0.067	60.889	7.390	-17.020	0.198	-0.176	-0.011	442	-0.349	0.977	-0.369	-1.377	0.629	0.915	-1.361	
-2.764	0.153	3.043	549.755	-290.057	-18.757	-0.019	61.179	7.409	-17.088	0.194	-0.170	-0.012	452	-0.349	0.976	-0.369	-1.377	0.629	0.915	-1.361	
-2.764	0.153	3.043	549.819	-290.056	-18.657	0.008	61.286	7.434	-17.078	0.192	-0.182	-0.011	459	-0.349	0.976	-0.369	-1.377	0.629	0.915	-1.361	
-2.764	0.153	3.043	549.875	-290.051	-18.574	0.017	61.046	7.445	-17.033	0.191	-0.180	-0.009	465	-0.349	0.976	-0.369	-1.377	0.629	0.915	-1.361	
-2.764	0.153	3.043	549.929	-290.044	-18.496	0.008	60.911	7.402	-16.989	0.193	-0.198	-0.009	471	-0.349	0.976	-0.369	-1.377	0.629	0.915	-1.361	
-2.764	0.153	3.043	549.986	-290.038	-18.414	0.005	60.842	7.319	-16.980	0.186	-0.205	-0.010	477	-0.349	0.976	-0.369	-1.377	0.629	0.915	-1.361	
-2.764	0.153	3.043	550.046	-290.036	-18.324	0.012	60.985	7.307	-17.034	0.179	-0.204	-0.007	483	-0.349	0.976	-0.369	-1.377	0.629	0.915	-1.361	
-2.763	0.153	3.044	550.108	-290.037	-18.227	0.013	60.951	7.310	-17.010	0.178	-0.204	-0.009	489	-0.349	0.975	-0.369	-1.377	0.629	0.915	-1.361	
-2.763	0.154	3.044	550.187	-290.041	-18.104	0.003	60.886	7.341	-16.982	0.182	-0.208	-0.010	497	-0.349	0.975	-0.369	-1.377	0.629	0.915	-1.361	
-2.763	0.154	3.044	550.268	-290.048	-17.979	-0.020	60.868	7.292	-17.069	0.178	-0.197	-0.013	503	-0.349	0.975	-0.369	-1.377	0.629	0.915	-1.361	
-2.763	0.154	3.044	550.319	-290.056	-17.893	-0.015	60.944	7.277	-17.114	0.181	-0.189	-0.013	510	-0.349	0.975	-0.369	-1.377	0.629	0.915	-1.361	
-2.763	0.154	3.044	550.390	-290.069	-17.772	-0.017	60.896	7.291	-17.100	0.178	-0.171	-0.013	516	-0.349	0.975	-0.369	-1.377	0.629	0.915	-1.361	
-2.763	0.154	3.044	550.439	-290.080	-17.687	-0.052	60.755	7.319	-17.050	0.184	-0.167	-0.013	522	-0.349	0.975	-0.369	-1.377	0.629	0.915	-1.361	
-2.763	0.154	3.044	550.509	-290.098	-17.564	-0.046	60.725	7.303	-17.027	0.178	-0.170	-0.014	528	-0.349	0.974	-0.369	-1.377	0.629	0.915	-1.361	
-2.763	0.154	3.044	550.596	-290.123	-17.408	-0.009	60.944	7.260	-17.144	0.174	-0.158	-0.017	534	-0.349	0.974	-0.369	-1.377	0.629	0.915	-1.361	
-2.763	0.155	3.045	550.689	-290.151	-17.233	-0.071	60.854	7.294	-17.092	0.182	-0.165	-0.014	546	-0.349	0.974	-0.369	-1.377	0.629	0.915	-1.361	
-2.763	0.155	3.045	550.765	-290.173	-17.092	-0.091	60.827	7.319	-17.073	0.183	-0.172	-0.014	551	-0.349	0.974	-0.369	-1.377	0.629	0.915	-1.361	
-2.763	0.155	3.045	550.820	-290.191	-16.985	-0.101	60.837	7.281	-17.084	0.181	-0.163	-0.013	558	-0.349	0.973	-0.369	-1.377	0.629	0.915	-1.361	
-2.763	0.155	3.045	550.899	-290.216	-16.831	-0.118	60.782	7.241	-17.067	0.187	-0.172	-0.012	564	-0.349	0.973	-0.369	-1.377	0.629	0.915	-1.361	
-2.763	0.155	3.045	550.956	-290.235	-16.716	-0.136	60.751	7.244	-17.078	0.184	-0.168	-0.012	570	-0.349	0.973	-0.369	-1.377	0.629	0.915	-1.361	
-2.763	0.155	3.045	551.005	-290.250	-16.619	-0.161	60.726	7.280	-17.102	0.196	-0.148	-0.016	575	-0.349	0.973	-0.369	-1.377	0.629	0.915	-1.361	
-2.763	0.156	3.045	551.089	-290.274	-16.443	-0.129	60.596	7.293	-17.067	0.195	-0.130	-0.015	581	-0.349	0.973	-0.369	-1.377	0.629	0.915	-1.361	
-2.763	0.156	3.045	551.138	-290.285	-16.338	-0.087	60.634	7.336	-17.047	0.218	-0.159	-0.014	585	-0.349	0.972	-0.369	-1.377	0.629	0.915	-1.361	
-2.763	0.156	3.046	551.228	-290.303	-16.143	-0.022	60.605	7.360	-17.088	0.217	-0.128	-0.014	591	-0.349	0.972	-0.369	-1.377	0.629	0.915	-1.361	
-2.763	0.156	3.046	551.279	-290.310	-16.026	0.024	60.673	7.388	-17.109	0.213	-0.140	-0.009	597	-0.349	0.972	-0.369	-1.377	0.629	0.915	-1.361	
-2.763	0.156	3.046	551.355	-290.314	-15.846	0.062	60.748	7.437	-17.124	0.222	-0.116	-0.006	601	-0.349	0.972	-0.369	-1.377	0.629	0.915	-1.361	
-2.763	0.156	3.046	551.407	-290.313	-15.719	0.101	60.744	7.460	-17.160	0.216	-0.113	-0.005	607	-0.349	0.971	-0.369	-1.377	0.629	0.915	-1.361	
-2.763	0.156	3.046	551.456	-290.308	-15.592	0.163	60.791	7.480	-17.127	0.223	-0.093	-0.005	611	-0.349	0.971	-0.369	-1.377	0.629	0.915	-1.361	
-2.763	0.157	3.046	551.532	-290.294	-15.391	0.175	60.808	7.529	-17.149	0.232	-0.114	-0.003	617	-0.349	0.971	-0.369	-1.377	0.629	0.915	-1.361	
-2.763	0.157	3.046	551.582	-290.281	-15.256	0.234	60.702	7.518	-17.142	0.226	-0.066	0.001	621	-0.349	0.971	-0.369	-1.377	0.629	0.915	-1.361	
-2.763	0.157	3.046	551.658	-290.253	-15.046	0.259	60.597	7.537	-17.129	0.223	-0.101	0.006	624	-0.349	0.970	-0.369	-1.377	0.629	0.916	-1.361	
-2.763	0.157	3.046	551.710	-290.227	-14.902	0.206	60.466	7.514	-17.103	0.232	-0.084	0.009	631	-0.349	0.970	-0.369	-1.377	0.629	0.916	-1.361	
-2.763	0.157	3.046	551.802	-290.167	-14.641	0.106	60.292	7.399	-17.139	0.195	-0.034	0.009	634	-0.349	0.970	-0.369	-1.377	0.629	0.916	-1.361	
-2.763	0.158	3.046	551.859	-290.130	-14.480	0.036	60.273	7.411	-17.151	0.227	-0.064	0.013	642	-0.349	0.969	-0.369	-1.377	0.629	0.916	-1.361	
-2.763	0.158	3.046	551.918	-290.091	-14.314	0.050	60.546	7.361	-17.141	0.206	-0.056	0.013	646	-0.349	0.969	-0.369	-1.377	0.629	0.917	-1.361	
-2.763	0.158	3.046	552.010	-290.027	-14.046	0.079	60.627	7.411	-17.259	0.213	-0.015	0.015	651	-0.349	0.969	-0.369	-1.377	0.629	0.917	-1.361	
-2.762	0.158	3.046	552.067	-289.973	-13.863	0.144	60.760	7.427	-17.240	0.216	-0.055	0.017	656	-0.349	0.969	-0.369	-1.377	0.629	0.917	-1.361	
-2.762	0.158	3.045	552.150	-289.876	-13.581	0.140	60.595	7.488	-17.210	0.233	-0.059	0.017	659	-0.349	0.968	-0.369	-1.377	0.629	0.917	-1.361	
-2.762	0.159	3.045	552.205	-289.802	-13.394	0.132	60.323	7.474	-17.086	0.219	0.022	0.016	666	-0.349	0.968	-0.369	-1.377	0.629	0.918	-1.361	
-2.762	0.159	3.045	552.264	-289.722	-13.200	0.137	60.222	7.437	-17.065	0.204	-0.025	0.016	669	-0.349	0.967	-0.369	-1.377	0.629	0.918	-1.361	
-2.762	0.159	3.045	552.326	-289.639	-12.999	0.063	60.099	7.394	-17.034	0.215	0.001	0.015	672	-0.349	0.967	-0.369	-1.377	0.629	0.919	-1.361	
-2.762	0.159	3.045	552.414	-289.534	-12.727	0.138	60.364	7.279	-17.129	0.161	-0.012	0.011	678	-0.349	0.967	-0.369	-1.377	0.629	0.919	-1.361	
-2.762	0.160	3.044	552.589	-289.298	-12.145	0.136	60.431	7.384	-17.139	0.163	0.013	0.009	687	-0.349	0.966	-0.368	-1.377	0.629	0.920	-1.361	
-2.762	0.160	3.044	552.659	-289.196	-11.906	0.129	60.342	7.415	-17.232	0.172	-0.014	0.006	692	-0.349	0.965	-0.368	-1.377	0.629	0.920	-1.361	
-2.762	0.161	3.044	552.787	-288.999	-11.475	0.091	60.587	7.412	-17.224	0.178	-0.038	0.012	697	-0.349	0.965	-0.368	-1.377	0.629	0.921	-1.361	
-2.762	0.161	3.044	552.860	-288.878	-11.220	0.112	60.612	7.354	-17.365	0.166	-0.057	0.011	703	-0.349	0.964	-0.368	-1.377	0.629	0.922	-1.361	
-2.762	0.161	3.043	552.967	-288.685	-10.829	0.207	60.452	7.260	-17.229	0.108	0.010	0.008	707	-0.349	0.964	-0.368	-1.377	0.629	0.922	-1.361	
-2.762	0.161	3.043	553.036	-288.552	-10.568	0.145	60.165	7.377	-17.225	0.148	-0.013	0.008	713	-0.349	0.963	-0.368	-1.377	0.629	0.923	-1.361	
-2.762	0.162	3.043	553.103	-288.406	-10.302	0.085	60.171	7.342	-17.162	0.163	-0.117	0.001	717	-0.349	0.963	-0.368	-1.377	0.629	0.923	-1.361	
-2.761	0.162	3.042	553.211	-288.177	-9.885	0.013	60.272	7.297	-17.239	0.123	0.049	0.003	723	-0.349	0.962	-0.368	-1.377	0.629	0.924	-1.361	
-2.761	0.162	3.042	553.288	-288.022	-9.594	0.104	60.263	7.207	-17.330	0.148	-0.073	0.004	728	-0.349	0.962	-0.368	-1.377	0.629	0.925	-1.361	
-2.761	0.163	3.041	553.392	-287.775	-9.155	0.063	60.466	7.228	-17.380	0.122	-0.015	-0.004	731	-0.349	0.961	-0.368	-1.377	0.629	0.925	-1.361	
-2.761	0.163	3.041	553.511	-287.476	-8.632	0.040	60.679	7.226	-17.401	0.075	-0.118	-0.009	741	-0.349	0.960	-0.368	-1.377	0.629	0.927	-1.361	
-2.761	0.164	3.040	553.607	-287.203	-8.178	-0.058	60.307	7.160	-17.368	0.069	0.042	-0.015	744	-0.348	0.960	-0.368	-1.377	0.629	0.928	-1.361	
-2.761	0.164	3.040	553.666	-287.019	-7.873	-0.043	60.001	7.150	-17.324	0.095	0.093	-0.018	751	-0.348	0.959	-0.368	-1.377	0.629	0.928	-1.361	
-2.761	0.164	3.039	553.721	-286.830	-7.560	0.051	60.275	7.192	-17.279	0.099	-0.124	-0.027	754	-0.348	0.959	-0.367	-1.377	0.629	0.929	-1.361	
-2.761	0.165	3.039	553.809	-286.544	-7.068	-0.020	60.245	7.194	-17.398	0.143	0.004	-0.028	761	-0.348	0.958	-0.367	-1.377	0.629	0.930	-1.361	
-2.760	0.165	3.038	553.868	-286.350	-6.732	0.026	60.213	7.082	-17.434	0.091	0.007	-0.033	764	-0.348	0.957	-0.367	-1.377	0.629	0.931	-1.361	
-2.760	0.165	3.038	553.944	-286.045	-6.222	0.075	60.201	7.115	-17.317	0.109	-0.006	-0.028	768	-0.348	0.957	-0.367	-1.377	0.629	0.932	-1.361	
-2.760	0.165	3.037	553.995	-285.840	-5.872	-0.016	60.299	7.231	-17.388	0.155	-0.050	-0.023	775	-0.348	0.956	-0.367	-1.377	0.629	0.933	-1.361	
-2.760	0.166	3.037	554.046	-285.628	-5.515	0.168	60.118	7.171	-17.583	0.131	0.064	-0.022	778	-0.348	0.956	-0.367	-1.377	0.629	0.934	-1.361	
-2.760	0.166	3.036	554.109	-285.298	-4.970	0.216	60.034	7.233	-17.394	0.155	-0.152	-0.019	785	-0.348	0.955	-0.367	-1.377	0.629	0.935	-1.361	
-2.760	0.166	3.036	554.157	-285.078	-4.596	0.129	60.140	7.170	-17.274	0.169	0.041	-0.020	789	-0.348	0.954	-0.367	-1.377	0.629	0.936	-1.361	
-2.760	0.167	3.035	554.229	-284.733	-4.017	0.190	59.967	7.132	-17.558	0.166	-0.086	-0.017	792	-0.348	0.953	-0.367	-1.377	0.629	0.937	-1.361	
-2.759	0.167	3.034	554.293	-284.374	-3.422	0.012	59.660	7.207	-17.316	0.252	0.107	-0.012	800	-0.348	0.952	-0.367	-1.377	0.629	0.939	-1.360	
-2.759	0.168	3.033	554.393	-283.880	-2.580	0.129	60.015	7.249	-17.530	0.214	-0.139	-0.010	808	-0.348	0.951	-0.367	-1.377	0.629	0.941	-1.360	
-2.759	0.168	3.032	554.456	-283.557	-2.035	0.074	59.650	7.240	-17.531	0.194	0.100	-0.027	813	-0.348	0.950	-0.367	-1.377	0.629	0.942	-1.360	
-2.759	0.169	3.031	554.553	-283.007	-1.141	0.110	59.885	7.230	-17.239	0.175	-0.071	-0.034	821	-0.348	0.949	-0.367	-1.377	0.629	0.944	-1.360	
-2.758	0.169	3.029	554.674	-282.427	-0.193	0.043	59.600	7.301	-17.512	0.233	0.006	-0.022	827	-0.348	0.948	-0.367	-1.377	0.629	0.946	-1.360	
-2.758	0.170	3.028	554.766	-281.964	0.553	0.152	59.591	7.391	-17.538	0.232	0.144	-0.019	835	-0.347	0.947	-0.366	-1.377	0.629	0.948	-1.360	
-2.758	0.171	3.027	554.875	-281.392	1.450	0.454	60.087	7.416	-17.331	0.219	-0.020	-0.012	840	-0.347	0.945	-0.366	-1.377	0.629	0.951	-1.360	
-2.757	0.171	3.026	554.987	-280.869	2.249	0.327	59.877	7.454	-17.828	0.201	0.352	-0.015	848	-0.347	0.944	-0.366	-1.377	0.629	0.953	-1.360	
-2.757	0.172	3.024	555.116	-280.093	3.315	0.383	60.385	7.387	-17.519	0.185	-0.198	-0.006	855	-0.347	0.942	-0.366	-1.377	0.629	0.955	-1.360	
-2.756	0.173	3.023	555.205	-279.582	3.985	0.328	60.010	7.160	-17.231	0.085	0.119	0.004	861	-0.347	0.941	-0.366	-1.377	0.629	0.957	-1.360	
-2.756	0.174	3.021	555.379	-278.371	5.506	0.261	59.702	7.488	-17.738	0.174	0.034	0.006	872	-0.347	0.939	-0.365	-1.377	0.630	0.961	-1.360	
-2.755	0.175	3.018	555.502	-277.436	6.650	0.472	59.221	7.410	-17.756	0.169	-0.244	0.007	879	-0.346	0.937	-0.365	-1.377	0.630	0.964	-1.360	
-2.755	0.175	3.017	555.612	-276.704	7.547	0.030	59.819	7.254	-17.887	0.265	0.043	0.010	886	-0.346	0.936	-0.365	-1.377	0.630	0.967	-1.360	
-2.754	0.176	3.015	555.737	-275.804	8.613	0.152	59.389	7.087	-17.791	0.106	-0.130	0.019	893	-0.346	0.934	-0.365	-1.377	0.630	0.969	-1.360	
-2.753	0.177	3.013	555.871	-274.749	9.879	-0.003	59.355	7.216	-18.008	0.162	0.196	0.016	899	-0.346	0.933	-0.364	-1.377	0.630	0.972	-1.360	
-2.753	0.178	3.011	555.974	-273.917	10.860	0.011	59.240	6.958	-17.808	0.042	0.161	0.025	907	-0.346	0.931	-0.364	-1.376	0.630	0.975	-1.360	
-2.752	0.179	3.009	556.094	-272.916	12.037	-0.122	59.414	7.029	-17.837	0.076	0.091	0.000	913	-0.345	0.929	-0.364	-1.376	0.630	0.979	-1.360	
-2.752	0.180	3.007	556.198	-272.050	13.078	0.574	59.042	7.279	-17.492	0.080	-0.084	0.001	920	-0.345	0.928	-0.363	-1.376	0.630	0.982	-1.360	
-2.751	0.181	3.004	556.354	-270.869	14.531	0.645	59.565	7.253	-18.122	0.156	-0.044	0.024	927	-0.345	0.926	-0.363	-1.376	0.630	0.985	-1.360	
-2.749	0.183	2.999	556.671	-268.356	17.500	0.335	59.611	6.899	-18.269	0.018	-0.418	0.022	935	-0.344	0.922	-0.362	-1.376	0.630	0.991	-1.360	
-2.748	0.184	2.996	556.819	-266.835	19.167	-0.184	59.181	7.014	-18.194	0.309	-0.246	0.043	952	-0.344	0.919	-0.362	-1.376	0.630	0.997	-1.360	
-2.747	0.185	2.994	556.906	-265.990	20.111	-0.204	59.074	6.666	-17.874	0.198	-0.213	0.043	958	-0.343	0.917	-0.361	-1.376	0.630	1.000	-1.360	
-2.746	0.186	2.992	557.030	-264.801	21.475	-0.284	59.218	6.898	-17.718	0.254	-0.168	0.043	965	-0.343	0.915	-0.361	-1.376	0.630	1.004	-1.360	
-2.745	0.187	2.989	557.181	-263.478	23.075	0.086	59.066	6.806	-17.919	-0.110	-0.496	-0.048	971	-0.343	0.913	-0.360	-1.376	0.630	1.007	-1.360	
-2.745	0.188	2.988	557.284	-262.648	24.107	0.022	59.187	6.824	-18.068	0.074	-0.198	-0.022	978	-0.342	0.911	-0.360	-1.376	0.630	1.011	-1.360	
-2.744	0.189	2.985	557.457	-261.311	25.783	0.765	59.017	6.650	-17.880	-0.004	-0.124	0.027	984	-0.342	0.908	-0.359	-1.376	0.630	1.015	-1.359	
-2.743	0.190	2.983	557.632	-260.139	27.295	0.522	59.402	6.393	-18.243	-0.111	-0.488	-0.037	993	-0.342	0.906	-0.359	-1.376	0.630	1.019	-1.359	
-2.742	0.192	2.980	557.894	-258.612	29.293	0.106	59.572	6.439	-18.477	-0.021	-0.534	-0.020	1001	-0.341	0.904	-0.359	-1.376	0.630	1.023	-1.359	
-2.741	0.193	2.977	558.145	-257.099	31.284	0.308	60.142	6.575	-18.433	-0.055	-0.530	-0.009	1008	-0.341	0.901	-0.358	-1.376	0.630	1.027	-1.359	
-2.740	0.194	2.975	558.303	-256.103	32.599	0.038	59.056	6.762	-18.409	-0.016	-0.282	-0.023	1017	-0.340	0.898	-0.358	-1.376	0.630	1.031	-1.359	
-2.739	0.195	2.973	558.491	-254.930	34.154	0.194	58.879	6.665	-18.326	-0.023	-0.459	-0.009	1024	-0.340	0.896	-0.357	-1.376	0.630	1.035	-1.359	
-2.738	0.196	2.971	558.671	-253.932	35.507	-0.188	58.541	6.128	-18.275	-0.130	-0.653	-0.016	1030	-0.339	0.894	-0.357	-1.376	0.630	1.038	-1.358	
-2.737	0.198	2.969	559.007	-252.309	37.858	0.079	58.663	6.425	-18.057	0.154	-0.504	0.079	1040	-0.339	0.890	-0.356	-1.376	0.630	1.043	-1.358	
-2.736	0.200	2.967	559.272	-251.218	39.559	0.414	58.398	6.572	-18.442	0.085	-0.345	0.069	1047	-0.338	0.888	-0.356	-1.376	0.630	1.046	-1.358	
-2.735	0.201	2.965	559.515	-250.284	41.050	0.622	59.353	6.763	-18.731	0.183	-0.206	0.105	1053	-0.338	0.886	-0.355	-1.376	0.630	1.049	-1.358	
-2.734	0.202	2.964	559.810	-249.173	42.791	0.657	59.620	6.495	-19.025	0.128	-0.203	0.121	1059	-0.338	0.883	-0.355	-1.376	0.630	1.052	-1.357	
-2.734	0.203	2.962	560.004	-248.355	44.021	0.315	59.458	6.191	-18.872	0.046	-0.146	0.095	1065	-0.337	0.881	-0.355	-1.376	0.630	1.055	-1.357	
-2.733	0.205	2.960	560.271	-247.224	45.728	0.212	58.851	6.285	-18.634	0.039	-0.357	0.089	1072	-0.337	0.879	-0.354	-1.376	0.630	1.058	-1.357	
-2.732	0.206	2.959	560.511	-246.257	47.211	0.333	58.301	6.489	-18.343	-0.052	-0.490	0.052	1077	-0.336	0.877	-0.354	-1.376	0.630	1.061	-1.357	
-2.731	0.207	2.957	560.825	-245.138	48.986	0.393	57.836	6.443	-18.212	0.107	-0.447	0.101	1085	-0.336	0.874	-0.354	-1.376	0.630	1.064	-1.356	
-2.731	0.208	2.956	561.073	-244.346	50.290	0.199	57.730	6.463	-18.575	0.010	-0.783	0.089	1090	-0.335	0.872	-0.353	-1.376	0.630	1.067	-1.356	
-2.730	0.210	2.955	561.449	-243.257	52.156	0.122	58.000	6.428	-18.374	0.041	-0.180	0.104	1097	-0.335	0.869	-0.353	-1.376	0.630	1.070	-1.355	
-2.729	0.211	2.954	561.737	-242.473	53.523	-0.003	58.927	6.237	-18.817	-0.033	-0.552	0.089	1102	-0.334	0.867	-0.353	-1.376	0.630	1.072	-1.355	
-2.728	0.212	2.952	562.152	-241.378	55.449	0.027	59.463	6.135	-19.453	-0.073	-0.431	0.115	1109	-0.334	0.864	-0.352	-1.376	0.630	1.075	-1.355	
-2.728	0.214	2.951	562.431	-240.595	56.799	0.702	60.091	6.263	-19.153	-0.174	-0.401	0.128	1114	-0.333	0.862	-0.352	-1.376	0.630	1.078	-1.354	
-2.727	0.215	2.950	562.803	-239.496	58.657	1.122	58.717	6.866	-19.235	0.007	-0.692	0.153	1121	-0.333	0.859	-0.352	-1.376	0.630	1.080	-1.353	
-2.727	0.216	2.949	563.089	-238.691	59.983	0.774	57.522	6.649	-19.010	0.053	-0.741	0.195	1126	-0.332	0.857	-0.351	-1.376	0.630	1.083	-1.353	
-2.726	0.218	2.948	563.530	-237.536	61.882	0.315	57.049	6.030	-18.693	0.011	-0.580	0.220	1133	-0.332	0.854	-0.351	-1.376	0.630	1.086	-1.352	
-2.725	0.220	2.946	564.306	-235.777	65.020	0.345	56.899	6.176	-18.956	0.031	-0.755	0.222	1144	-0.330	0.849	-0.350	-1.376	0.630	1.091	-1.351	
-2.724	0.222	2.945	564.775	-234.819	66.798	0.292	58.504	6.458	-19.476	0.154	-0.705	0.243	1150	-0.330	0.846	-0.350	-1.376	0.630	1.093	-1.350	
-2.724	0.224	2.944	565.328	-233.708	68.876	1.116	59.565	6.592	-19.643	0.049	-0.384	0.233	1157	-0.329	0.843	-0.349	-1.376	0.630	1.096	-1.349	
-2.723	0.226	2.943	565.926	-232.392	71.181	0.979	59.474	6.495	-19.481	0.000	-0.581	0.221	1163	-0.328	0.841	-0.349	-1.376	0.630	1.098	-1.348	
-2.723	0.227	2.942	566.392	-231.348	72.878	0.430	58.006	5.847	-19.250	-0.165	-0.433	0.225	1171	-0.327	0.837	-0.348	-1.376	0.630	1.101	-1.347	
-2.722	0.229	2.941	566.957	-230.152	74.886	0.352	56.578	6.031	-18.591	-0.046	-0.218	0.278	1176	-0.326	0.834	-0.348	-1.376	0.630	1.104	-1.345	
-2.722	0.231	2.940	567.671	-228.812	77.292	1.086	56.738	6.462	-18.873	-0.026	-0.368	0.299	1185	-0.326	0.831	-0.347	-1.376	0.630	1.107	-1.344	
-2.721	0.234	2.939	568.669	-227.158	80.443	0.718	59.620	5.987	-19.991	-0.214	-0.427	0.285	1196	-0.324	0.825	-0.346	-1.376	0.630	1.111	-1.341	
-2.721	0.237	2.939	569.680	-225.392	83.508	0.757	59.522	5.954	-20.350	-0.171	-0.997	0.272	1205	-0.323	0.821	-0.346	-1.376	0.630	1.114	-1.339	
-2.721	0.238	2.938	570.363	-224.161	85.573	0.815	57.000	6.229	-20.112	-0.109	-0.761	0.278	1211	-0.322	0.818	-0.345	-1.376	0.630	1.115	-1.338	
-2.720	0.240	2.937	570.979	-223.074	87.367	0.746	56.674	5.723	-18.961	-0.258	-0.442	0.258	1218	-0.321	0.815	-0.344	-1.376	0.630	1.118	-1.336	
-2.720	0.242	2.937	571.759	-221.827	89.552	0.454	55.554	5.457	-18.669	-0.193	-0.639	0.278	1224	-0.320	0.811	-0.344	-1.376	0.630	1.120	-1.334	
-2.720	0.244	2.937	572.604	-220.613	91.837	0.558	58.320	5.935	-19.895	-0.129	-0.824	0.303	1232	-0.319	0.808	-0.343	-1.376	0.630	1.122	-1.332	
-2.720	0.247	2.937	573.850	-218.896	95.119	0.505	59.613	5.748	-20.629	-0.268	-0.518	0.323	1242	-0.317	0.803	-0.342	-1.376	0.630	1.124	-1.329	
-2.720	0.249	2.937	574.671	-217.677	97.297	0.932	58.715	5.950	-20.132	-0.392	-0.619	0.318	1249	-0.315	0.799	-0.341	-1.376	0.630	1.126	-1.326	
-2.721	0.251	2.936	575.523	-216.455	99.425	0.669	56.235	5.648	-19.690	-0.354	-0.782	0.275	1256	-0.314	0.796	-0.341	-1.376	0.630	1.128	-1.324	
-2.721	0.253	2.936	576.427	-215.224	101.617	0.632	54.224	5.633	-19.690	-0.344	-0.680	0.242	1263	-0.313	0.792	-0.340	-1.376	0.630	1.129	-1.321	
-2.721	0.255	2.937	577.252	-214.195	103.593	1.137	55.913	5.596	-19.383	-0.283	-0.777	0.294	1269	-0.312	0.789	-0.340	-1.376	0.630	1.130	-1.319	
-2.721	0.257	2.937	578.285	-213.013	105.977	0.879	58.386	5.482	-20.426	-0.243	-0.587	0.324	1277	-0.311	0.786	-0.339	-1.376	0.630	1.132	-1.316	
-2.722	0.259	2.937	579.155	-211.972	107.961	1.569	59.191	5.724	-20.975	-0.403	-0.896	0.291	1282	-0.309	0.782	-0.338	-1.376	0.630	1.133	-1.314	
-2.722	0.261	2.938	580.280	-210.575	110.478	1.485	57.994	6.074	-20.375	-0.157	-0.601	0.264	1291	-0.308	0.778	-0.338	-1.376	0.630	1.134	-1.310	
-2.723	0.263	2.938	581.317	-209.310	112.673	0.788	55.026	5.325	-20.131	-0.388	-0.564	0.264	1296	-0.306	0.774	-0.337	-1.376	0.630	1.135	-1.307	
-2.723	0.265	2.939	582.091	-208.405	114.297	0.944	53.765	5.317	-19.903	-0.327	-0.666	0.244	1303	-0.305	0.772	-0.336	-1.376	0.630	1.135	-1.305	
-2.724	0.268	2.939	583.401	-206.991	117.039	1.413	56.046	5.897	-20.083	-0.202	-0.787	0.247	1309	-0.303	0.768	-0.336	-1.376	0.630	1.136	-1.301	
-2.724	0.270	2.940	584.426	-205.915	119.129	1.104	59.015	5.411	-21.094	-0.502	-0.613	0.115	1316	-0.302	0.764	-0.335	-1.376	0.630	1.136	-1.298	
-2.724	0.272	2.941	585.425	-204.794	121.128	0.562	59.322	5.276	-20.949	-0.391	-0.761	0.157	1323	-0.300	0.761	-0.334	-1.376	0.630	1.137	-1.295	
-2.725	0.274	2.942	586.401	-203.676	123.047	0.296	56.809	5.316	-20.986	-0.431	-0.641	0.138	1329	-0.298	0.757	-0.334	-1.376	0.630	1.137	-1.292	
-2.726	0.277	2.943	588.040	-201.844	126.247	0.511	53.876	5.348	-20.557	-0.350	-0.421	0.128	1336	-0.296	0.753	-0.333	-1.376	0.630	1.138	-1.288	
-2.726	0.279	2.944	589.254	-200.567	128.630	0.383	54.687	4.961	-20.353	-0.394	-0.598	0.106	1344	-0.294	0.748	-0.332	-1.376	0.629	1.138	-1.284	
-2.727	0.281	2.945	590.320	-199.518	130.740	1.187	57.030	5.509	-20.945	-0.372	-0.492	0.127	1352	-0.293	0.746	-0.332	-1.376	0.629	1.138	-1.281	
-2.727	0.283	2.947	591.365	-198.441	132.789	1.500	58.882	5.442	-21.427	-0.357	-0.489	0.058	1357	-0.291	0.742	-0.331	-1.376	0.629	1.138	-1.277	
-2.727	0.285	2.948	592.388	-197.290	134.747	1.893	57.869	5.398	-21.279	-0.494	-0.543	0.088	1364	-0.289	0.739	-0.330	-1.376	0.629	1.138	-1.275	
-2.728	0.287	2.949	593.735	-195.695	137.305	1.778	54.944	5.251	-20.829	-0.407	-0.433	0.028	1372	-0.287	0.735	-0.329	-1.376	0.628	1.138	-1.270	
-2.728	0.289	2.950	594.596	-194.664	138.953	2.084	52.705	5.361	-20.438	-0.403	-0.356	-0.094	1377	-0.285	0.731	-0.329	-1.376	0.628	1.138	-1.267	
-2.728	0.291	2.951	595.677	-193.381	141.037	1.241	54.325	4.852	-20.553	-0.383	-0.566	-0.086	1383	-0.283	0.728	-0.328	-1.376	0.628	1.138	-1.264	
-2.728	0.293	2.952	596.783	-192.076	143.177	0.739	57.897	4.482	-21.515	-0.673	-0.573	0.124	1389	-0.281	0.725	-0.327	-1.376	0.627	1.138	-1.261	
-2.728	0.295	2.953	597.834	-190.780	145.245	0.247	58.320	4.398	-21.681	-0.596	-0.741	0.071	1395	-0.279	0.721	-0.327	-1.376	0.627	1.138	-1.258	
-2.728	0.297	2.954	598.843	-189.476	147.226	-0.074	56.620	4.340	-21.444	-0.573	-0.791	-0.132	1401	-0.277	0.718	-0.326	-1.376	0.627	1.138	-1.255	
-2.728	0.299	2.956	599.981	-187.997	149.496	0.491	54.023	4.782	-20.944	-0.430	-0.528	-0.027	1407	-0.275	0.715	-0.326	-1.376	0.626	1.138	-1.251	
-2.728	0.301	2.957	600.966	-186.749	151.501	0.948	52.996	4.630	-20.557	-0.453	-0.451	-0.068	1413	-0.273	0.711	-0.325	-1.376	0.625	1.138	-1.248	
-2.728	0.303	2.959	602.161	-185.295	153.956	0.940	55.601	4.357	-21.034	-0.496	-0.583	-0.070	1421	-0.270	0.707	-0.324	-1.376	0.625	1.138	-1.244	
-2.728	0.306	2.961	603.520	-183.659	156.733	1.308	58.284	4.459	-21.529	-0.606	-0.566	-0.064	1427	-0.269	0.704	-0.324	-1.376	0.624	1.137	-1.241	
-2.727	0.310	2.964	605.867	-180.721	161.253	1.293	53.036	4.184	-21.404	-0.587	-0.315	-0.106	1435	-0.264	0.697	-0.323	-1.376	0.623	1.137	-1.234	
-2.726	0.313	2.968	607.932	-178.108	165.257	-0.138	52.919	3.534	-21.479	-0.499	-0.209	-0.166	1451	-0.259	0.691	-0.322	-1.376	0.622	1.136	-1.228	
-2.726	0.315	2.969	608.948	-176.883	167.371	-0.011	56.527	3.892	-22.271	-0.610	-0.119	-0.051	1461	-0.256	0.685	-0.321	-1.376	0.620	1.135	-1.223	
-2.725	0.317	2.972	610.077	-175.481	169.764	0.890	57.543	4.504	-21.760	-0.635	-0.161	-0.100	1468	-0.253	0.681	-0.321	-1.376	0.619	1.134	-1.220	
-2.724	0.319	2.974	611.006	-174.259	171.727	1.321	55.694	4.873	-21.794	-0.595	-0.105	-0.139	1474	-0.251	0.678	-0.321	-1.376	0.619	1.134	-1.217	
-2.724	0.321	2.976	612.069	-172.788	173.978	1.683	53.074	4.529	-21.436	-0.555	0.016	-0.103	1481	-0.248	0.674	-0.320	-1.376	0.618	1.133	-1.213	
-2.722	0.323	2.978	613.301	-171.037	176.657	1.762	53.277	4.499	-21.238	-0.401	-0.045	-0.092	1487	-0.245	0.671	-0.320	-1.376	0.617	1.133	-1.210	
-2.721	0.325	2.980	614.242	-169.674	178.734	0.907	55.984	3.801	-21.858	-0.637	-0.050	-0.098	1495	-0.242	0.666	-0.319	-1.376	0.615	1.132	-1.207	
-2.720	0.327	2.982	615.284	-168.082	181.072	-0.251	56.898	3.477	-22.396	-0.690	-0.156	-0.140	1501	-0.238	0.662	-0.319	-1.376	0.614	1.132	-1.203	
-2.719	0.328	2.984	616.109	-166.765	182.979	0.347	54.242	4.369	-22.645	-0.651	-0.014	-0.118	1508	-0.236	0.659	-0.319	-1.376	0.613	1.132	-1.200	
-2.718	0.330	2.987	617.148	-165.025	185.480	0.557	51.810	4.451	-22.085	-0.607	0.086	-0.114	1516	-0.233	0.655	-0.319	-1.376	0.611	1.131	-1.197	
-2.716	0.331	2.989	617.921	-163.691	187.430	0.764	51.844	4.081	-21.487	-0.641	0.127	-0.121	1522	-0.230	0.651	-0.318	-1.376	0.610	1.131	-1.193	
-2.715	0.333	2.991	618.832	-162.135	189.817	1.711	53.985	4.214	-22.256	-0.674	0.099	-0.105	1529	-0.226	0.647	-0.318	-1.376	0.609	1.130	-1.190	
-2.712	0.335	2.994	620.064	-159.843	193.137	1.420	57.102	3.810	-21.836	-0.894	-0.050	-0.152	1535	-0.222	0.642	-0.318	-1.376	0.607	1.130	-1.186	
-2.711	0.336	2.996	620.764	-158.420	195.008	0.519	53.477	3.462	-22.066	-0.871	0.026	-0.109	1545	-0.219	0.638	-0.318	-1.376	0.605	1.130	-1.183	
-2.708	0.338	2.999	621.746	-156.334	197.766	0.629	50.897	3.961	-22.061	-0.757	0.124	-0.133	1553	-0.215	0.634	-0.318	-1.376	0.603	1.130	-1.179	
-2.706	0.340	3.002	622.705	-154.247	200.686	0.397	51.775	4.218	-22.233	-0.545	0.171	-0.139	1560	-0.212	0.631	-0.318	-1.376	0.601	1.130	-1.176	
-2.704	0.340	3.004	623.219	-153.082	202.347	0.616	55.375	4.071	-23.120	-0.936	0.237	-0.178	1568	-0.208	0.626	-0.318	-1.376	0.599	1.130	-1.173	
-2.702	0.342	3.007	623.966	-151.209	204.883	0.710	55.813	4.166	-22.786	-0.513	0.235	-0.160	1575	-0.204	0.622	-0.318	-1.377	0.597	1.130	-1.170	
-2.700	0.342	3.009	624.398	-150.017	206.386	0.022	53.653	2.927	-22.833	-0.834	0.233	-0.150	1581	-0.201	0.619	-0.318	-1.377	0.596	1.130	-1.167	
-2.697	0.344	3.012	625.122	-147.922	209.044	0.680	50.920	3.581	-22.001	-0.796	0.232	-0.127	1589	-0.197	0.615	-0.318	-1.377	0.593	1.130	-1.164	
-2.694	0.345	3.015	625.853	-145.890	211.857	1.700	52.083	4.704	-22.443	-0.455	0.240	-0.119	1596	-0.193	0.610	-0.318	-1.377	0.590	1.130	-1.160	
-2.692	0.346	3.017	626.357	-144.464	213.767	1.063	54.780	4.198	-23.496	-0.505	0.207	-0.093	1605	-0.189	0.606	-0.318	-1.377	0.588	1.130	-1.157	
-2.689	0.346	3.020	626.975	-142.498	216.168	0.823	54.814	4.520	-23.070	-0.676	0.201	-0.105	1613	-0.185	0.602	-0.318	-1.377	0.586	1.130	-1.154	
-2.685	0.347	3.023	627.529	-140.491	218.425	-0.387	51.861	3.278	-23.056	-0.926	0.223	-0.048	1619	-0.182	0.599	-0.318	-1.377	0.584	1.130	-1.152	
-2.683	0.348	3.025	627.842	-139.255	219.830	-0.390	50.065	2.958	-22.783	-0.715	0.150	-0.085	1626	-0.178	0.595	-0.318	-1.377	0.581	1.130	-1.149	
-2.679	0.348	3.029	628.508	-136.686	223.103	1.422	52.176	4.788	-22.652	-0.800	0.167	-0.124	1632	-0.175	0.592	-0.318	-1.377	0.579	1.130	-1.147	
-2.675	0.349	3.032	628.977	-134.751	225.489	1.414	55.208	4.709	-23.435	-0.838	0.130	-0.077	1643	-0.169	0.586	-0.318	-1.378	0.575	1.130	-1.142	
-2.673	0.349	3.034	629.283	-133.231	227.138	0.827	55.034	4.258	-23.193	-0.606	0.208	0.016	1651	-0.165	0.583	-0.319	-1.378	0.572	1.130	-1.140	
-2.670	0.349	3.037	629.597	-131.425	228.949	-0.509	52.227	2.454	-23.576	-0.788	0.193	0.029	1657	-0.161	0.579	-0.319	-1.378	0.569	1.130	-1.137	
-2.667	0.349	3.039	629.813	-129.954	230.480	0.407	49.256	3.391	-22.673	-0.622	0.161	0.047	1664	-0.158	0.576	-0.319	-1.378	0.567	1.130	-1.134	
-2.664	0.349	3.041	630.058	-128.327	232.362	1.261	49.709	4.705	-22.369	-0.704	0.208	0.065	1671	-0.154	0.572	-0.319	-1.378	0.564	1.131	-1.132	
-2.661	0.350	3.044	630.284	-126.886	234.049	1.196	53.524	4.538	-23.608	-0.610	0.174	0.153	1677	-0.150	0.569	-0.319	-1.378	0.561	1.131	-1.129	
-2.657	0.350	3.047	630.571	-124.589	236.449	-0.130	53.379	3.146	-23.754	-0.571	0.004	0.145	1686	-0.145	0.565	-0.319	-1.379	0.557	1.131	-1.125	
-2.652	0.349	3.051	630.793	-121.773	239.081	-0.440	50.896	2.668	-23.394	-0.872	0.087	0.137	1696	-0.140	0.560	-0.319	-1.379	0.553	1.132	-1.121	
-2.649	0.349	3.053	630.892	-119.893	240.969	1.278	49.130	4.396	-22.490	-0.604	0.183	0.263	1702	-0.136	0.557	-0.320	-1.379	0.550	1.132	-1.119	
-2.646	0.348	3.056	631.010	-118.239	242.727	1.246	51.319	4.618	-23.125	-0.657	0.204	0.235	1712	-0.131	0.553	-0.320	-1.380	0.546	1.132	-1.115	
-2.643	0.348	3.059	631.161	-116.248	244.746	0.043	53.008	3.950	-24.008	-0.549	0.122	0.302	1720	-0.126	0.548	-0.320	-1.380	0.542	1.132	-1.111	
-2.640	0.347	3.061	631.230	-114.740	246.139	-1.543	52.782	2.185	-24.361	-0.882	-0.086	0.318	1726	-0.123	0.546	-0.320	-1.380	0.539	1.133	-1.108	
-2.636	0.346	3.065	631.222	-112.275	248.449	1.752	49.513	4.652	-22.776	-0.571	0.206	0.354	1733	-0.118	0.543	-0.321	-1.380	0.535	1.133	-1.105	
-2.633	0.345	3.068	631.201	-110.309	250.360	1.641	48.849	4.522	-22.685	-0.074	0.180	0.404	1746	-0.111	0.537	-0.321	-1.381	0.529	1.133	-1.099	
-2.631	0.344	3.071	631.231	-108.659	251.939	0.637	49.720	3.973	-23.157	-0.127	0.115	0.464	1752	-0.108	0.535	-0.321	-1.381	0.526	1.133	-1.095	
-2.629	0.343	3.073	631.261	-107.233	253.305	-1.296	51.379	2.931	-23.900	-0.261	-0.043	0.532	1759	-0.103	0.531	-0.322	-1.381	0.523	1.133	-1.091	
-2.627	0.342	3.075	631.261	-105.666	254.813	-1.046	52.197	2.920	-24.166	-0.401	-0.137	0.554	1765	-0.099	0.528	-0.322	-1.382	0.518	1.133	-1.087	
-2.625	0.341	3.078	631.214	-104.234	256.187	1.407	50.710	4.857	-23.700	-0.138	-0.019	0.596	1772	-0.095	0.525	-0.322	-1.382	0.515	1.134	-1.083	
-2.624	0.340	3.080	631.171	-102.748	257.508	1.670	49.365	4.917	-23.500	0.044	0.181	0.594	1780	-0.091	0.522	-0.323	-1.382	0.511	1.134	-1.079	
-2.623	0.339	3.082	631.147	-101.367	258.654	0.266	48.642	3.727	-22.891	-0.193	0.227	0.550	1786	-0.087	0.520	-0.323	-1.383	0.508	1.134	-1.074	
-2.622	0.338	3.084	631.144	-99.738	260.052	-1.824	49.052	2.182	-22.816	-0.404	0.147	0.641	1793	-0.083	0.517	-0.323	-1.383	0.504	1.134	-1.069	
-2.621	0.337	3.086	631.131	-98.070	261.691	-0.562	50.245	3.411	-23.348	-0.314	0.113	0.699	1799	-0.079	0.514	-0.324	-1.383	0.501	1.134	-1.065	
-2.620	0.336	3.088	631.100	-96.900	262.896	1.343	51.212	4.831	-24.291	0.018	-0.004	0.664	1807	-0.074	0.511	-0.324	-1.383	0.496	1.133	-1.059	
-2.620	0.335	3.090	631.047	-95.412	264.192	1.172	51.213	4.691	-24.272	0.095	0.150	0.627	1813	-0.070	0.508	-0.325	-1.384	0.493	1.133	-1.053	
-2.620	0.334	3.091	631.002	-94.290	265.063	0.617	49.495	4.148	-24.067	-0.211	0.341	0.621	1819	-0.067	0.506	-0.325	-1.384	0.490	1.133	-1.049	
-2.620	0.333	3.093	630.924	-92.693	266.251	-1.200	48.390	2.633	-23.718	-0.180	0.027	0.702	1825	-0.063	0.503	-0.325	-1.384	0.486	1.134	-1.043	
-2.620	0.332	3.094	630.854	-91.413	267.287	-0.504	48.790	3.101	-23.262	-0.251	-0.042	0.732	1832	-0.060	0.502	-0.325	-1.384	0.484	1.133	-1.039	
-2.621	0.330	3.096	630.754	-89.835	268.702	1.371	49.366	4.768	-23.306	0.258	0.236	0.690	1840	-0.055	0.498	-0.326	-1.385	0.479	1.133	-1.031	
-2.622	0.329	3.098	630.689	-88.579	269.757	1.207	48.927	4.781	-24.065	0.320	0.493	0.688	1846	-0.052	0.496	-0.326	-1.385	0.476	1.133	-1.026	
-2.623	0.328	3.099	630.618	-86.984	270.960	-0.450	48.847	3.705	-24.300	-0.004	0.394	0.501	1853	-0.047	0.493	-0.326	-1.385	0.472	1.133	-1.018	
-2.625	0.327	3.101	630.517	-85.184	272.304	-1.918	49.561	2.122	-23.991	-0.367	0.294	0.529	1859	-0.043	0.491	-0.327	-1.386	0.468	1.133	-1.012	
-2.626	0.325	3.102	630.385	-83.804	273.432	1.098	50.088	4.583	-23.399	0.028	0.332	0.424	1867	-0.038	0.488	-0.327	-1.386	0.464	1.133	-1.004	
-2.629	0.324	3.103	630.215	-82.232	274.650	1.628	48.928	5.154	-23.510	-0.065	0.620	0.611	1876	-0.034	0.485	-0.328	-1.386	0.460	1.133	-0.995	
-2.630	0.323	3.104	630.090	-80.905	275.530	0.402	48.037	4.107	-24.144	-0.119	0.614	0.676	1882	-0.029	0.483	-0.328	-1.387	0.456	1.134	-0.988	
-2.633	0.321	3.105	629.921	-79.076	276.677	-1.305	48.221	2.720	-24.155	-0.004	0.261	0.351	1890	-0.025	0.481	-0.328	-1.387	0.452	1.134	-0.980	
-2.635	0.319	3.106	629.745	-77.557	277.678	-1.397	47.982	2.594	-23.662	-0.114	0.461	0.428	1895	-0.022	0.479	-0.328	-1.387	0.449	1.134	-0.973	
-2.638	0.318	3.107	629.537	-76.164	278.692	0.887	47.842	4.862	-23.870	0.245	0.751	0.341	1904	-0.016	0.476	-0.329	-1.388	0.444	1.134	-0.962	
-2.641	0.316	3.108	629.264	-74.507	279.829	1.178	47.975	4.979	-24.543	0.232	0.476	0.148	1911	-0.012	0.473	-0.329	-1.388	0.440	1.134	-0.954	
-2.644	0.315	3.108	629.035	-73.142	280.647	0.003	48.398	3.754	-24.035	0.097	0.453	0.310	1918	-0.008	0.471	-0.330	-1.389	0.436	1.134	-0.946	
-2.647	0.313	3.109	628.724	-71.501	281.551	-1.351	48.593	2.399	-24.105	-0.246	0.540	0.133	1925	-0.004	0.469	-0.330	-1.389	0.433	1.135	-0.938	
-2.650	0.311	3.109	628.321	-69.758	282.531	0.663	48.620	4.225	-23.674	-0.113	0.506	0.304	1931	-0.000	0.467	-0.330	-1.389	0.429	1.135	-0.930	
-2.656	0.308	3.109	627.673	-67.063	283.900	1.204	47.906	5.018	-24.261	0.122	0.676	0.329	1940	0.006	0.464	-0.330	-1.390	0.424	1.136	-0.917	
-2.659	0.306	3.109	627.317	-65.560	284.531	-0.059	46.913	3.993	-23.979	-0.001	0.791	0.094	1951	0.011	0.461	-0.331	-1.390	0.419	1.137	-0.906	
-2.662	0.304	3.109	626.770	-63.524	285.367	-1.903	46.307	2.361	-24.268	-0.470	0.689	0.032	1957	0.016	0.459	-0.331	-1.391	0.414	1.138	-0.896	
-2.665	0.302	3.109	626.315	-62.112	286.006	0.444	47.037	4.418	-24.158	0.038	0.680	0.082	1964	0.020	0.457	-0.331	-1.391	0.411	1.139	-0.888	
-2.670	0.300	3.109	625.565	-60.045	286.951	1.836	47.168	5.492	-24.323	0.381	0.688	0.133	1974	0.025	0.454	-0.331	-1.392	0.406	1.140	-0.876	
-2.673	0.297	3.108	624.946	-58.244	287.638	1.497	47.746	4.878	-24.179	0.208	0.599	0.139	1979	0.029	0.453	-0.331	-1.392	0.403	1.141	-0.869	
-2.675	0.296	3.108	624.482	-56.879	288.088	-0.114	48.119	3.658	-24.451	0.077	0.741	0.087	1986	0.033	0.451	-0.331	-1.393	0.399	1.142	-0.860	
-2.679	0.292	3.107	623.574	-54.474	288.807	-0.671	48.332	3.102	-24.090	-0.264	0.613	-0.051	1992	0.038	0.449	-0.331	-1.394	0.394	1.144	-0.849	
-2.682	0.290	3.107	623.045	-53.208	289.166	1.593	47.640	5.063	-23.733	0.112	0.635	-0.141	2000	0.042	0.447	-0.331	-1.394	0.391	1.145	-0.842	
-2.685	0.287	3.106	622.153	-51.064	289.678	1.579	46.843	4.941	-24.842	0.129	0.713	-0.128	2008	0.047	0.445	-0.331	-1.395	0.387	1.147	-0.832	
-2.687	0.285	3.106	621.574	-49.634	289.972	0.323	46.028	4.225	-24.954	-0.035	0.739	-0.241	2013	0.050	0.444	-0.331	-1.395	0.384	1.148	-0.825	
-2.691	0.282	3.105	620.544	-47.280	290.396	-1.667	45.835	2.499	-24.884	-0.344	0.974	-0.091	2021	0.055	0.442	-0.331	-1.396	0.379	1.150	-0.815	
-2.693	0.279	3.104	619.699	-45.590	290.703	-0.832	46.276	3.082	-24.207	-0.327	0.881	-0.181	2027	0.058	0.441	-0.331	-1.396	0.377	1.152	-0.809	
-2.697	0.274	3.103	618.188	-42.939	291.183	1.785	47.146	5.081	-24.693	-0.064	0.999	-0.235	2035	0.063	0.439	-0.331	-1.397	0.372	1.154	-0.799	
-2.700	0.270	3.102	616.898	-40.627	291.473	1.489	46.594	4.638	-24.343	0.049	0.479	-0.257	2045	0.069	0.436	-0.330	-1.398	0.366	1.157	-0.786	
-2.702	0.267	3.101	616.048	-39.108	291.623	-1.277	45.890	2.653	-24.684	0.227	0.517	-0.135	2050	0.073	0.435	-0.330	-1.399	0.363	1.160	-0.779	
-2.705	0.263	3.100	614.824	-37.057	291.825	-1.347	46.663	2.212	-23.963	-0.284	0.673	0.040	2057	0.077	0.434	-0.330	-1.400	0.359	1.162	-0.771	
-2.707	0.261	3.099	613.920	-35.692	291.952	1.300	47.089	4.473	-23.716	0.062	0.567	-0.144	2062	0.081	0.432	-0.330	-1.400	0.356	1.164	-0.764	
-2.709	0.257	3.098	612.824	-34.035	292.072	2.191	47.115	5.132	-24.501	0.342	0.360	-0.229	2068	0.084	0.431	-0.330	-1.401	0.352	1.166	-0.757	
-2.711	0.254	3.098	611.905	-32.546	292.136	1.605	46.683	4.730	-24.896	0.320	0.611	0.016	2073	0.088	0.430	-0.330	-1.401	0.350	1.168	-0.751	
-2.712	0.250	3.097	610.751	-30.675	292.156	0.094	46.018	3.845	-24.476	0.261	0.601	-0.055	2079	0.091	0.429	-0.329	-1.402	0.346	1.171	-0.743	
-2.714	0.248	3.096	609.961	-29.414	292.153	-1.487	45.477	2.521	-24.467	0.178	0.599	0.065	2084	0.094	0.428	-0.329	-1.403	0.344	1.172	-0.738	
-2.716	0.243	3.095	608.550	-27.325	292.163	-1.258	46.024	2.290	-24.172	0.114	0.430	-0.114	2088	0.097	0.427	-0.329	-1.403	0.341	1.175	-0.732	
-2.718	0.241	3.094	607.729	-26.199	292.159	0.866	46.280	4.151	-24.177	0.184	0.398	-0.136	2095	0.101	0.426	-0.329	-1.404	0.337	1.177	-0.725	
-2.720	0.236	3.093	606.272	-24.165	292.123	1.946	46.658	5.060	-24.474	0.404	0.302	-0.181	2099	0.104	0.425	-0.328	-1.405	0.334	1.179	-0.719	
-2.721	0.233	3.093	605.432	-22.928	292.077	1.832	46.731	4.950	-24.572	0.361	0.636	0.083	2105	0.108	0.424	-0.328	-1.405	0.331	1.182	-0.711	
-2.722	0.231	3.092	604.570	-21.646	292.007	-0.573	45.862	3.279	-24.665	0.161	0.396	-0.108	2109	0.111	0.424	-0.328	-1.406	0.329	1.184	-0.706	
-2.724	0.226	3.091	603.237	-19.726	291.870	-1.734	45.715	1.961	-24.408	0.326	0.532	0.067	2116	0.115	0.423	-0.327	-1.407	0.325	1.187	-0.699	
-2.725	0.224	3.090	602.334	-18.518	291.777	-1.453	45.339	2.045	-24.574	-0.125	0.501	-0.177	2120	0.117	0.422	-0.327	-1.407	0.323	1.188	-0.694	
-2.727	0.219	3.089	600.950	-16.795	291.629	1.040	45.957	4.350	-24.034	0.209	0.284	-0.081	2124	0.120	0.422	-0.327	-1.408	0.320	1.190	-0.689	
-2.729	0.216	3.089	600.019	-15.612	291.518	1.752	46.042	5.086	-24.287	0.680	0.384	-0.189	2129	0.124	0.421	-0.327	-1.409	0.317	1.193	-0.682	
-2.730	0.213	3.088	599.083	-14.357	291.396	1.475	46.188	4.721	-24.519	0.442	0.404	-0.242	2133	0.126	0.420	-0.326	-1.409	0.315	1.195	-0.677	
-2.732	0.208	3.087	597.407	-12.057	291.137	0.016	45.741	3.675	-24.425	0.601	0.281	-0.123	2141	0.131	0.419	-0.326	-1.410	0.311	1.199	-0.669	
-2.733	0.205	3.086	596.432	-10.727	290.976	-1.238	45.156	2.499	-24.284	0.775	0.312	-0.065	2145	0.134	0.419	-0.325	-1.411	0.308	1.201	-0.664	
-2.734	0.201	3.085	594.964	-8.823	290.743	-1.098	45.464	2.094	-24.283	0.217	0.374	0.115	2149	0.138	0.418	-0.325	-1.412	0.305	1.204	-0.657	
-2.736	0.197	3.084	593.965	-7.614	290.574	0.522	45.750	3.525	-23.927	0.592	0.136	-0.121	2155	0.140	0.417	-0.325	-1.412	0.303	1.206	-0.652	
-2.737	0.194	3.084	592.971	-6.393	290.400	1.963	46.045	5.273	-24.486	0.698	0.479	-0.145	2159	0.143	0.417	-0.324	-1.413	0.301	1.208	-0.647	
-2.738	0.190	3.083	591.465	-4.441	290.125	2.028	46.483	5.317	-24.649	0.722	0.212	-0.138	2164	0.147	0.416	-0.324	-1.414	0.297	1.211	-0.640	
-2.739	0.186	3.082	590.436	-3.067	289.903	1.120	45.862	4.545	-24.474	0.852	0.401	-0.097	2168	0.150	0.416	-0.323	-1.414	0.295	1.213	-0.635	
-2.740	0.182	3.081	588.880	-0.969	289.548	-2.269	45.343	1.718	-24.653	0.224	0.226	-0.055	2172	0.154	0.415	-0.323	-1.415	0.292	1.216	-0.628	
-2.742	0.178	3.080	587.564	0.689	289.255	-1.602	45.480	1.838	-24.697	0.607	0.103	-0.112	2179	0.157	0.415	-0.322	-1.416	0.289	1.219	-0.622	
-2.743	0.173	3.079	585.973	2.561	288.887	1.977	45.891	5.067	-23.652	0.766	0.151	-0.144	2183	0.160	0.414	-0.322	-1.417	0.287	1.221	-0.618	
-2.746	0.163	3.077	582.757	6.620	288.070	0.401	45.737	3.909	-24.276	0.778	0.503	-0.200	2195	0.168	0.413	-0.321	-1.419	0.281	1.227	-0.604	
-2.747	0.159	3.076	581.387	8.409	287.694	-1.417	45.190	2.331	-24.869	1.054	0.052	0.060	2202	0.173	0.413	-0.320	-1.420	0.277	1.231	-0.595	
-2.748	0.155	3.075	580.281	9.797	287.384	-1.606	44.898	1.689	-23.933	0.746	0.057	0.177	2207	0.175	0.412	-0.319	-1.421	0.276	1.233	-0.591	
-2.749	0.150	3.074	578.634	11.762	286.930	0.075	45.121	3.392	-23.830	0.651	-0.038	-0.251	2212	0.179	0.412	-0.319	-1.422	0.273	1.236	-0.584	
-2.751	0.146	3.073	577.265	13.397	286.551	2.065	45.479	5.318	-24.009	1.376	-0.196	0.086	2217	0.182	0.412	-0.318	-1.422	0.271	1.238	-0.579	
-2.752	0.141	3.072	575.651	15.501	286.075	1.944	45.885	5.195	-23.846	0.952	0.159	-0.179	2223	0.187	0.411	-0.318	-1.423	0.267	1.242	-0.571	
-2.753	0.137	3.072	574.285	17.360	285.653	-0.445	45.532	3.161	-24.450	1.084	-0.172	-0.129	2228	0.190	0.411	-0.317	-1.424	0.266	1.244	-0.566	
-2.755	0.129	3.070	571.839	20.600	284.860	-0.812	44.820	2.834	-24.044	0.921	-0.148	0.086	2233	0.195	0.411	-0.316	-1.425	0.262	1.248	-0.558	
-2.756	0.125	3.069	570.483	22.291	284.417	1.821	45.458	5.096	-23.716	1.536	0.038	0.161	2242	0.200	0.411	-0.315	-1.427	0.259	1.252	-0.549	
-2.758	0.120	3.068	568.877	24.438	283.886	1.813	45.385	5.345	-23.821	1.383	0.065	-0.255	2248	0.204	0.411	-0.314	-1.428	0.257	1.255	-0.542	
-2.759	0.116	3.067	567.531	26.347	283.427	0.218	45.765	3.605	-24.026	1.255	-0.151	0.002	2253	0.207	0.411	-0.314	-1.429	0.255	1.256	-0.537	
-2.760	0.111	3.066	565.914	28.696	282.850	-2.054	45.281	2.167	-24.135	1.120	-0.107	-0.058	2259	0.212	0.410	-0.313	-1.430	0.252	1.260	-0.529	
-2.761	0.107	3.065	564.562	30.586	282.355	-2.494	44.875	1.556	-24.176	0.666	-0.010	0.232	2264	0.215	0.410	-0.312	-1.431	0.250	1.262	-0.523	
-2.762	0.103	3.064	562.936	32.733	281.763	0.706	44.984	3.759	-23.619	1.197	0.136	-0.050	2269	0.219	0.410	-0.311	-1.432	0.248	1.265	-0.516	
-2.764	0.098	3.063	561.574	34.569	281.267	1.575	45.004	5.224	-23.951	1.424	0.009	0.109	2275	0.222	0.410	-0.310	-1.433	0.247	1.267	-0.511	
-2.765	0.094	3.062	559.930	36.923	280.675	1.332	45.506	4.370	-24.134	0.968	-0.340	0.107	2280	0.225	0.410	-0.310	-1.433	0.245	1.269	-0.506	
-2.765	0.090	3.061	558.825	38.540	280.266	-1.152	45.413	2.682	-24.157	1.166	-0.053	-0.246	2285	0.229	0.410	-0.309	-1.435	0.243	1.272	-0.499	
-2.766	0.087	3.060	557.453	40.529	279.761	-2.945	45.516	1.093	-24.755	0.848	-0.142	-0.009	2290	0.232	0.410	-0.308	-1.435	0.242	1.274	-0.495	
-2.768	0.082	3.059	555.802	42.744	279.140	-0.499	45.379	2.911	-24.117	0.810	-0.339	-0.289	2296	0.237	0.411	-0.307	-1.437	0.240	1.277	-0.487	
-2.769	0.078	3.058	554.437	44.538	278.611	1.471	44.946	5.169	-23.324	1.557	-0.331	-0.137	2301	0.240	0.411	-0.306	-1.438	0.239	1.279	-0.481	
-2.770	0.073	3.057	552.826	46.815	277.991	1.278	45.204	4.426	-23.570	1.152	-0.415	-0.290	2307	0.244	0.411	-0.305	-1.439	0.237	1.282	-0.474	
-2.771	0.069	3.056	551.225	49.202	277.366	-0.762	44.630	2.303	-23.289	0.897	-0.380	0.010	2313	0.248	0.411	-0.304	-1.440	0.235	1.284	-0.468	
-2.773	0.064	3.055	549.387	51.957	276.635	-1.526	44.946	1.757	-23.192	0.754	-0.288	0.013	2319	0.252	0.411	-0.303	-1.441	0.234	1.287	-0.461	
-2.774	0.059	3.054	547.861	54.218	276.022	0.770	45.110	4.058	-23.281	1.395	-0.704	-0.290	2326	0.257	0.411	-0.302	-1.442	0.232	1.290	-0.453	
-2.776	0.052	3.052	545.145	58.493	274.885	0.460	45.223	3.685	-23.399	1.006	-0.317	-0.377	2333	0.262	0.411	-0.301	-1.444	0.231	1.292	-0.445	
-2.778	0.046	3.051	542.961	62.192	273.917	-1.887	44.595	1.358	-23.254	0.821	-0.616	-0.158	2345	0.270	0.412	-0.299	-1.446	0.228	1.296	-0.432	
-2.779	0.041	3.050	541.328	64.933	273.188	-0.758	44.183	2.910	-23.311	1.063	-0.607	-0.163	2352	0.274	0.412	-0.298	-1.447	0.227	1.298	-0.426	
-2.780	0.038	3.049	539.967	67.214	272.579	0.660	45.210	4.450	-23.439	1.052	-0.283	-0.168	2359	0.279	0.412	-0.296	-1.448	0.226	1.300	-0.418	
-2.782	0.032	3.048	537.974	70.862	271.663	-0.437	45.342	3.144	-23.315	1.041	-0.695	-0.333	2368	0.285	0.413	-0.295	-1.450	0.224	1.302	-0.408	
-2.783	0.029	3.047	536.676	73.324	271.021	-2.405	44.579	1.254	-23.333	0.947	-0.500	0.031	2374	0.289	0.413	-0.293	-1.451	0.224	1.304	-0.402	
-2.784	0.025	3.046	535.192	76.068	270.268	-1.213	44.021	1.918	-23.204	0.936	-0.526	0.050	2381	0.293	0.414	-0.292	-1.452	0.223	1.305	-0.396	
-2.785	0.021	3.045	533.602	79.098	269.450	0.930	44.928	4.372	-23.031	1.301	-0.650	-0.158	2387	0.297	0.414	-0.291	-1.453	0.222	1.306	-0.390	
-2.786	0.018	3.044	532.452	81.482	268.841	0.397	45.225	3.642	-23.500	1.006	-0.444	-0.188	2394	0.302	0.414	-0.290	-1.454	0.221	1.308	-0.382	
-2.787	0.015	3.043	531.114	84.327	268.113	-1.144	44.811	2.068	-23.909	0.718	-0.621	-0.340	2400	0.307	0.415	-0.289	-1.455	0.221	1.309	-0.374	
-2.788	0.012	3.043	529.991	86.706	267.457	-1.196	44.089	1.892	-22.821	0.462	-0.505	-0.440	2408	0.311	0.415	-0.288	-1.456	0.220	1.310	-0.368	
-2.790	0.008	3.042	528.546	89.755	266.605	0.630	44.437	3.978	-22.947	1.031	-0.521	-0.418	2415	0.316	0.416	-0.286	-1.458	0.220	1.311	-0.361	
-2.790	0.006	3.042	527.688	91.680	266.095	0.208	45.409	3.319	-23.917	0.840	-0.492	-0.019	2421	0.320	0.416	-0.285	-1.458	0.219	1.311	-0.355	
-2.791	0.003	3.041	526.304	94.865	265.234	-0.077	45.375	2.793	-23.376	0.733	-0.533	-0.040	2429	0.324	0.417	-0.284	-1.460	0.219	1.312	-0.349	
-2.793	-0.000	3.040	524.941	98.022	264.322	-1.542	44.511	2.116	-23.202	0.524	-0.419	-0.166	2435	0.328	0.418	-0.283	-1.460	0.218	1.312	-0.343	
-2.795	-0.006	3.039	522.529	103.548	262.644	0.370	45.141	3.706	-23.604	0.743	-0.344	-0.313	2452	0.339	0.419	-0.280	-1.463	0.218	1.313	-0.326	
-2.796	-0.008	3.039	521.577	105.784	261.951	-0.617	44.604	2.490	-23.722	0.535	-0.277	-0.334	2458	0.343	0.420	-0.280	-1.464	0.217	1.313	-0.321	
-2.798	-0.012	3.038	520.108	109.111	260.864	-1.577	43.579	1.420	-23.680	0.524	-0.192	-0.233	2467	0.348	0.421	-0.278	-1.466	0.217	1.313	-0.313	
-2.799	-0.014	3.038	518.970	111.584	260.046	-0.985	44.364	2.145	-23.063	0.644	-0.131	-0.129	2473	0.352	0.421	-0.277	-1.467	0.217	1.313	-0.306	
-2.800	-0.016	3.037	517.993	113.629	259.353	0.831	45.333	3.951	-23.667	1.102	0.076	-0.099	2480	0.356	0.422	-0.276	-1.468	0.217	1.313	-0.301	
-2.801	-0.019	3.037	516.806	116.110	258.527	0.186	45.035	3.151	-23.995	0.898	0.089	-0.169	2487	0.360	0.423	-0.275	-1.469	0.217	1.313	-0.295	
-2.802	-0.021	3.036	515.893	117.918	257.902	0.129	44.247	3.049	-24.240	0.863	0.294	-0.010	2492	0.363	0.423	-0.275	-1.470	0.216	1.313	-0.290	
-2.803	-0.024	3.036	514.546	120.438	257.025	-0.700	43.771	2.496	-23.885	0.798	0.082	-0.173	2499	0.367	0.424	-0.274	-1.471	0.216	1.313	-0.284	
-2.804	-0.026	3.035	513.539	122.224	256.400	-1.176	44.126	2.199	-23.561	0.670	-0.100	-0.151	2504	0.370	0.424	-0.273	-1.472	0.216	1.314	-0.281	
-2.804	-0.029	3.035	512.327	124.305	255.664	-0.911	44.928	2.932	-23.272	0.806	-0.280	-0.153	2508	0.374	0.425	-0.272	-1.473	0.216	1.314	-0.275	
-2.805	-0.030	3.034	511.520	125.676	255.172	-0.220	45.581	3.617	-23.583	0.911	-0.259	-0.228	2514	0.376	0.425	-0.272	-1.474	0.216	1.314	-0.271	
-2.806	-0.032	3.034	510.703	127.066	254.667	0.167	45.472	4.028	-24.225	0.946	-0.317	-0.246	2519	0.379	0.426	-0.271	-1.475	0.217	1.315	-0.268	
-2.806	-0.035	3.034	509.444	129.175	253.870	0.367	45.217	3.937	-24.133	1.000	-0.501	-0.219	2525	0.382	0.426	-0.270	-1.476	0.217	1.315	-0.263	
-2.807	-0.037	3.033	508.592	130.590	253.318	-0.019	44.450	3.516	-23.022	0.963	-0.696	-0.242	2529	0.384	0.427	-0.270	-1.477	0.217	1.315	-0.260	
-2.808	-0.041	3.033	506.754	133.789	252.120	-1.226	44.862	2.226	-22.296	0.661	-0.840	-0.421	2533	0.388	0.428	-0.269	-1.478	0.217	1.315	-0.255	
-2.808	-0.042	3.032	505.990	135.177	251.608	-0.905	45.688	3.199	-22.077	0.762	-0.911	-0.300	2542	0.392	0.428	-0.268	-1.479	0.217	1.315	-0.249	
-2.809	-0.044	3.032	504.886	137.244	250.835	0.354	46.199	4.412	-22.612	1.135	-0.884	-0.315	2547	0.395	0.429	-0.267	-1.481	0.217	1.315	-0.244	
-2.809	-0.046	3.032	504.150	138.655	250.303	0.878	46.398	4.574	-22.996	1.064	-0.968	-0.357	2552	0.398	0.430	-0.266	-1.481	0.217	1.315	-0.241	
-2.809	-0.048	3.031	503.023	140.859	249.474	0.523	45.598	3.865	-22.985	0.986	-0.980	-0.314	2556	0.400	0.430	-0.265	-1.482	0.217	1.315	-0.238	
-2.809	-0.049	3.031	502.455	141.975	249.050	0.934	45.188	3.752	-22.531	0.776	-1.048	-0.393	2561	0.404	0.431	-0.264	-1.483	0.217	1.315	-0.234	
-2.809	-0.050	3.031	501.708	143.483	248.490	0.495	44.743	3.433	-22.364	0.908	-1.032	-0.248	2565	0.405	0.431	-0.264	-1.484	0.217	1.315	-0.231	
-2.809	-0.052	3.030	500.622	145.791	247.675	-0.938	45.410	2.657	-22.134	0.703	-1.044	-0.351	2569	0.409	0.432	-0.262	-1.485	0.217	1.314	-0.227	
-2.809	-0.053	3.030	499.930	147.322	247.139	-0.938	45.926	2.766	-22.352	0.617	-1.032	-0.368	2575	0.411	0.433	-0.262	-1.485	0.218	1.314	-0.224	
-2.809	-0.055	3.029	499.265	148.841	246.590	-0.046	46.643	4.152	-22.338	0.715	-0.751	-0.364	2579	0.414	0.433	-0.261	-1.486	0.218	1.314	-0.221	
-2.809	-0.056	3.029	498.288	151.151	245.747	0.384	46.327	4.407	-22.789	0.697	-0.796	-0.262	2585	0.417	0.434	-0.260	-1.487	0.218	1.313	-0.217	
-2.809	-0.057	3.028	497.638	152.727	245.165	0.140	45.809	4.048	-22.736	0.630	-0.533	-0.309	2589	0.419	0.435	-0.259	-1.488	0.218	1.313	-0.214	
-2.809	-0.059	3.028	496.652	155.123	244.281	0.796	44.759	3.647	-22.243	0.197	-0.466	-0.353	2593	0.423	0.436	-0.257	-1.488	0.219	1.312	-0.210	
-2.808	-0.060	3.027	496.005	156.731	243.703	0.274	44.402	3.443	-22.134	0.436	-0.250	-0.382	2599	0.425	0.436	-0.257	-1.489	0.219	1.311	-0.207	
-2.808	-0.061	3.027	495.358	158.354	243.142	-1.051	44.836	2.262	-22.413	0.054	-0.377	-0.275	2603	0.427	0.437	-0.256	-1.490	0.219	1.311	-0.205	
-2.807	-0.062	3.027	494.395	160.752	242.307	-1.270	45.557	2.051	-22.244	-0.004	-0.305	-0.282	2608	0.431	0.438	-0.254	-1.491	0.220	1.310	-0.201	
-2.807	-0.063	3.026	493.768	162.307	241.750	-0.380	45.549	3.022	-22.645	-0.009	-0.263	-0.254	2612	0.433	0.439	-0.253	-1.491	0.220	1.309	-0.198	
-2.806	-0.064	3.026	492.814	164.632	240.905	0.590	45.855	4.329	-23.196	0.288	-0.133	-0.262	2616	0.437	0.440	-0.252	-1.492	0.220	1.308	-0.194	
-2.806	-0.065	3.025	491.964	166.621	240.178	0.824	44.938	3.384	-22.901	0.070	-0.101	-0.324	2623	0.440	0.440	-0.251	-1.493	0.220	1.307	-0.191	
-2.804	-0.067	3.025	490.735	169.437	239.162	0.136	44.442	2.706	-22.582	0.025	-0.250	-0.165	2629	0.444	0.442	-0.249	-1.494	0.221	1.306	-0.187	
-2.802	-0.070	3.024	488.801	173.810	237.633	-0.784	45.936	2.337	-22.400	-0.063	-0.455	-0.193	2636	0.448	0.443	-0.247	-1.495	0.221	1.305	-0.182	
-2.801	-0.071	3.024	487.770	176.125	236.802	-0.082	46.723	3.671	-22.479	0.085	-0.308	-0.119	2647	0.453	0.444	-0.245	-1.496	0.221	1.304	-0.178	
-2.800	-0.073	3.023	486.552	178.836	235.791	0.124	46.070	3.389	-22.998	-0.100	-0.492	-0.233	2652	0.457	0.446	-0.243	-1.497	0.222	1.303	-0.173	
-2.799	-0.074	3.023	485.481	181.181	234.903	0.390	45.671	3.024	-22.474	-0.243	-0.498	-0.237	2660	0.460	0.446	-0.242	-1.497	0.222	1.302	-0.170	
-2.797	-0.076	3.023	484.073	184.300	233.714	-0.586	45.101	2.222	-21.768	-0.070	-0.549	-0.276	2668	0.465	0.448	-0.240	-1.498	0.222	1.301	-0.166	
-2.795	-0.077	3.023	483.220	186.229	232.990	-0.745	46.394	2.466	-22.089	-0.016	-0.768	-0.148	2673	0.468	0.449	-0.238	-1.499	0.222	1.300	-0.162	
-2.794	-0.079	3.022	481.952	189.262	231.843	-0.160	47.141	3.692	-22.367	0.119	-0.642	-0.220	2681	0.472	0.450	-0.236	-1.500	0.222	1.299	-0.159	
-2.791	-0.080	3.022	480.528	192.715	230.472	0.226	46.546	2.969	-22.396	0.168	-0.779	-0.156	2687	0.476	0.452	-0.234	-1.501	0.222	1.297	-0.155	
-2.788	-0.082	3.022	478.693	197.381	228.570	-0.481	45.839	2.377	-22.104	0.062	-0.639	-0.169	2699	0.483	0.454	-0.231	-1.502	0.222	1.295	-0.149	
-2.786	-0.083	3.022	477.814	199.734	227.617	-1.028	46.538	1.902	-21.956	-0.114	-0.648	-0.153	2708	0.488	0.456	-0.229	-1.503	0.222	1.292	-0.144	
-2.785	-0.083	3.022	476.886	202.429	226.507	-0.340	46.905	3.026	-22.279	0.235	-0.895	-0.120	2715	0.492	0.458	-0.227	-1.504	0.222	1.290	-0.141	
-2.783	-0.084	3.022	476.123	204.737	225.533	0.566	46.445	3.573	-22.448	0.171	-0.319	-0.060	2721	0.495	0.459	-0.225	-1.504	0.222	1.289	-0.138	
-2.781	-0.084	3.022	475.343	207.088	224.525	0.043	45.852	2.626	-22.392	0.077	-0.793	-0.100	2727	0.499	0.460	-0.224	-1.505	0.222	1.286	-0.135	
-2.780	-0.085	3.022	474.576	209.462	223.525	-0.780	45.500	2.137	-22.322	-0.116	-0.541	-0.073	2733	0.502	0.462	-0.222	-1.505	0.222	1.284	-0.132	
-2.777	-0.085	3.022	473.470	213.001	222.051	-1.422	46.223	1.421	-21.980	-0.276	-0.489	-0.131	2742	0.506	0.464	-0.220	-1.506	0.222	1.281	-0.128	
-2.775	-0.085	3.022	472.675	215.672	220.909	-0.520	47.698	2.719	-21.918	0.114	-0.490	-0.061	2748	0.510	0.465	-0.218	-1.506	0.222	1.279	-0.125	
-2.774	-0.085	3.022	472.022	217.945	219.899	-0.284	47.672	2.859	-22.838	0.094	-0.584	-0.012	2755	0.514	0.467	-0.216	-1.507	0.222	1.276	-0.121	
-2.772	-0.085	3.022	471.229	220.617	218.672	0.108	46.815	2.216	-22.783	-0.073	-0.728	0.022	2761	0.518	0.469	-0.214	-1.507	0.222	1.273	-0.118	
-2.770	-0.085	3.022	470.438	223.259	217.419	0.241	47.023	2.532	-22.129	0.008	-0.707	0.066	2769	0.521	0.470	-0.212	-1.508	0.221	1.271	-0.115	
-2.768	-0.085	3.022	469.656	225.913	216.160	-1.268	47.654	1.758	-22.141	-0.118	-0.300	-0.024	2775	0.525	0.472	-0.210	-1.508	0.221	1.268	-0.112	
-2.767	-0.085	3.022	468.992	228.140	215.058	-1.784	48.631	1.398	-22.680	-0.144	-0.430	0.008	2782	0.528	0.474	-0.208	-1.509	0.221	1.265	-0.108	
-2.765	-0.085	3.023	468.268	230.633	213.712	-0.436	48.130	2.426	-22.619	0.107	-0.336	0.015	2789	0.532	0.475	-0.207	-1.510	0.221	1.263	-0.106	
-2.764	-0.085	3.023	467.421	233.449	212.105	0.484	46.705	2.485	-22.151	0.097	-0.504	-0.013	2795	0.535	0.477	-0.205	-1.510	0.221	1.259	-0.102	
-2.762	-0.085	3.023	466.785	235.593	210.893	0.262	45.698	2.193	-22.168	0.040	-0.403	0.024	2803	0.539	0.480	-0.203	-1.511	0.220	1.256	-0.098	
-2.761	-0.085	3.024	466.066	238.074	209.512	-0.848	46.512	1.789	-22.428	0.032	-0.538	0.110	2809	0.543	0.482	-0.201	-1.511	0.220	1.253	-0.095	
-2.760	-0.085	3.024	465.471	240.177	208.335	-2.018	47.517	1.129	-22.220	0.199	-0.454	0.017	2816	0.545	0.483	-0.200	-1.512	0.220	1.250	-0.092	
-2.758	-0.085	3.025	464.733	242.854	206.731	-1.165	48.804	2.310	-22.379	0.237	-0.456	0.075	2824	0.549	0.486	-0.198	-1.512	0.220	1.246	-0.088	
-2.757	-0.085	3.025	463.934	245.779	204.840	-0.207	48.175	2.073	-22.891	0.247	-0.378	0.007	2830	0.553	0.488	-0.197	-1.513	0.219	1.243	-0.085	
-2.756	-0.084	3.026	463.111	248.677	202.870	0.262	48.462	2.289	-22.059	0.152	-0.482	0.091	2839	0.558	0.491	-0.194	-1.514	0.219	1.238	-0.079	
-2.755	-0.084	3.027	462.403	251.233	201.079	-0.765	49.175	1.933	-22.318	0.400	-0.496	0.074	2849	0.562	0.494	-0.192	-1.515	0.218	1.233	-0.075	
-2.754	-0.084	3.027	461.773	253.463	199.451	-2.110	49.304	0.777	-22.235	0.312	-0.269	0.027	2855	0.565	0.496	-0.191	-1.515	0.218	1.230	-0.072	
-2.753	-0.084	3.028	461.354	254.984	198.252	-1.960	48.396	1.198	-22.259	0.395	-0.443	0.035	2862	0.568	0.498	-0.190	-1.516	0.218	1.227	-0.069	
-2.753	-0.084	3.029	460.803	257.019	196.544	0.181	47.314	2.619	-22.404	0.507	-0.387	0.100	2867	0.571	0.500	-0.189	-1.516	0.217	1.224	-0.066	
-2.753	-0.084	3.029	460.412	258.476	195.323	0.633	46.947	2.465	-22.523	0.465	-0.444	0.083	2874	0.574	0.503	-0.187	-1.517	0.217	1.220	-0.063	
-2.752	-0.084	3.030	459.744	260.844	193.377	-0.261	47.034	1.709	-22.425	0.298	-0.229	0.046	2880	0.577	0.505	-0.186	-1.517	0.217	1.217	-0.059	
-2.752	-0.084	3.031	459.237	262.593	191.924	-1.386	48.815	1.453	-22.143	0.438	-0.658	0.050	2888	0.580	0.508	-0.185	-1.518	0.216	1.212	-0.055	
-2.752	-0.083	3.031	458.594	264.884	189.970	-2.031	50.686	1.224	-22.596	0.529	-0.254	0.030	2895	0.583	0.510	-0.183	-1.519	0.216	1.208	-0.052	
-2.751	-0.083	3.032	458.195	266.239	188.694	-1.803	51.340	0.990	-22.225	0.334	-0.480	0.058	2901	0.586	0.512	-0.182	-1.520	0.216	1.205	-0.049	
-2.752	-0.083	3.033	457.574	268.291	186.522	-0.743	50.029	1.851	-21.982	0.442	-0.521	0.105	2909	0.589	0.515	-0.181	-1.520	0.216	1.201	-0.045	
-2.752	-0.084	3.033	457.205	269.546	185.123	0.608	48.647	2.264	-21.505	0.523	-0.272	-0.042	2914	0.591	0.518	-0.180	-1.521	0.215	1.197	-0.042	
-2.752	-0.084	3.034	456.688	271.351	183.165	0.246	47.648	2.367	-22.003	0.635	-0.438	0.042	2921	0.594	0.520	-0.179	-1.522	0.215	1.194	-0.039	
-2.752	-0.083	3.035	456.306	272.646	181.771	-0.263	47.955	1.919	-22.033	0.525	-0.335	-0.053	2926	0.597	0.523	-0.178	-1.523	0.215	1.190	-0.036	
-2.752	-0.083	3.036	455.779	274.467	179.836	-1.700	49.144	1.423	-22.383	0.568	-0.313	-0.021	2933	0.599	0.525	-0.177	-1.523	0.215	1.187	-0.033	
-2.753	-0.083	3.037	454.660	278.160	175.556	-1.434	50.517	1.349	-22.139	0.546	-0.250	-0.072	2943	0.604	0.531	-0.176	-1.525	0.215	1.179	-0.026	
-2.754	-0.083	3.038	454.096	279.962	173.157	-0.133	50.338	2.369	-20.911	0.599	-0.726	-0.028	2956	0.609	0.535	-0.174	-1.526	0.215	1.172	-0.020	
-2.755	-0.083	3.039	453.697	281.319	171.327	0.169	49.741	2.423	-21.199	0.368	-0.490	-0.181	2962	0.611	0.538	-0.173	-1.527	0.215	1.168	-0.017	
-2.755	-0.083	3.039	453.228	282.941	169.177	-0.350	49.501	1.900	-20.852	0.325	-0.596	-0.116	2969	0.614	0.541	-0.173	-1.528	0.215	1.163	-0.014	
-2.756	-0.083	3.040	452.771	284.769	166.701	-1.234	49.868	1.580	-21.539	0.456	-0.503	-0.104	2975	0.616	0.544	-0.172	-1.529	0.215	1.159	-0.011	
-2.757	-0.083	3.041	452.518	285.889	165.139	-1.308	49.962	1.915	-22.000	0.401	-0.557	-0.129	2982	0.619	0.547	-0.171	-1.530	0.215	1.155	-0.008	
-2.758	-0.082	3.042	452.066	287.811	162.259	-1.234	50.772	1.721	-22.539	0.356	-0.329	-0.173	2988	0.621	0.551	-0.170	-1.531	0.215	1.149	-0.004	
-2.758	-0.082	3.043	451.811	288.821	160.613	-0.940	49.845	1.309	-21.021	0.300	-0.482	-0.102	2996	0.624	0.554	-0.170	-1.532	0.215	1.145	-0.001	
-2.759	-0.082	3.043	451.477	290.200	158.280	-0.864	49.654	1.251	-20.637	0.144	-0.627	-0.139	3003	0.626	0.557	-0.169	-1.533	0.215	1.140	0.003	
-2.760	-0.082	3.044	451.274	291.356	156.301	0.367	49.396	2.442	-21.376	0.303	-0.504	-0.089	3009	0.628	0.560	-0.169	-1.533	0.215	1.135	0.005	
-2.761	-0.081	3.045	451.034	292.697	153.993	0.106	50.546	2.380	-21.420	0.416	-0.154	-0.132	3016	0.630	0.563	-0.168	-1.534	0.215	1.131	0.008	
-2.762	-0.081	3.046	450.671	294.430	150.969	-1.518	52.200	1.484	-21.084	0.341	-0.299	-0.249	3022	0.633	0.567	-0.167	-1.535	0.215	1.126	0.011	
-2.763	-0.080	3.047	450.449	295.509	148.896	-1.336	51.371	1.965	-21.353	0.626	0.057	-0.193	3030	0.635	0.571	-0.167	-1.536	0.215	1.120	0.015	
-2.765	-0.080	3.049	450.109	296.995	145.684	-0.040	50.044	2.295	-19.639	0.436	-0.064	-0.149	3040	0.638	0.576	-0.166	-1.538	0.215	1.112	0.019	
-2.766	-0.080	3.050	449.794	298.496	142.506	-0.480	49.515	1.465	-20.597	0.308	-0.104	-0.162	3046	0.640	0.580	-0.166	-1.539	0.215	1.108	0.022	
-2.767	-0.079	3.051	449.614	299.476	140.420	-0.543	50.052	1.613	-20.957	0.271	-0.759	-0.210	3055	0.643	0.584	-0.165	-1.540	0.215	1.101	0.026	
-2.768	-0.079	3.052	449.446	300.583	137.981	-1.613	52.177	2.122	-21.429	0.383	-0.399	-0.209	3061	0.645	0.588	-0.165	-1.541	0.215	1.096	0.029	
-2.769	-0.078	3.053	449.256	301.606	135.491	-1.618	52.876	2.411	-21.370	0.482	0.027	-0.201	3068	0.647	0.591	-0.165	-1.542	0.215	1.091	0.031	
-2.770	-0.078	3.054	449.026	302.550	132.902	-0.817	50.901	1.998	-19.969	0.300	-0.318	-0.174	3076	0.649	0.595	-0.164	-1.543	0.215	1.086	0.034	
-2.771	-0.078	3.055	448.881	303.204	131.050	0.152	49.369	1.689	-19.459	0.232	-0.402	-0.213	3081	0.651	0.598	-0.164	-1.544	0.215	1.081	0.036	
-2.772	-0.077	3.056	448.769	304.289	128.171	0.432	50.236	2.035	-20.132	0.254	-0.246	-0.177	3089	0.653	0.603	-0.164	-1.545	0.215	1.075	0.039	
-2.773	-0.077	3.057	448.661	305.361	125.328	-0.678	52.209	2.252	-20.461	0.352	-0.257	-0.222	3095	0.655	0.606	-0.164	-1.545	0.215	1.070	0.041	
-2.774	-0.076	3.058	448.554	306.147	123.163	-1.348	53.473	2.467	-20.795	0.347	-0.347	-0.294	3103	0.657	0.610	-0.163	-1.546	0.215	1.065	0.044	
-2.775	-0.076	3.060	448.420	307.000	120.557	-1.530	51.707	2.086	-19.680	0.436	0.061	-0.254	3109	0.659	0.615	-0.163	-1.547	0.215	1.059	0.047	
-2.776	-0.075	3.061	448.316	307.686	118.307	-0.129	50.227	1.726	-19.036	0.335	-0.036	-0.225	3116	0.661	0.618	-0.163	-1.548	0.215	1.054	0.049	
-2.777	-0.075	3.062	448.285	308.595	115.405	0.446	50.341	2.160	-19.985	0.315	-0.256	-0.252	3123	0.663	0.622	-0.163	-1.549	0.215	1.048	0.051	
-2.778	-0.074	3.063	448.262	309.277	113.259	-1.104	53.437	2.394	-20.340	0.396	-0.091	-0.248	3129	0.664	0.626	-0.163	-1.550	0.215	1.044	0.053	
-2.779	-0.073	3.065	448.228	310.384	109.656	-2.003	52.958	2.585	-20.102	0.569	-0.245	-0.311	3140	0.667	0.632	-0.163	-1.551	0.215	1.035	0.056	
-2.780	-0.073	3.066	448.133	311.144	106.659	-1.221	50.770	2.270	-18.997	0.451	-0.146	-0.229	3148	0.669	0.636	-0.163	-1.552	0.215	1.030	0.058	
-2.780	-0.072	3.067	448.113	311.687	104.455	0.296	50.260	2.179	-19.099	0.389	-0.372	-0.276	3154	0.670	0.640	-0.163	-1.553	0.215	1.024	0.060	
-2.781	-0.071	3.068	448.148	312.341	101.958	0.715	51.228	2.234	-19.359	0.358	0.214	-0.257	3161	0.672	0.644	-0.163	-1.553	0.215	1.019	0.061	
-2.781	-0.071	3.069	448.142	313.091	99.134	-0.199	54.017	2.988	-20.003	0.598	0.121	-0.225	3167	0.673	0.647	-0.163	-1.554	0.215	1.015	0.063	
-2.782	-0.070	3.070	448.071	313.637	96.967	-1.824	53.092	2.579	-19.084	0.532	0.078	-0.272	3175	0.675	0.651	-0.163	-1.554	0.215	1.009	0.064	
-2.782	-0.070	3.072	447.901	314.443	93.273	-0.440	51.036	2.288	-17.872	0.455	-0.039	-0.309	3183	0.677	0.657	-0.163	-1.555	0.215	1.002	0.066	
-2.782	-0.069	3.073	447.917	315.114	90.432	0.419	52.978	2.503	-18.888	0.365	0.177	-0.299	3191	0.679	0.661	-0.162	-1.556	0.215	0.997	0.068	
-2.783	-0.068	3.076	447.894	316.389	85.177	-1.674	54.312	3.160	-19.136	0.675	-0.126	-0.296	3204	0.682	0.669	-0.163	-1.557	0.215	0.988	0.070	
-2.783	-0.067	3.077	447.833	316.850	83.005	-2.394	52.014	2.484	-17.518	0.615	0.086	-0.324	3214	0.684	0.674	-0.162	-1.558	0.215	0.981	0.071	
-2.783	-0.067	3.078	447.865	317.441	80.179	-0.883	51.307	2.086	-17.939	0.284	-0.157	-0.324	3221	0.685	0.679	-0.162	-1.558	0.215	0.976	0.072	
-2.783	-0.066	3.079	447.982	317.946	77.794	0.624	51.494	2.606	-18.954	0.211	-0.037	-0.298	3227	0.686	0.682	-0.162	-1.558	0.215	0.971	0.073	
-2.782	-0.065	3.080	448.070	318.554	75.104	-0.269	54.676	3.581	-19.069	0.525	-0.014	-0.322	3234	0.688	0.686	-0.163	-1.558	0.215	0.967	0.074	
-2.782	-0.064	3.081	448.068	319.234	72.008	-1.184	52.927	3.383	-18.292	0.528	0.011	-0.304	3246	0.690	0.693	-0.162	-1.559	0.215	0.959	0.075	
-2.781	-0.064	3.082	448.058	319.823	69.278	-0.472	51.631	2.300	-17.527	0.122	-0.016	-0.322	3253	0.692	0.698	-0.162	-1.559	0.215	0.953	0.075	
-2.781	-0.063	3.084	448.169	320.408	66.660	0.864	53.049	2.637	-18.073	0.222	0.034	-0.314	3261	0.693	0.702	-0.162	-1.559	0.215	0.949	0.076	
-2.780	-0.062	3.085	448.256	321.015	64.080	0.422	55.172	3.269	-18.327	0.445	0.066	-0.274	3269	0.694	0.707	-0.162	-1.559	0.215	0.943	0.076	
-2.779	-0.062	3.086	448.249	321.623	61.449	-1.370	53.787	3.435	-17.924	0.552	0.095	-0.244	3276	0.696	0.712	-0.162	-1.559	0.216	0.938	0.076	
-2.778	-0.061	3.087	448.199	322.188	58.805	-1.204	51.750	2.484	-17.114	0.398	-0.088	-0.198	3285	0.697	0.716	-0.162	-1.559	0.216	0.933	0.076	
-2.777	-0.060	3.088	448.244	322.760	56.272	-0.129	52.286	2.138	-17.227	0.220	0.016	-0.163	3293	0.699	0.720	-0.162	-1.559	0.216	0.929	0.076	
-2.776	-0.060	3.089	448.347	323.248	54.125	0.397	54.098	2.891	-17.777	0.257	-0.122	-0.156	3300	0.700	0.724	-0.162	-1.559	0.216	0.925	0.076	
-2.775	-0.059	3.089	448.421	323.666	52.283	-0.323	55.083	3.512	-18.917	0.195	0.008	-0.169	3307	0.701	0.728	-0.162	-1.559	0.216	0.921	0.076	
-2.774	-0.059	3.090	448.428	324.132	50.094	-1.425	54.148	3.146	-17.425	0.337	-0.078	-0.173	3313	0.702	0.732	-0.162	-1.558	0.216	0.916	0.076	
-2.773	-0.058	3.091	448.444	324.524	48.225	-0.907	52.524	2.282	-16.595	0.424	-0.294	-0.168	3320	0.703	0.735	-0.162	-1.558	0.216	0.913	0.076	
-2.772	-0.057	3.092	448.609	325.054	45.843	0.663	52.808	2.463	-17.314	-0.004	-0.028	-0.178	3327	0.704	0.739	-0.162	-1.558	0.216	0.909	0.076	
-2.771	-0.056	3.093	448.882	325.677	43.270	0.648	54.562	3.219	-17.825	0.155	-0.012	-0.180	3335	0.705	0.743	-0.162	-1.557	0.216	0.905	0.076	
-2.770	-0.055	3.094	449.057	326.199	41.279	-1.300	55.378	3.486	-17.932	0.500	0.061	-0.149	3343	0.707	0.748	-0.162	-1.557	0.216	0.900	0.076	
-2.769	-0.055	3.095	449.201	326.754	38.973	-1.413	53.320	2.988	-16.660	0.207	0.205	-0.136	3352	0.708	0.752	-0.162	-1.556	0.216	0.895	0.076	
-2.768	-0.053	3.096	449.463	327.374	36.469	0.302	52.341	2.523	-16.958	0.107	0.096	-0.102	3359	0.709	0.756	-0.162	-1.556	0.216	0.891	0.076	
-2.767	-0.053	3.096	449.717	327.805	34.886	0.401	53.477	2.869	-17.527	0.237	-0.153	-0.098	3367	0.710	0.760	-0.162	-1.555	0.216	0.886	0.076	
-2.766	-0.051	3.097	450.076	328.509	32.586	-0.421	55.007	3.371	-18.271	0.262	0.285	-0.084	3376	0.712	0.765	-0.162	-1.554	0.216	0.882	0.076	
-2.765	-0.050	3.098	450.352	329.157	30.283	-1.372	55.456	3.275	-18.224	0.433	0.172	-0.058	3382	0.712	0.768	-0.162	-1.554	0.216	0.879	0.076	
-2.764	-0.049	3.099	450.493	329.548	28.728	-0.118	53.821	2.771	-17.032	0.327	-0.073	-0.021	3391	0.714	0.772	-0.162	-1.553	0.216	0.874	0.076	
-2.763	-0.048	3.100	450.736	330.096	26.469	0.672	52.881	2.662	-17.027	0.151	0.403	-0.040	3400	0.715	0.777	-0.162	-1.552	0.216	0.870	0.075	
-2.762	-0.047	3.100	450.989	330.705	24.349	0.516	54.148	3.367	-17.563	0.288	0.189	-0.029	3406	0.716	0.779	-0.162	-1.551	0.216	0.867	0.075	
-2.761	-0.047	3.101	451.138	331.125	22.984	-0.918	54.918	3.507	-18.170	0.453	0.270	-0.023	3415	0.717	0.784	-0.162	-1.550	0.216	0.863	0.075	
-2.760	-0.046	3.102	451.238	331.581	21.385	-1.705	56.139	2.993	-18.154	0.320	0.216	-0.040	3421	0.718	0.787	-0.162	-1.550	0.216	0.860	0.075	
-2.759	-0.046	3.102	451.314	331.941	19.768	0.030	54.450	2.870	-16.638	0.238	0.156	-0.036	3428	0.718	0.789	-0.162	-1.549	0.216	0.858	0.075	
-2.758	-0.045	3.104	451.445	332.498	17.038	0.433	53.477	3.294	-16.880	0.364	0.230	-0.030	3441	0.720	0.795	-0.162	-1.548	0.216	0.853	0.075	
-2.756	-0.044	3.105	451.641	333.258	14.334	-1.546	55.692	3.083	-17.360	0.351	0.090	-0.011	3454	0.721	0.801	-0.162	-1.546	0.216	0.849	0.075	
-2.755	-0.044	3.105	451.756	333.739	12.527	-1.472	55.371	3.059	-18.193	0.374	0.072	-0.001	3462	0.722	0.804	-0.162	-1.545	0.216	0.846	0.075	
-2.754	-0.044	3.106	451.840	334.080	10.933	-0.364	55.952	2.964	-17.432	0.232	0.234	0.014	3469	0.723	0.807	-0.162	-1.545	0.216	0.843	0.075	
-2.754	-0.044	3.107	451.883	334.301	9.739	0.277	55.573	3.207	-16.297	0.361	0.224	0.021	3476	0.724	0.810	-0.162	-1.544	0.216	0.842	0.074	
-2.753	-0.043	3.107	451.932	334.584	8.374	0.639	54.806	3.525	-16.730	0.327	-0.022	0.038	3483	0.724	0.812	-0.162	-1.543	0.216	0.840	0.074	
-2.752	-0.043	3.108	451.979	334.866	7.257	-0.254	54.640	3.372	-16.983	0.425	0.241	0.034	3490	0.725	0.815	-0.162	-1.542	0.216	0.838	0.074	
-2.751	-0.043	3.108	452.031	335.207	5.999	-1.129	54.906	3.205	-17.048	0.461	0.246	0.056	3497	0.726	0.817	-0.162	-1.541	0.216	0.836	0.074	
-2.750	-0.043	3.109	452.080	335.560	4.619	-1.097	54.754	2.947	-17.677	0.286	0.385	0.073	3503	0.726	0.820	-0.162	-1.540	0.216	0.835	0.074	
-2.750	-0.043	3.109	452.094	335.770	3.612	-0.624	54.945	3.104	-17.519	0.307	0.179	0.079	3511	0.727	0.822	-0.162	-1.540	0.216	0.833	0.074	
-2.749	-0.043	3.110	452.107	336.024	2.315	0.126	56.339	3.470	-17.110	0.287	0.174	0.068	3517	0.728	0.825	-0.162	-1.539	0.216	0.831	0.074	
-2.749	-0.043	3.110	452.078	336.208	1.358	0.043	57.244	3.537	-16.740	0.271	0.178	0.059	3525	0.728	0.827	-0.162	-1.538	0.216	0.830	0.074	
-2.748	-0.044	3.111	451.975	336.578	-0.583	-0.301	55.191	3.307	-16.923	0.349	0.145	0.043	3533	0.729	0.830	-0.162	-1.537	0.216	0.829	0.074	
-2.747	-0.045	3.112	451.914	336.846	-1.985	-0.460	54.555	3.147	-17.011	0.407	0.006	0.034	3545	0.730	0.834	-0.162	-1.535	0.216	0.827	0.074	
-2.746	-0.045	3.112	451.869	337.057	-3.002	-0.874	54.480	2.992	-17.086	0.350	0.276	0.020	3552	0.730	0.836	-0.162	-1.534	0.216	0.826	0.074	
-2.746	-0.045	3.113	451.824	337.256	-3.950	-0.796	55.089	3.181	-17.247	0.376	0.274	0.016	3559	0.731	0.839	-0.162	-1.533	0.216	0.826	0.074	
-2.745	-0.046	3.113	451.741	337.430	-4.989	-0.512	55.860	3.561	-16.780	0.405	0.152	0.011	3567	0.731	0.841	-0.162	-1.532	0.216	0.825	0.074	
-2.745	-0.046	3.113	451.688	337.547	-5.730	0.065	57.402	3.629	-16.545	0.280	0.068	-0.001	3574	0.731	0.843	-0.162	-1.532	0.216	0.824	0.074	
-2.745	-0.047	3.114	451.618	337.695	-6.589	0.078	58.347	3.374	-16.671	0.325	0.052	-0.006	3581	0.732	0.845	-0.162	-1.531	0.216	0.824	0.074	
-2.744	-0.048	3.114	451.488	337.844	-7.616	-0.495	57.648	3.359	-16.673	0.397	0.061	-0.012	3587	0.732	0.847	-0.162	-1.530	0.216	0.824	0.074	
-2.744	-0.048	3.115	451.365	337.941	-8.399	-0.493	56.190	3.419	-16.587	0.346	0.071	-0.015	3595	0.733	0.849	-0.162	-1.529	0.216	0.823	0.074	
-2.743	-0.049	3.115	451.221	338.040	-9.282	-0.501	54.800	3.458	-16.611	0.417	0.061	-0.019	3600	0.733	0.851	-0.161	-1.528	0.217	0.823	0.074	
-2.743	-0.050	3.115	451.114	338.166	-10.077	-0.070	54.624	3.395	-16.836	0.313	0.130	-0.029	3608	0.733	0.853	-0.161	-1.527	0.217	0.823	0.074	
-2.742	-0.050	3.116	451.012	338.286	-10.803	-0.351	55.047	3.418	-17.107	0.357	0.144	-0.033	3615	0.734	0.855	-0.161	-1.526	0.217	0.823	0.074	
-2.742	-0.051	3.116	450.913	338.486	-11.640	-0.733	56.581	3.351	-16.777	0.320	0.054	-0.032	3622	0.734	0.856	-0.161	-1.525	0.217	0.823	0.074	
-2.741	-0.052	3.116	450.863	338.613	-12.174	-0.729	57.541	3.405	-16.490	0.308	0.079	-0.029	3631	0.734	0.858	-0.161	-1.523	0.217	0.823	0.074	
-2.741	-0.052	3.116	450.817	338.811	-12.973	-0.457	57.518	3.344	-16.552	0.291	0.015	-0.026	3640	0.735	0.860	-0.161	-1.522	0.217	0.823	0.074	
-2.741	-0.053	3.117	450.801	338.942	-13.509	-0.059	57.336	3.492	-17.018	0.284	0.052	-0.023	3646	0.735	0.862	-0.161	-1.521	0.217	0.823	0.074	
-2.740	-0.053	3.117	450.785	339.084	-14.131	0.056	56.752	3.706	-16.954	0.362	0.076	-0.017	3653	0.735	0.863	-0.161	-1.520	0.217	0.823	0.074	
-2.740	-0.054	3.117	450.763	339.268	-14.813	-0.438	56.420	3.516	-17.156	0.336	0.096	-0.013	3659	0.735	0.865	-0.161	-1.519	0.217	0.823	0.074	
-2.740	-0.054	3.117	450.742	339.402	-15.297	-0.461	56.674	3.384	-16.914	0.321	-0.077	-0.007	3666	0.735	0.866	-0.161	-1.518	0.217	0.823	0.074	
-2.739	-0.055	3.118	450.735	339.543	-15.836	-0.233	56.704	3.440	-16.579	0.342	0.099	0.002	3673	0.736	0.868	-0.161	-1.517	0.217	0.823	0.074	
-2.739	-0.055	3.118	450.732	339.660	-16.267	0.164	56.859	3.418	-16.615	0.302	0.124	-0.003	3680	0.736	0.869	-0.161	-1.516	0.217	0.823	0.074	
-2.739	-0.056	3.118	450.719	339.823	-16.822	-0.120	56.894	3.380	-16.783	0.320	-0.001	0.007	3687	0.736	0.870	-0.161	-1.515	0.217	0.824	0.074	
-2.738	-0.057	3.118	450.703	340.049	-17.469	-0.832	56.910	3.264	-16.925	0.338	0.026	0.010	3695	0.736	0.872	-0.161	-1.514	0.217	0.824	0.074	
-2.738	-0.057	3.118	450.685	340.291	-18.240	-0.659	56.421	3.339	-16.834	0.345	0.015	0.010	3708	0.736	0.874	-0.160	-1.512	0.217	0.824	0.074	
-2.737	-0.058	3.118	450.688	340.386	-18.554	-0.281	56.738	3.329	-16.715	0.327	-0.090	0.011	3716	0.736	0.875	-0.160	-1.511	0.217	0.825	0.074	
-2.737	-0.059	3.118	450.693	340.521	-18.977	-0.234	57.199	3.360	-16.843	0.334	-0.101	0.016	3726	0.736	0.877	-0.160	-1.510	0.217	0.825	0.074	
-2.737	-0.059	3.119	450.710	340.688	-19.445	-0.325	57.444	3.418	-16.758	0.340	-0.090	0.023	3732	0.736	0.878	-0.160	-1.509	0.217	0.826	0.074	
-2.737	-0.060	3.119	450.718	340.801	-19.780	-0.335	57.356	3.240	-16.846	0.342	-0.178	0.029	3743	0.736	0.879	-0.160	-1.508	0.217	0.826	0.074	
-2.736	-0.060	3.119	450.728	340.898	-20.047	-0.360	57.424	3.404	-17.181	0.353	-0.137	0.032	3751	0.736	0.880	-0.160	-1.507	0.217	0.827	0.074	
-2.736	-0.062	3.119	450.752	341.148	-20.680	-0.519	57.207	3.302	-16.798	0.350	-0.206	0.029	3771	0.736	0.882	-0.160	-1.504	0.217	0.828	0.074	
-2.736	-0.062	3.119	450.758	341.192	-20.791	-0.573	57.347	3.220	-16.873	0.335	-0.239	0.028	3776	0.736	0.883	-0.160	-1.504	0.217	0.829	0.074	
-2.736	-0.062	3.119	450.785	341.261	-20.935	-0.475	57.773	3.183	-17.073	0.340	-0.153	0.027	3780	0.736	0.884	-0.160	-1.503	0.217	0.829	0.074	
-2.736	-0.063	3.119	450.800	341.296	-21.027	-0.397	57.948	3.238	-16.989	0.347	-0.161	0.027	3786	0.736	0.884	-0.160	-1.503	0.217	0.830	0.074	
-2.736	-0.063	3.119	450.814	341.325	-21.120	-0.160	57.764	3.361	-17.015	0.336	-0.148	0.027	3790	0.736	0.884	-0.160	-1.502	0.217	0.830	0.074	
-2.736	-0.063	3.119	450.839	341.369	-21.288	-0.012	57.405	3.352	-17.100	0.350	-0.172	0.029	3797	0.736	0.885	-0.160	-1.502	0.217	0.830	0.074	
-2.736	-0.064	3.119	450.849	341.394	-21.372	0.097	57.481	3.257	-17.156	0.338	-0.269	0.025	3802	0.736	0.885	-0.160	-1.501	0.217	0.831	0.074	
-2.735	-0.064	3.119	450.870	341.432	-21.480	-0.038	57.215	3.323	-17.198	0.349	-0.101	0.025	3807	0.736	0.886	-0.159	-1.500	0.217	0.831	0.074	
-2.735	-0.064	3.119	450.880	341.453	-21.541	-0.077	57.365	3.300	-17.004	0.356	-0.136	0.027	3812	0.736	0.886	-0.159	-1.500	0.217	0.832	0.074	
-2.735	-0.065	3.119	450.901	341.485	-21.622	0.059	57.527	3.294	-17.261	0.342	-0.096	0.024	3815	0.736	0.886	-0.159	-1.500	0.217	0.832	0.074	
-2.735	-0.065	3.119	450.910	341.499	-21.675	0.030	57.386	3.367	-17.173	0.350	-0.138	0.023	3822	0.736	0.887	-0.159	-1.499	0.217	0.833	0.074	
-2.735	-0.065	3.119	450.910	341.507	-21.725	0.071	57.156	3.284	-16.857	0.349	-0.216	0.021	3825	0.736	0.887	-0.159	-1.499	0.217	0.833	0.074	
-2.735	-0.065	3.119	450.916	341.525	-21.776	-0.009	57.343	3.303	-16.844	0.334	-0.181	0.021	3831	0.736	0.887	-0.159	-1.498	0.217	0.833	0.074	
-2.735	-0.066	3.119	450.928	341.540	-21.790	-0.039	57.594	3.337	-17.144	0.363	-0.129	0.023	3835	0.736	0.888	-0.159	-1.498	0.217	0.834	0.074	
-2.735	-0.066	3.119	450.941	341.556	-21.806	-0.026	57.929	3.370	-17.065	0.350	-0.138	0.022	3838	0.736	0.888	-0.159	-1.498	0.217	0.834	0.074	
-2.735	-0.066	3.119	450.947	341.566	-21.829	-0.098	57.706	3.412	-17.117	0.354	-0.208	0.027	3844	0.736	0.888	-0.159	-1.497	0.217	0.835	0.074	
-2.735	-0.066	3.119	450.948	341.569	-21.843	-0.165	57.554	3.388	-17.188	0.352	-0.113	0.022	3848	0.736	0.888	-0.159	-1.497	0.217	0.835	0.074	
-2.735	-0.067	3.119	450.934	341.561	-21.854	-0.273	57.350	3.272	-17.221	0.354	-0.151	0.026	3852	0.736	0.889	-0.159	-1.496	0.217	0.836	0.074	
-2.735	-0.067	3.119	450.930	341.555	-21.852	-0.339	57.153	3.231	-17.152	0.344	-0.086	0.025	3860	0.736	0.889	-0.159	-1.496	0.217	0.836	0.074	
-2.735	-0.068	3.119	450.921	341.541	-21.836	-0.230	57.268	3.168	-17.091	0.343	-0.186	0.026	3864	0.735	0.889	-0.159	-1.495	0.217	0.837	0.074	
-2.735	-0.068	3.119	450.911	341.524	-21.809	-0.171	57.339	3.205	-17.260	0.350	-0.062	0.024	3871	0.735	0.889	-0.159	-1.495	0.217	0.837	0.074	
-2.735	-0.068	3.119	450.886	341.500	-21.762	-0.136	57.534	3.273	-17.247	0.350	-0.209	0.028	3875	0.735	0.889	-0.159	-1.495	0.217	0.838	0.074	
-2.735	-0.069	3.119	450.862	341.478	-21.726	-0.106	57.617	3.283	-17.104	0.346	-0.206	0.024	3881	0.735	0.889	-0.159	-1.495	0.217	0.838	0.074	
-2.735	-0.069	3.119	450.839	341.457	-21.685	-0.147	57.723	3.301	-17.291	0.352	-0.115	0.024	3885	0.735	0.889	-0.159	-1.494	0.217	0.839	0.074	
-2.735	-0.070	3.119	450.788	341.416	-21.600	-0.125	57.936	3.276	-17.272	0.347	-0.123	0.021	3891	0.735	0.889	-0.159	-1.494	0.217	0.840	0.074	
-2.735	-0.070	3.119	450.747	341.382	-21.534	-0.129	57.832	3.308	-17.206	0.351	-0.102	0.019	3897	0.735	0.889	-0.159	-1.494	0.217	0.840	0.074	
-2.735	-0.070	3.119	450.678	341.329	-21.453	-0.133	57.667	3.291	-17.017	0.353	-0.267	0.019	3903	0.735	0.889	-0.159	-1.493	0.217	0.841	0.074	
-2.735	-0.071	3.119	450.627	341.288	-21.400	-0.171	57.311	3.249	-16.775	0.338	-0.187	0.016	3908	0.735	0.889	-0.159	-1.493	0.217	0.842	0.074	
-2.735	-0.071	3.119	450.557	341.231	-21.315	-0.195	56.789	3.265	-16.989	0.350	-0.155	0.016	3912	0.735	0.889	-0.159	-1.493	0.217	0.842	0.074	
-2.735	-0.072	3.119	450.492	341.180	-21.234	-0.192	56.851	3.185	-17.044	0.348	-0.123	0.016	3918	0.735	0.889	-0.159	-1.493	0.217	0.843	0.074	
-2.735	-0.072	3.119	450.438	341.138	-21.162	-0.315	56.800	3.162	-17.158	0.353	-0.060	0.017	3922	0.735	0.889	-0.159	-1.493	0.217	0.843	0.074	
-2.736	-0.073	3.119	450.328	341.055	-21.030	-0.296	57.151	3.198	-17.060	0.349	-0.229	0.019	3929	0.735	0.889	-0.159	-1.493	0.217	0.844	0.074	
-2.736	-0.073	3.119	450.267	341.003	-20.945	-0.124	57.589	3.322	-17.267	0.357	-0.082	0.019	3933	0.735	0.889	-0.159	-1.492	0.217	0.845	0.074	
-2.736	-0.074	3.119	450.105	340.858	-20.724	0.294	58.168	3.389	-17.071	0.348	-0.150	0.021	3942	0.734	0.889	-0.160	-1.492	0.217	0.846	0.074	
-2.736	-0.075	3.119	449.884	340.673	-20.466	0.292	58.284	3.396	-17.055	0.350	-0.196	0.019	3954	0.734	0.889	-0.160	-1.492	0.217	0.848	0.074	
-2.736	-0.075	3.119	449.801	340.607	-20.368	0.147	58.276	3.339	-17.208	0.342	-0.080	0.022	3958	0.734	0.888	-0.160	-1.492	0.217	0.849	0.074	
-2.736	-0.076	3.119	449.620	340.468	-20.170	0.043	58.121	3.364	-17.358	0.352	-0.069	0.026	3966	0.734	0.888	-0.160	-1.492	0.217	0.850	0.074	
-2.736	-0.077	3.119	449.431	340.326	-19.994	-0.069	57.894	3.293	-17.228	0.343	-0.261	0.024	3971	0.734	0.888	-0.160	-1.492	0.217	0.850	0.074	
-2.736	-0.078	3.119	449.323	340.241	-19.888	-0.120	57.615	3.228	-17.217	0.347	0.013	0.022	3977	0.734	0.888	-0.160	-1.492	0.217	0.852	0.074	
-2.736	-0.078	3.119	449.188	340.128	-19.744	0.015	57.674	3.303	-17.225	0.350	-0.250	0.024	3982	0.734	0.888	-0.160	-1.492	0.217	0.852	0.074	
-2.736	-0.079	3.119	448.985	339.954	-19.533	0.194	57.762	3.283	-17.201	0.342	-0.128	0.019	3989	0.734	0.887	-0.160	-1.492	0.217	0.853	0.074	
-2.736	-0.080	3.119	448.872	339.855	-19.407	0.142	57.844	3.375	-17.232	0.344	-0.125	0.018	3993	0.733	0.887	-0.160	-1.492	0.217	0.854	0.074	
-2.736	-0.081	3.119	448.617	339.648	-19.146	0.015	58.103	3.253	-17.293	0.333	-0.137	0.016	4001	0.733	0.887	-0.160	-1.492	0.217	0.856	0.074	
-2.737	-0.081	3.119	448.457	339.519	-18.973	-0.222	58.621	3.232	-17.379	0.350	-0.079	0.017	4006	0.733	0.886	-0.160	-1.492	0.217	0.857	0.074	
-2.737	-0.082	3.119	448.227	339.332	-18.732	-0.266	58.526	3.217	-17.489	0.339	-0.194	0.015	4013	0.733	0.886	-0.160	-1.492	0.217	0.858	0.074	
-2.737	-0.083	3.119	447.939	339.085	-18.463	-0.047	58.034	3.262	-17.167	0.332	-0.048	0.013	4019	0.733	0.886	-0.160	-1.492	0.217	0.859	0.074	
-2.737	-0.084	3.119	447.717	338.895	-18.259	-0.043	57.991	3.304	-17.121	0.345	-0.211	0.010	4027	0.733	0.885	-0.160	-1.492	0.217	0.860	0.074	
-2.737	-0.088	3.119	446.885	338.213	-17.472	-0.155	58.525	3.284	-16.929	0.337	-0.229	0.009	4047	0.733	0.884	-0.160	-1.492	0.217	0.865	0.074	
-2.737	-0.089	3.119	446.647	338.013	-17.233	-0.254	58.229	3.285	-17.191	0.341	-0.174	0.010	4054	0.732	0.884	-0.160	-1.492	0.217	0.866	0.074	
-2.738	-0.091	3.120	446.018	337.450	-16.663	0.331	57.906	3.419	-16.745	0.326	-0.065	0.003	4061	0.732	0.883	-0.160	-1.492	0.217	0.867	0.074	
-2.738	-0.092	3.120	445.769	337.226	-16.424	0.466	58.187	3.423	-16.739	0.330	-0.498	0.002	4074	0.732	0.882	-0.160	-1.492	0.217	0.870	0.074	
-2.738	-0.093	3.120	445.489	336.982	-16.143	-0.090	58.120	3.417	-17.011	0.335	-0.474	-0.002	4081	0.732	0.882	-0.160	-1.493	0.217	0.872	0.074	
-2.738	-0.094	3.120	445.164	336.705	-15.812	-0.116	57.862	3.323	-17.026	0.331	-0.296	-0.005	4090	0.732	0.881	-0.160	-1.493	0.217	0.874	0.074	
-2.738	-0.096	3.120	444.892	336.453	-15.523	-0.116	57.988	3.284	-16.731	0.356	-0.277	-0.005	4097	0.732	0.881	-0.161	-1.493	0.217	0.875	0.074	
-2.739	-0.097	3.120	444.600	336.171	-15.184	0.155	58.026	3.321	-16.718	0.327	-0.152	-0.014	4102	0.732	0.880	-0.161	-1.493	0.217	0.876	0.074	
-2.739	-0.098	3.120	444.392	335.965	-14.920	0.233	58.281	3.435	-16.872	0.338	-0.555	-0.014	4111	0.731	0.880	-0.161	-1.493	0.217	0.878	0.074	
-2.739	-0.099	3.120	444.161	335.737	-14.616	0.012	58.008	3.472	-16.921	0.351	-0.291	-0.014	4117	0.731	0.879	-0.161	-1.493	0.217	0.880	0.074	
-2.739	-0.099	3.120	443.961	335.544	-14.354	-0.206	58.050	3.227	-16.568	0.320	-0.424	-0.018	4124	0.731	0.879	-0.161	-1.493	0.217	0.881	0.074	
-2.739	-0.100	3.120	443.743	335.332	-14.042	-0.372	58.062	3.228	-16.777	0.355	-0.242	-0.019	4131	0.731	0.878	-0.161	-1.493	0.217	0.882	0.074	
-2.739	-0.102	3.120	443.472	335.037	-13.573	-0.122	58.409	3.325	-16.992	0.338	-0.552	-0.024	4140	0.731	0.878	-0.161	-1.493	0.217	0.884	0.074	
-2.740	-0.102	3.120	443.316	334.862	-13.298	-0.109	58.123	3.408	-16.930	0.356	-0.270	-0.024	4146	0.731	0.877	-0.161	-1.493	0.217	0.885	0.074	
-2.740	-0.103	3.120	443.130	334.663	-12.979	-0.134	58.033	3.377	-16.807	0.352	-0.355	-0.024	4152	0.731	0.877	-0.161	-1.493	0.217	0.886	0.074	
-2.740	-0.104	3.120	442.981	334.496	-12.702	0.019	57.984	3.368	-16.635	0.347	-0.381	-0.026	4159	0.731	0.876	-0.162	-1.494	0.217	0.887	0.074	
-2.740	-0.105	3.120	442.814	334.293	-12.322	0.031	58.033	3.454	-17.051	0.356	-0.310	-0.025	4168	0.730	0.876	-0.162	-1.494	0.217	0.889	0.074	
-2.740	-0.105	3.120	442.694	334.146	-12.032	0.023	58.374	3.376	-17.013	0.333	-0.524	-0.026	4174	0.730	0.875	-0.162	-1.494	0.217	0.890	0.074	
-2.740	-0.106	3.120	442.552	333.981	-11.702	-0.173	58.133	3.301	-16.990	0.319	-0.328	-0.030	4181	0.730	0.875	-0.162	-1.494	0.217	0.891	0.074	
-2.740	-0.106	3.120	442.461	333.862	-11.469	-0.187	58.066	3.304	-16.866	0.344	-0.498	-0.026	4186	0.730	0.874	-0.162	-1.494	0.217	0.892	0.074	
-2.741	-0.107	3.120	442.334	333.674	-11.091	0.169	58.069	3.468	-16.933	0.350	-0.412	-0.031	4194	0.730	0.873	-0.162	-1.494	0.217	0.893	0.074	
-2.741	-0.108	3.120	442.199	333.427	-10.567	0.309	58.195	3.527	-17.038	0.329	-0.423	-0.036	4205	0.730	0.873	-0.162	-1.494	0.217	0.895	0.074	
-2.741	-0.108	3.120	442.160	333.344	-10.379	0.144	58.131	3.587	-16.964	0.357	-0.547	-0.041	4209	0.730	0.872	-0.162	-1.494	0.217	0.895	0.074	
-2.741	-0.108	3.120	442.090	333.208	-10.054	-0.052	58.043	3.403	-16.862	0.336	-0.440	-0.041	4216	0.730	0.872	-0.162	-1.494	0.217	0.896	0.074	
-2.741	-0.109	3.120	442.063	333.137	-9.869	-0.212	57.918	3.399	-16.951	0.334	-0.436	-0.042	4220	0.730	0.871	-0.162	-1.494	0.217	0.897	0.074	
-2.741	-0.109	3.120	442.033	333.030	-9.591	-0.181	58.055	3.345	-16.978	0.344	-0.485	-0.040	4224	0.729	0.871	-0.163	-1.494	0.217	0.897	0.074	
-2.742	-0.109	3.120	442.020	332.957	-9.402	-0.056	58.296	3.365	-17.033	0.313	-0.547	-0.043	4230	0.729	0.871	-0.163	-1.494	0.217	0.898	0.074	
-2.742	-0.109	3.120	442.013	332.835	-9.079	0.056	58.066	3.475	-17.063	0.336	-0.375	-0.040	4234	0.729	0.870	-0.163	-1.494	0.217	0.898	0.074	
-2.742	-0.110	3.120	442.012	332.750	-8.853	0.094	57.947	3.453	-16.987	0.325	-0.450	-0.036	4242	0.729	0.870	-0.163	-1.494	0.217	0.899	0.074	
-2.742	-0.110	3.120	442.009	332.688	-8.675	-0.130	57.727	3.364	-16.996	0.343	-0.411	-0.032	4246	0.729	0.869	-0.163	-1.494	0.217	0.900	0.074	
-2.742	-0.110	3.120	442.009	332.600	-8.405	-0.301	57.897	3.284	-16.998	0.320	-0.335	-0.028	4252	0.729	0.869	-0.163	-1.494	0.217	0.900	0.074	
-2.742	-0.110	3.120	442.018	332.545	-8.216	-0.409	58.174	3.261	-17.189	0.335	-0.402	-0.026	4257	0.729	0.869	-0.163	-1.494	0.217	0.901	0.074	
-2.742	-0.110	3.120	442.043	332.457	-7.937	-0.311	58.412	3.366	-17.166	0.344	-0.379	-0.025	4261	0.729	0.868	-0.163	-1.494	0.217	0.901	0.074	
-2.743	-0.110	3.120	442.061	332.374	-7.714	-0.093	58.265	3.443	-17.177	0.329	-0.437	-0.022	4267	0.728	0.868	-0.163	-1.494	0.217	0.902	0.074	
-2.743	-0.110	3.120	442.079	332.268	-7.461	0.133	57.877	3.445	-17.081	0.331	-0.374	-0.023	4271	0.728	0.867	-0.163	-1.494	0.217	0.902	0.074	
-2.743	-0.110	3.119	442.099	332.184	-7.249	0.156	57.804	3.403	-17.120	0.320	-0.346	-0.019	4278	0.728	0.867	-0.163	-1.495	0.217	0.902	0.074	
-2.743	-0.110	3.119	442.119	332.127	-7.075	-0.060	58.104	3.331	-17.108	0.318	-0.392	-0.014	4282	0.728	0.867	-0.163	-1.495	0.217	0.903	0.074	
-2.743	-0.110	3.119	442.152	332.042	-6.813	-0.233	58.248	3.331	-17.163	0.320	-0.397	-0.015	4288	0.728	0.866	-0.163	-1.495	0.217	0.903	0.074	
-2.743	-0.110	3.119	442.177	331.965	-6.603	-0.176	58.158	3.420	-17.147	0.350	-0.431	-0.013	4293	0.728	0.866	-0.163	-1.495	0.217	0.904	0.074	
-2.744	-0.111	3.119	442.208	331.859	-6.365	-0.011	57.881	3.449	-17.116	0.330	-0.404	-0.011	4299	0.728	0.865	-0.164	-1.495	0.217	0.904	0.074	
-2.744	-0.111	3.119	442.236	331.771	-6.171	0.215	57.675	3.465	-17.156	0.337	-0.349	-0.008	4304	0.728	0.865	-0.164	-1.495	0.217	0.904	0.074	
-2.744	-0.111	3.119	442.291	331.664	-5.891	0.156	58.098	3.415	-17.151	0.328	-0.390	-0.007	4311	0.727	0.864	-0.164	-1.495	0.217	0.905	0.074	
-2.744	-0.111	3.119	442.338	331.583	-5.646	-0.164	58.271	3.411	-17.150	0.344	-0.384	-0.009	4317	0.727	0.864	-0.164	-1.495	0.217	0.905	0.074	
-2.744	-0.111	3.119	442.387	331.479	-5.381	-0.317	58.062	3.412	-17.100	0.347	-0.439	-0.005	4323	0.727	0.863	-0.164	-1.495	0.217	0.905	0.074	
-2.745	-0.111	3.119	442.425	331.378	-5.172	-0.301	57.861	3.330	-17.186	0.331	-0.377	-0.001	4330	0.727	0.863	-0.164	-1.495	0.217	0.906	0.074	
