A	B	C	X	Y	Z	MT0	MT1	MT2	MT3	MT4	MT5	MT6	TIME	J0	J1	J2	J3	J4	J5	J6	
-2.984	0.212	2.913	561.765	-200.373	41.211	0.156	55.313	10.469	-16.416	-0.007	-0.355	-0.094	0	-0.121	0.879	-0.587	-1.514	0.908	1.046	-1.262	
-2.984	0.212	2.913	561.765	-200.372	41.212	0.147	55.340	10.461	-16.402	-0.016	-0.363	-0.092	8	-0.121	0.879	-0.587	-1.514	0.908	1.046	-1.262	
-2.984	0.212	2.913	561.765	-200.370	41.213	0.184	55.374	10.470	-16.382	-0.021	-0.366	-0.094	16	-0.121	0.879	-0.587	-1.514	0.908	1.046	-1.262	
-2.984	0.212	2.913	561.767	-200.366	41.214	0.238	55.348	10.453	-16.356	-0.021	-0.375	-0.094	21	-0.121	0.879	-0.587	-1.514	0.908	1.046	-1.262	
-2.984	0.212	2.913	561.771	-200.355	41.214	0.273	55.368	10.423	-16.322	-0.023	-0.389	-0.090	29	-0.121	0.879	-0.587	-1.514	0.908	1.046	-1.262	
-2.984	0.212	2.913	561.778	-200.340	41.214	0.281	55.390	10.364	-16.269	-0.034	-0.404	-0.084	35	-0.121	0.879	-0.587	-1.514	0.908	1.046	-1.262	
-2.984	0.212	2.913	561.784	-200.329	41.214	0.300	55.429	10.339	-16.247	-0.050	-0.408	-0.081	42	-0.121	0.879	-0.587	-1.514	0.908	1.046	-1.262	
-2.984	0.212	2.913	561.790	-200.318	41.215	0.313	55.473	10.315	-16.263	-0.059	-0.413	-0.071	48	-0.121	0.879	-0.587	-1.514	0.908	1.046	-1.262	
-2.984	0.212	2.913	561.795	-200.310	41.216	0.173	55.454	10.263	-16.307	-0.009	-0.407	-0.081	56	-0.121	0.879	-0.587	-1.514	0.908	1.046	-1.262	
-2.984	0.212	2.913	561.801	-200.298	41.216	0.095	55.398	10.238	-16.318	-0.117	-0.406	-0.078	63	-0.121	0.879	-0.587	-1.514	0.908	1.046	-1.262	
-2.984	0.213	2.913	561.806	-200.289	41.217	-0.155	55.328	10.157	-16.307	-0.084	-0.409	-0.076	69	-0.121	0.879	-0.587	-1.514	0.908	1.046	-1.262	
-2.984	0.213	2.913	561.812	-200.279	41.221	-0.167	55.348	10.086	-16.320	-0.100	-0.408	-0.075	77	-0.121	0.879	-0.587	-1.514	0.908	1.046	-1.262	
-2.984	0.213	2.913	561.814	-200.279	41.225	-0.149	55.336	10.160	-16.299	-0.070	-0.406	-0.067	83	-0.121	0.879	-0.587	-1.514	0.908	1.046	-1.262	
-2.984	0.213	2.913	561.815	-200.282	41.229	-0.117	55.379	10.145	-16.323	-0.078	-0.402	-0.065	90	-0.121	0.879	-0.587	-1.514	0.908	1.046	-1.262	
-2.984	0.213	2.913	561.817	-200.284	41.234	-0.114	55.476	10.116	-16.320	-0.067	-0.403	-0.060	96	-0.121	0.879	-0.587	-1.514	0.908	1.046	-1.262	
-2.984	0.213	2.913	561.819	-200.285	41.237	-0.047	55.493	10.138	-16.321	-0.055	-0.407	-0.053	104	-0.121	0.879	-0.587	-1.514	0.908	1.046	-1.262	
-2.984	0.213	2.913	561.821	-200.286	41.242	0.026	55.497	10.189	-16.280	-0.040	-0.406	-0.045	111	-0.121	0.879	-0.587	-1.514	0.908	1.046	-1.262	
-2.984	0.213	2.913	561.823	-200.286	41.245	0.065	55.468	10.261	-16.251	-0.027	-0.404	-0.039	117	-0.121	0.879	-0.587	-1.514	0.908	1.046	-1.262	
-2.984	0.213	2.913	561.826	-200.285	41.251	0.066	55.500	10.280	-16.243	-0.018	-0.404	-0.038	125	-0.121	0.879	-0.587	-1.514	0.908	1.046	-1.262	
-2.984	0.213	2.913	561.830	-200.284	41.256	0.044	55.531	10.272	-16.243	-0.014	-0.404	-0.032	131	-0.121	0.879	-0.587	-1.514	0.908	1.046	-1.262	
-2.984	0.213	2.913	561.833	-200.284	41.260	0.038	55.507	10.279	-16.235	-0.009	-0.403	-0.028	138	-0.121	0.879	-0.587	-1.514	0.908	1.046	-1.262	
-2.984	0.213	2.913	561.837	-200.284	41.265	0.063	55.479	10.301	-16.213	0.004	-0.401	-0.024	145	-0.121	0.879	-0.587	-1.514	0.908	1.046	-1.262	
-2.984	0.213	2.913	561.845	-200.282	41.271	0.056	55.433	10.314	-16.204	0.002	-0.402	-0.021	153	-0.121	0.879	-0.587	-1.514	0.908	1.046	-1.262	
-2.984	0.213	2.913	561.862	-200.277	41.283	0.039	55.430	10.309	-16.246	-0.007	-0.400	-0.023	164	-0.121	0.879	-0.587	-1.514	0.908	1.046	-1.262	
-2.984	0.213	2.913	561.889	-200.270	41.300	0.022	55.397	10.280	-16.276	-0.033	-0.400	-0.028	172	-0.121	0.879	-0.587	-1.514	0.908	1.046	-1.262	
-2.984	0.213	2.913	561.909	-200.265	41.314	0.024	55.387	10.276	-16.288	-0.044	-0.399	-0.032	181	-0.121	0.879	-0.587	-1.514	0.908	1.046	-1.262	
-2.984	0.213	2.913	561.929	-200.262	41.328	0.056	55.386	10.285	-16.301	-0.062	-0.397	-0.039	188	-0.121	0.879	-0.587	-1.514	0.909	1.046	-1.262	
-2.984	0.213	2.913	561.958	-200.257	41.350	0.051	55.397	10.292	-16.304	-0.063	-0.396	-0.039	196	-0.121	0.879	-0.587	-1.514	0.909	1.046	-1.262	
-2.984	0.213	2.913	561.982	-200.252	41.368	0.077	55.413	10.316	-16.320	-0.062	-0.397	-0.040	202	-0.121	0.879	-0.587	-1.514	0.909	1.046	-1.262	
-2.984	0.213	2.913	562.012	-200.245	41.392	0.083	55.431	10.334	-16.342	-0.047	-0.397	-0.039	209	-0.121	0.879	-0.587	-1.514	0.909	1.046	-1.262	
-2.983	0.213	2.913	562.050	-200.235	41.424	0.105	55.458	10.357	-16.338	-0.039	-0.388	-0.038	215	-0.121	0.879	-0.587	-1.514	0.909	1.046	-1.262	
-2.983	0.213	2.913	562.081	-200.227	41.450	0.105	55.457	10.372	-16.327	-0.033	-0.382	-0.039	222	-0.121	0.879	-0.587	-1.514	0.909	1.046	-1.262	
-2.983	0.213	2.913	562.122	-200.214	41.485	0.099	55.500	10.383	-16.346	-0.029	-0.384	-0.033	229	-0.121	0.879	-0.587	-1.514	0.909	1.046	-1.262	
-2.983	0.213	2.913	562.158	-200.202	41.517	0.105	55.483	10.394	-16.342	-0.033	-0.383	-0.028	236	-0.121	0.879	-0.587	-1.514	0.909	1.046	-1.262	
-2.983	0.213	2.913	562.209	-200.183	41.560	0.104	55.444	10.403	-16.325	-0.040	-0.395	-0.025	244	-0.121	0.879	-0.587	-1.514	0.909	1.046	-1.262	
-2.983	0.213	2.913	562.250	-200.168	41.596	0.105	55.462	10.394	-16.323	-0.039	-0.403	-0.021	250	-0.121	0.879	-0.587	-1.514	0.909	1.046	-1.262	
-2.983	0.213	2.913	562.301	-200.151	41.640	0.117	55.496	10.391	-16.360	-0.050	-0.406	-0.019	257	-0.120	0.879	-0.587	-1.514	0.909	1.046	-1.262	
-2.983	0.214	2.913	562.362	-200.130	41.694	0.156	55.453	10.412	-16.388	-0.045	-0.410	-0.018	262	-0.120	0.879	-0.587	-1.514	0.909	1.046	-1.262	
-2.983	0.214	2.913	562.407	-200.113	41.733	0.171	55.370	10.427	-16.373	-0.050	-0.402	-0.020	271	-0.120	0.879	-0.587	-1.514	0.909	1.046	-1.262	
-2.983	0.214	2.913	562.464	-200.092	41.781	0.105	55.315	10.399	-16.378	-0.055	-0.400	-0.019	277	-0.120	0.878	-0.587	-1.514	0.909	1.046	-1.262	
-2.983	0.214	2.913	562.516	-200.069	41.826	0.015	55.383	10.358	-16.413	-0.064	-0.398	-0.021	284	-0.120	0.878	-0.587	-1.514	0.909	1.046	-1.262	
-2.983	0.214	2.913	562.588	-200.038	41.891	0.000	55.433	10.372	-16.441	-0.061	-0.401	-0.024	291	-0.120	0.878	-0.587	-1.514	0.909	1.046	-1.262	
-2.983	0.214	2.913	562.634	-200.018	41.934	0.039	55.526	10.397	-16.445	-0.065	-0.398	-0.021	297	-0.120	0.878	-0.587	-1.514	0.909	1.046	-1.262	
-2.983	0.214	2.913	562.707	-199.983	42.006	-0.001	55.587	10.393	-16.474	-0.072	-0.400	-0.025	305	-0.120	0.878	-0.587	-1.514	0.909	1.046	-1.262	
-2.983	0.214	2.913	562.781	-199.945	42.079	-0.007	55.598	10.353	-16.447	-0.080	-0.400	-0.020	311	-0.120	0.878	-0.587	-1.513	0.909	1.046	-1.262	
-2.983	0.215	2.913	562.834	-199.916	42.133	0.008	55.523	10.349	-16.388	-0.079	-0.404	-0.019	318	-0.120	0.878	-0.587	-1.513	0.909	1.046	-1.262	
-2.983	0.215	2.913	562.897	-199.884	42.198	-0.016	55.487	10.322	-16.365	-0.066	-0.409	-0.013	324	-0.120	0.878	-0.587	-1.513	0.909	1.046	-1.262	
-2.983	0.215	2.913	562.951	-199.856	42.255	-0.050	55.394	10.248	-16.342	-0.084	-0.410	-0.010	332	-0.120	0.878	-0.587	-1.513	0.909	1.046	-1.262	
-2.982	0.215	2.913	563.040	-199.816	42.352	-0.054	55.430	10.243	-16.440	-0.081	-0.414	-0.007	341	-0.120	0.878	-0.587	-1.513	0.909	1.046	-1.262	
-2.982	0.215	2.913	563.102	-199.793	42.425	0.020	55.421	10.230	-16.402	-0.092	-0.413	-0.007	347	-0.120	0.878	-0.587	-1.513	0.909	1.046	-1.262	
-2.982	0.215	2.913	563.154	-199.774	42.487	0.000	55.434	10.235	-16.416	-0.091	-0.410	-0.009	354	-0.120	0.878	-0.587	-1.513	0.909	1.046	-1.262	
-2.982	0.215	2.913	563.213	-199.754	42.564	-0.011	55.453	10.204	-16.435	-0.106	-0.409	-0.010	360	-0.120	0.877	-0.587	-1.513	0.909	1.046	-1.262	
-2.982	0.215	2.914	563.262	-199.737	42.632	-0.042	55.349	10.209	-16.407	-0.094	-0.404	-0.015	368	-0.120	0.877	-0.587	-1.513	0.909	1.046	-1.262	
-2.982	0.216	2.914	563.338	-199.713	42.744	-0.089	55.344	10.241	-16.409	-0.085	-0.404	-0.017	377	-0.120	0.877	-0.587	-1.513	0.909	1.046	-1.262	
-2.982	0.216	2.914	563.392	-199.699	42.826	-0.163	55.409	10.226	-16.455	-0.083	-0.403	-0.017	383	-0.119	0.877	-0.587	-1.513	0.909	1.046	-1.262	
-2.982	0.216	2.914	563.430	-199.690	42.886	-0.212	55.528	10.245	-16.485	-0.070	-0.401	-0.018	390	-0.119	0.877	-0.587	-1.513	0.909	1.046	-1.262	
-2.982	0.216	2.914	563.481	-199.679	42.972	-0.187	55.587	10.257	-16.508	-0.062	-0.401	-0.018	395	-0.119	0.877	-0.587	-1.513	0.909	1.046	-1.262	
-2.982	0.216	2.914	563.520	-199.673	43.042	-0.085	55.398	10.306	-16.475	-0.055	-0.398	-0.016	402	-0.119	0.877	-0.587	-1.513	0.909	1.046	-1.262	
-2.982	0.216	2.914	563.586	-199.666	43.164	-0.077	55.384	10.296	-16.465	-0.052	-0.396	-0.015	414	-0.119	0.876	-0.587	-1.513	0.909	1.046	-1.262	
-2.982	0.216	2.914	563.611	-199.664	43.209	-0.058	55.343	10.246	-16.433	-0.048	-0.400	-0.016	418	-0.119	0.876	-0.587	-1.513	0.909	1.046	-1.262	
-2.982	0.217	2.914	563.656	-199.664	43.294	-0.046	55.444	10.237	-16.434	-0.052	-0.399	-0.015	426	-0.119	0.876	-0.587	-1.513	0.909	1.046	-1.262	
-2.982	0.217	2.914	563.689	-199.664	43.358	-0.024	55.555	10.262	-16.502	-0.051	-0.397	-0.018	430	-0.119	0.876	-0.587	-1.513	0.909	1.046	-1.262	
-2.982	0.217	2.914	563.730	-199.665	43.438	0.022	55.558	10.282	-16.546	-0.055	-0.393	-0.018	436	-0.119	0.876	-0.587	-1.513	0.909	1.046	-1.262	
-2.982	0.217	2.914	563.795	-199.665	43.566	-0.012	55.430	10.296	-16.509	-0.049	-0.391	-0.022	441	-0.119	0.876	-0.587	-1.513	0.909	1.046	-1.262	
-2.982	0.217	2.914	563.823	-199.666	43.619	-0.042	55.323	10.292	-16.515	-0.054	-0.393	-0.025	450	-0.119	0.876	-0.587	-1.513	0.909	1.046	-1.262	
-2.982	0.217	2.914	563.850	-199.667	43.674	-0.090	55.391	10.278	-16.475	-0.053	-0.391	-0.025	455	-0.119	0.876	-0.587	-1.513	0.909	1.046	-1.262	
-2.982	0.217	2.914	563.895	-199.671	43.761	-0.108	55.391	10.273	-16.506	-0.051	-0.390	-0.027	460	-0.119	0.875	-0.587	-1.513	0.909	1.046	-1.262	
-2.982	0.217	2.914	563.924	-199.675	43.820	-0.106	55.426	10.279	-16.482	-0.049	-0.390	-0.025	464	-0.119	0.875	-0.587	-1.513	0.909	1.046	-1.262	
-2.982	0.218	2.914	563.991	-199.683	43.955	-0.081	55.390	10.290	-16.507	-0.049	-0.389	-0.028	468	-0.119	0.875	-0.587	-1.513	0.909	1.046	-1.262	
-2.982	0.218	2.914	564.028	-199.688	44.030	-0.073	55.445	10.283	-16.513	-0.057	-0.387	-0.026	478	-0.119	0.875	-0.587	-1.513	0.909	1.046	-1.262	
-2.982	0.218	2.914	564.074	-199.694	44.124	-0.065	55.450	10.273	-16.545	-0.055	-0.391	-0.027	484	-0.119	0.875	-0.587	-1.513	0.909	1.046	-1.262	
-2.982	0.218	2.914	564.112	-199.699	44.202	-0.065	55.337	10.259	-16.535	-0.052	-0.389	-0.024	489	-0.119	0.875	-0.587	-1.513	0.909	1.046	-1.262	
-2.982	0.218	2.914	564.158	-199.705	44.296	-0.085	55.269	10.261	-16.529	-0.054	-0.391	-0.024	495	-0.119	0.874	-0.587	-1.513	0.909	1.046	-1.262	
-2.982	0.218	2.914	564.199	-199.711	44.377	-0.091	55.208	10.254	-16.535	-0.048	-0.388	-0.021	500	-0.119	0.874	-0.587	-1.513	0.909	1.046	-1.262	
-2.982	0.218	2.914	564.250	-199.718	44.479	-0.047	55.265	10.211	-16.503	-0.052	-0.390	-0.022	505	-0.119	0.874	-0.587	-1.513	0.909	1.046	-1.262	
-2.982	0.219	2.914	564.295	-199.725	44.570	-0.034	55.269	10.206	-16.517	-0.060	-0.392	-0.021	511	-0.119	0.874	-0.587	-1.513	0.909	1.046	-1.262	
-2.982	0.219	2.915	564.359	-199.733	44.699	0.009	55.242	10.231	-16.526	-0.055	-0.389	-0.025	517	-0.119	0.874	-0.587	-1.513	0.909	1.046	-1.262	
-2.982	0.219	2.915	564.407	-199.739	44.795	0.017	55.196	10.266	-16.555	-0.047	-0.368	-0.025	523	-0.119	0.874	-0.587	-1.513	0.909	1.046	-1.262	
-2.982	0.219	2.915	564.489	-199.748	44.959	0.047	55.265	10.282	-16.548	-0.053	-0.352	-0.025	528	-0.119	0.873	-0.587	-1.513	0.909	1.046	-1.262	
-2.982	0.219	2.915	564.543	-199.754	45.065	0.081	55.280	10.302	-16.485	-0.032	-0.359	-0.026	536	-0.119	0.873	-0.587	-1.513	0.909	1.046	-1.262	
-2.982	0.220	2.915	564.632	-199.763	45.242	0.079	55.296	10.328	-16.496	-0.033	-0.357	-0.026	543	-0.119	0.873	-0.587	-1.513	0.909	1.046	-1.262	
-2.982	0.220	2.915	564.690	-199.767	45.360	0.077	55.250	10.329	-16.497	-0.037	-0.353	-0.028	549	-0.119	0.873	-0.587	-1.513	0.909	1.046	-1.262	
-2.982	0.220	2.915	564.785	-199.774	45.553	0.051	55.144	10.306	-16.471	-0.042	-0.361	-0.030	557	-0.119	0.872	-0.587	-1.513	0.909	1.046	-1.262	
-2.982	0.221	2.915	564.884	-199.779	45.758	0.023	55.012	10.239	-16.442	-0.065	-0.370	-0.031	563	-0.119	0.872	-0.587	-1.513	0.909	1.046	-1.262	
-2.982	0.221	2.915	564.986	-199.782	45.974	-0.005	54.874	10.191	-16.467	-0.065	-0.352	-0.038	570	-0.119	0.872	-0.587	-1.513	0.909	1.046	-1.262	
-2.982	0.221	2.915	565.095	-199.783	46.208	0.001	54.875	10.180	-16.490	-0.074	-0.334	-0.038	581	-0.119	0.871	-0.587	-1.513	0.909	1.047	-1.262	
-2.981	0.222	2.915	565.210	-199.777	46.467	0.024	55.144	10.212	-16.570	-0.061	-0.339	-0.038	587	-0.119	0.871	-0.587	-1.513	0.909	1.047	-1.262	
-2.981	0.222	2.915	565.297	-199.763	46.675	0.130	55.106	10.263	-16.585	-0.069	-0.292	-0.037	595	-0.119	0.870	-0.587	-1.513	0.909	1.047	-1.262	
-2.981	0.222	2.915	565.396	-199.731	46.931	0.176	54.918	10.392	-16.580	-0.026	-0.290	-0.034	601	-0.119	0.870	-0.587	-1.513	0.909	1.047	-1.262	
-2.981	0.223	2.915	565.478	-199.689	47.155	0.235	54.718	10.369	-16.394	-0.014	-0.251	-0.036	608	-0.119	0.870	-0.587	-1.513	0.909	1.047	-1.262	
-2.981	0.223	2.915	565.594	-199.615	47.479	0.159	54.653	10.300	-16.312	0.002	-0.215	-0.035	616	-0.119	0.869	-0.587	-1.513	0.909	1.047	-1.262	
-2.981	0.223	2.915	565.687	-199.544	47.747	0.132	54.911	10.253	-16.456	-0.045	-0.243	-0.035	621	-0.119	0.869	-0.587	-1.513	0.909	1.047	-1.262	
-2.981	0.224	2.915	565.801	-199.454	48.082	0.090	54.950	10.244	-16.480	-0.060	-0.191	-0.037	629	-0.119	0.868	-0.587	-1.513	0.909	1.048	-1.262	
-2.981	0.224	2.915	565.882	-199.378	48.331	0.058	54.778	10.198	-16.491	-0.102	-0.220	-0.041	634	-0.119	0.868	-0.587	-1.513	0.909	1.048	-1.262	
-2.981	0.225	2.914	565.992	-199.260	48.689	0.009	54.574	10.118	-16.489	-0.120	-0.246	-0.044	641	-0.119	0.867	-0.587	-1.513	0.909	1.048	-1.262	
-2.981	0.225	2.914	566.118	-199.103	49.131	-0.020	54.848	9.951	-16.626	-0.135	-0.256	-0.050	646	-0.119	0.867	-0.587	-1.513	0.909	1.049	-1.262	
-2.981	0.226	2.914	566.228	-198.957	49.546	0.109	54.703	10.004	-16.679	-0.156	-0.202	-0.067	655	-0.119	0.866	-0.587	-1.513	0.909	1.050	-1.262	
-2.981	0.226	2.913	566.394	-198.703	50.218	0.073	54.484	9.946	-16.707	-0.180	-0.228	-0.086	666	-0.119	0.865	-0.587	-1.513	0.909	1.050	-1.262	
-2.980	0.227	2.913	566.530	-198.453	50.820	0.022	54.766	9.802	-16.877	-0.241	-0.127	-0.101	676	-0.119	0.864	-0.587	-1.513	0.909	1.051	-1.262	
-2.980	0.227	2.912	566.614	-198.277	51.231	0.109	54.617	9.961	-16.827	-0.233	-0.131	-0.098	682	-0.119	0.863	-0.587	-1.513	0.909	1.052	-1.262	
-2.980	0.228	2.912	566.717	-198.014	51.798	0.046	54.476	10.137	-16.901	-0.166	-0.030	-0.099	689	-0.119	0.862	-0.587	-1.513	0.909	1.053	-1.262	
-2.980	0.229	2.911	566.823	-197.655	52.491	0.116	54.488	10.068	-16.715	-0.162	-0.157	-0.092	696	-0.119	0.861	-0.587	-1.513	0.909	1.054	-1.262	
-2.979	0.229	2.910	566.890	-197.387	52.978	0.032	54.478	10.012	-16.841	-0.178	0.019	-0.077	704	-0.119	0.861	-0.587	-1.513	0.909	1.055	-1.262	
-2.979	0.230	2.909	566.957	-197.044	53.570	0.093	54.165	9.942	-16.607	-0.202	0.039	-0.074	712	-0.119	0.860	-0.587	-1.513	0.909	1.056	-1.263	
-2.979	0.230	2.908	567.009	-196.721	54.109	-0.015	54.009	9.912	-16.514	-0.188	-0.084	-0.077	717	-0.119	0.859	-0.587	-1.513	0.909	1.057	-1.263	
-2.978	0.231	2.907	567.077	-196.328	54.781	-0.007	54.099	9.775	-16.720	-0.270	-0.096	-0.070	725	-0.119	0.858	-0.587	-1.513	0.909	1.059	-1.263	
-2.978	0.231	2.906	567.137	-195.851	55.590	0.075	54.236	9.745	-16.700	-0.322	-0.264	-0.060	730	-0.119	0.857	-0.587	-1.513	0.909	1.060	-1.263	
-2.977	0.232	2.905	567.183	-195.488	56.223	-0.024	53.965	9.686	-16.835	-0.370	-0.078	-0.045	739	-0.119	0.856	-0.587	-1.513	0.909	1.062	-1.263	
-2.977	0.233	2.904	567.230	-195.045	57.003	-0.090	54.140	9.509	-16.816	-0.387	-0.337	-0.015	745	-0.118	0.854	-0.587	-1.513	0.909	1.064	-1.264	
-2.977	0.233	2.903	567.274	-194.685	57.697	0.023	54.079	9.524	-16.974	-0.460	-0.424	0.004	752	-0.118	0.853	-0.588	-1.513	0.909	1.065	-1.264	
-2.976	0.234	2.902	567.322	-194.219	58.668	0.066	54.243	9.527	-16.896	-0.482	-0.236	0.007	759	-0.118	0.852	-0.588	-1.513	0.909	1.067	-1.264	
-2.976	0.235	2.901	567.359	-193.895	59.415	0.282	54.052	9.626	-16.962	-0.462	-0.164	0.025	766	-0.118	0.851	-0.588	-1.513	0.909	1.069	-1.264	
-2.975	0.236	2.899	567.416	-193.362	60.716	0.078	54.223	9.675	-16.888	-0.291	-0.165	0.035	776	-0.118	0.849	-0.588	-1.513	0.909	1.072	-1.264	
-2.975	0.236	2.898	567.474	-192.947	61.814	0.234	53.861	9.829	-17.276	-0.258	-0.481	0.050	783	-0.118	0.847	-0.588	-1.513	0.909	1.074	-1.265	
-2.974	0.237	2.897	567.507	-192.631	62.665	0.001	53.931	9.838	-17.355	-0.202	-0.036	0.064	790	-0.118	0.846	-0.589	-1.513	0.909	1.075	-1.265	
-2.974	0.238	2.896	567.548	-192.197	63.819	0.108	54.754	9.706	-16.917	-0.126	-0.348	0.071	797	-0.118	0.844	-0.589	-1.513	0.908	1.077	-1.265	
-2.974	0.239	2.895	567.572	-191.815	64.837	-0.112	53.843	9.726	-17.468	-0.145	-0.243	0.059	803	-0.118	0.843	-0.589	-1.513	0.908	1.079	-1.265	
-2.973	0.239	2.894	567.576	-191.471	65.725	0.060	54.403	9.468	-16.820	-0.215	-0.271	0.048	811	-0.118	0.842	-0.590	-1.513	0.908	1.081	-1.265	
-2.973	0.240	2.892	567.585	-191.029	66.940	0.332	53.839	9.564	-16.710	-0.025	-0.250	0.057	817	-0.117	0.840	-0.590	-1.513	0.908	1.084	-1.265	
-2.973	0.241	2.891	567.591	-190.701	67.882	0.448	53.529	9.898	-17.203	-0.038	-0.595	0.033	825	-0.117	0.838	-0.590	-1.513	0.908	1.086	-1.265	
-2.972	0.241	2.890	567.598	-190.305	69.025	0.282	53.529	9.551	-17.072	-0.193	-0.123	0.013	831	-0.117	0.837	-0.591	-1.513	0.908	1.088	-1.265	
-2.972	0.242	2.889	567.598	-189.951	70.026	0.323	53.507	9.617	-17.011	-0.138	-0.234	-0.002	838	-0.117	0.835	-0.591	-1.513	0.907	1.090	-1.265	
-2.972	0.243	2.887	567.605	-189.529	71.246	0.293	53.199	9.688	-17.749	-0.202	0.069	-0.002	845	-0.117	0.833	-0.592	-1.513	0.907	1.093	-1.265	
-2.971	0.244	2.886	567.598	-189.010	72.681	0.500	53.641	9.702	-17.203	-0.260	-0.094	-0.029	851	-0.117	0.831	-0.592	-1.513	0.907	1.095	-1.265	
-2.971	0.245	2.885	567.604	-188.605	73.800	0.441	52.644	9.814	-17.458	-0.195	-0.169	-0.031	858	-0.117	0.830	-0.592	-1.513	0.907	1.097	-1.265	
-2.970	0.245	2.883	567.607	-188.089	75.161	0.468	53.286	9.856	-17.487	-0.211	-0.518	-0.016	864	-0.116	0.827	-0.593	-1.513	0.907	1.100	-1.265	
-2.969	0.247	2.881	567.622	-187.220	77.366	0.475	54.528	9.578	-17.428	-0.386	-0.170	-0.013	872	-0.116	0.825	-0.594	-1.513	0.906	1.104	-1.265	
-2.969	0.248	2.879	567.613	-186.728	78.572	0.386	54.297	9.786	-17.585	-0.285	-0.397	-0.012	882	-0.116	0.822	-0.594	-1.513	0.906	1.107	-1.265	
-2.968	0.249	2.878	567.590	-186.134	79.973	0.522	53.443	9.729	-17.432	-0.366	-0.362	-0.004	889	-0.115	0.820	-0.595	-1.513	0.906	1.110	-1.265	
-2.968	0.249	2.876	567.566	-185.619	81.198	0.414	52.934	9.576	-17.376	-0.311	-0.381	0.009	896	-0.115	0.818	-0.595	-1.513	0.906	1.113	-1.265	
-2.967	0.251	2.874	567.546	-184.835	83.094	0.263	52.865	9.350	-17.347	-0.325	-0.432	0.033	904	-0.115	0.816	-0.596	-1.513	0.905	1.116	-1.265	
-2.966	0.252	2.871	567.531	-183.816	85.734	0.208	52.423	9.458	-17.697	-0.323	-0.313	0.047	917	-0.114	0.811	-0.597	-1.513	0.905	1.122	-1.265	
-2.965	0.254	2.870	567.534	-183.144	87.563	0.788	52.705	9.659	-17.790	-0.330	-0.573	0.063	923	-0.114	0.809	-0.597	-1.513	0.905	1.124	-1.265	
-2.964	0.254	2.868	567.542	-182.638	88.971	1.118	53.439	9.710	-17.823	-0.374	-0.304	0.057	931	-0.113	0.807	-0.598	-1.513	0.904	1.128	-1.265	
-2.964	0.256	2.867	567.548	-182.033	90.625	1.635	53.981	10.032	-18.138	-0.380	-0.590	0.074	937	-0.113	0.804	-0.599	-1.513	0.904	1.131	-1.265	
-2.963	0.257	2.866	567.546	-181.468	92.021	0.922	53.864	9.701	-18.090	-0.289	-0.759	0.094	944	-0.112	0.802	-0.599	-1.513	0.903	1.133	-1.265	
-2.962	0.258	2.864	567.543	-180.671	93.867	0.462	53.294	9.445	-17.455	-0.353	-0.309	0.109	952	-0.112	0.799	-0.600	-1.513	0.903	1.136	-1.265	
-2.961	0.259	2.863	567.545	-180.080	95.274	0.594	52.392	9.784	-17.566	-0.250	-0.521	0.127	958	-0.111	0.797	-0.600	-1.513	0.903	1.139	-1.265	
-2.960	0.260	2.861	567.567	-179.296	97.185	0.464	52.170	9.691	-17.797	-0.261	-0.725	0.128	966	-0.111	0.794	-0.601	-1.513	0.902	1.143	-1.265	
-2.958	0.261	2.860	567.629	-178.381	99.405	-0.144	51.883	9.396	-17.951	-0.282	-0.780	0.115	972	-0.110	0.791	-0.602	-1.513	0.901	1.146	-1.265	
-2.957	0.263	2.859	567.670	-177.813	100.924	0.995	52.622	9.748	-17.856	-0.422	-0.330	0.067	980	-0.109	0.789	-0.602	-1.513	0.901	1.148	-1.265	
-2.956	0.264	2.857	567.718	-177.135	102.728	1.534	53.611	9.825	-17.979	-0.442	-0.394	0.032	988	-0.109	0.786	-0.603	-1.513	0.900	1.151	-1.265	
-2.955	0.265	2.856	567.767	-176.499	104.255	1.491	53.810	9.380	-18.552	-0.818	-0.749	0.008	993	-0.108	0.784	-0.603	-1.513	0.900	1.154	-1.265	
-2.954	0.266	2.855	567.803	-175.750	105.992	1.621	53.045	9.612	-18.299	-0.762	-0.869	-0.009	1001	-0.107	0.781	-0.604	-1.513	0.899	1.157	-1.265	
-2.952	0.267	2.854	567.843	-174.886	107.974	0.976	52.095	9.382	-17.794	-0.699	-0.805	0.019	1006	-0.106	0.778	-0.605	-1.513	0.899	1.159	-1.265	
-2.950	0.269	2.853	567.905	-174.223	109.495	0.574	51.646	9.153	-18.006	-0.780	-0.868	0.034	1015	-0.105	0.775	-0.605	-1.513	0.898	1.162	-1.265	
-2.949	0.270	2.853	567.982	-173.508	111.310	0.867	51.365	9.908	-18.380	-0.681	-0.850	0.041	1020	-0.104	0.772	-0.606	-1.513	0.897	1.165	-1.265	
-2.947	0.271	2.852	568.058	-172.904	112.888	0.409	52.008	9.535	-18.681	-0.835	-0.881	0.033	1028	-0.103	0.769	-0.607	-1.514	0.896	1.167	-1.264	
-2.945	0.272	2.852	568.165	-172.079	115.009	0.167	53.519	9.368	-18.606	-0.883	-0.669	0.044	1035	-0.102	0.766	-0.607	-1.514	0.895	1.170	-1.264	
-2.944	0.273	2.851	568.215	-171.478	116.558	0.985	54.279	9.473	-18.529	-1.029	-0.694	0.083	1042	-0.101	0.764	-0.608	-1.514	0.894	1.172	-1.264	
-2.942	0.274	2.851	568.240	-170.815	118.297	1.692	53.059	10.003	-18.241	-0.725	-0.865	0.116	1049	-0.100	0.761	-0.608	-1.514	0.893	1.174	-1.264	
-2.940	0.275	2.851	568.280	-170.228	119.759	1.405	51.297	9.720	-18.232	-0.644	-0.983	0.128	1054	-0.099	0.758	-0.609	-1.514	0.892	1.176	-1.264	
-2.938	0.277	2.851	568.374	-169.392	121.726	0.855	50.891	9.106	-18.186	-0.805	-0.831	0.115	1063	-0.097	0.755	-0.610	-1.514	0.890	1.179	-1.264	
-2.935	0.278	2.851	568.544	-168.428	124.277	1.015	51.021	9.529	-18.417	-0.734	-0.739	0.089	1069	-0.096	0.752	-0.610	-1.514	0.889	1.180	-1.264	
-2.932	0.280	2.851	568.715	-167.672	126.367	1.182	52.617	9.641	-19.143	-0.759	-0.742	0.049	1079	-0.094	0.747	-0.611	-1.514	0.887	1.183	-1.263	
-2.930	0.281	2.852	568.828	-167.079	127.892	1.429	53.049	9.667	-19.465	-1.003	-0.764	0.039	1087	-0.093	0.744	-0.611	-1.514	0.885	1.184	-1.263	
-2.928	0.282	2.852	568.920	-166.368	129.601	1.774	52.309	9.665	-18.920	-0.990	-0.833	-0.008	1092	-0.091	0.741	-0.612	-1.514	0.884	1.186	-1.263	
-2.926	0.282	2.853	569.004	-165.745	131.042	1.963	50.975	9.674	-18.561	-0.946	-0.851	-0.005	1100	-0.090	0.738	-0.612	-1.514	0.882	1.187	-1.263	
-2.922	0.284	2.854	569.177	-164.779	133.237	1.734	50.794	9.559	-18.155	-0.843	-0.603	-0.019	1107	-0.088	0.735	-0.613	-1.514	0.880	1.189	-1.262	
-2.920	0.284	2.854	569.305	-164.226	134.483	1.026	50.904	9.231	-18.477	-0.928	-0.923	-0.021	1114	-0.086	0.732	-0.613	-1.514	0.878	1.190	-1.262	
-2.917	0.285	2.856	569.506	-163.450	136.258	0.370	51.696	9.429	-18.973	-0.900	-0.733	-0.009	1121	-0.085	0.729	-0.614	-1.514	0.877	1.191	-1.262	
-2.914	0.287	2.857	569.724	-162.606	138.256	0.048	53.150	9.089	-19.496	-0.955	-0.731	0.021	1126	-0.083	0.726	-0.614	-1.514	0.875	1.192	-1.261	
-2.911	0.287	2.858	569.838	-161.995	139.678	0.356	52.026	9.319	-19.609	-0.840	-0.802	0.038	1135	-0.081	0.722	-0.615	-1.514	0.872	1.193	-1.261	
-2.908	0.288	2.859	569.949	-161.311	141.282	1.073	50.892	9.667	-19.092	-0.703	-0.874	0.065	1140	-0.079	0.719	-0.615	-1.515	0.870	1.194	-1.261	
-2.906	0.289	2.861	570.065	-160.708	142.658	1.566	49.981	9.219	-18.440	-0.681	-0.732	0.087	1148	-0.077	0.716	-0.615	-1.515	0.868	1.194	-1.260	
-2.902	0.290	2.863	570.309	-159.790	144.810	1.819	50.858	9.527	-18.737	-0.725	-0.837	0.104	1156	-0.075	0.713	-0.616	-1.515	0.865	1.195	-1.260	
-2.892	0.293	2.868	571.028	-157.606	149.662	1.821	52.344	9.672	-19.807	-0.872	-0.696	0.135	1169	-0.071	0.706	-0.616	-1.515	0.860	1.196	-1.259	
-2.889	0.293	2.870	571.222	-156.871	151.002	1.100	50.801	9.229	-19.681	-0.573	-0.736	0.164	1183	-0.067	0.700	-0.617	-1.515	0.855	1.197	-1.258	
-2.884	0.294	2.873	571.537	-155.758	153.021	0.341	49.005	8.565	-19.169	-0.566	-0.693	0.210	1191	-0.064	0.696	-0.617	-1.515	0.852	1.197	-1.257	
-2.881	0.295	2.875	571.816	-154.939	154.670	0.519	49.456	8.898	-18.931	-0.489	-0.703	0.272	1198	-0.061	0.693	-0.617	-1.515	0.849	1.197	-1.256	
-2.876	0.296	2.878	572.206	-153.917	156.876	0.891	52.317	9.552	-19.874	-0.538	-0.680	0.322	1207	-0.058	0.688	-0.617	-1.515	0.845	1.197	-1.255	
-2.872	0.297	2.880	572.525	-152.952	158.752	0.971	53.149	9.416	-19.967	-0.438	-0.753	0.358	1215	-0.055	0.684	-0.617	-1.515	0.842	1.197	-1.254	
-2.869	0.297	2.882	572.735	-152.183	160.065	1.175	51.724	9.246	-19.277	-0.494	-0.677	0.392	1222	-0.053	0.681	-0.617	-1.515	0.839	1.197	-1.253	
-2.865	0.298	2.885	573.005	-151.108	161.784	1.565	49.316	8.994	-19.148	-0.604	-0.667	0.393	1230	-0.050	0.677	-0.618	-1.515	0.836	1.197	-1.251	
-2.862	0.298	2.887	573.311	-149.980	163.569	1.381	48.314	8.644	-18.798	-0.495	-0.583	0.388	1236	-0.047	0.674	-0.618	-1.515	0.832	1.197	-1.250	
-2.859	0.298	2.889	573.579	-149.109	164.973	0.243	49.458	8.220	-19.524	-0.559	-0.628	0.424	1244	-0.044	0.671	-0.618	-1.515	0.830	1.197	-1.248	
-2.855	0.299	2.892	573.980	-147.837	167.114	0.161	51.103	8.217	-20.478	-0.714	-0.573	0.393	1251	-0.041	0.667	-0.618	-1.515	0.826	1.197	-1.246	
-2.852	0.299	2.894	574.162	-147.154	168.250	1.012	51.612	9.135	-20.455	-0.718	-0.541	0.417	1258	-0.039	0.664	-0.618	-1.515	0.823	1.196	-1.245	
-2.849	0.299	2.896	574.405	-146.181	169.780	1.192	50.634	9.172	-20.355	-0.528	-0.386	0.425	1265	-0.036	0.661	-0.618	-1.515	0.820	1.196	-1.243	
-2.846	0.299	2.898	574.685	-144.999	171.501	1.143	47.967	8.595	-19.224	-0.669	-0.392	0.460	1271	-0.034	0.658	-0.618	-1.515	0.818	1.196	-1.241	
-2.843	0.300	2.901	575.043	-143.647	173.529	1.449	48.428	8.725	-18.663	-0.392	-0.381	0.438	1282	-0.029	0.653	-0.618	-1.515	0.812	1.196	-1.237	
-2.839	0.300	2.904	575.430	-142.410	175.416	0.844	50.479	8.431	-19.821	-0.428	-0.429	0.434	1289	-0.026	0.649	-0.618	-1.515	0.809	1.195	-1.235	
-2.837	0.300	2.906	575.748	-141.316	177.007	-0.273	51.834	8.011	-20.468	-0.398	-0.477	0.486	1295	-0.023	0.646	-0.618	-1.515	0.806	1.195	-1.232	
-2.835	0.300	2.908	575.965	-140.406	178.276	0.097	50.194	8.320	-20.364	-0.426	-0.302	0.468	1302	-0.020	0.643	-0.618	-1.515	0.802	1.195	-1.229	
-2.832	0.299	2.910	576.201	-139.345	179.732	0.750	48.186	8.774	-20.344	-0.569	-0.186	0.458	1309	-0.017	0.640	-0.618	-1.515	0.798	1.194	-1.226	
-2.831	0.299	2.912	576.401	-138.402	181.006	1.049	47.233	8.472	-19.538	-0.611	-0.209	0.378	1316	-0.014	0.637	-0.618	-1.515	0.795	1.194	-1.223	
-2.828	0.299	2.915	576.683	-137.113	182.796	1.567	47.800	8.407	-19.499	-0.631	-0.137	0.335	1324	-0.011	0.633	-0.618	-1.515	0.792	1.194	-1.220	
-2.826	0.299	2.916	576.919	-136.119	184.193	1.120	49.795	8.342	-20.418	-0.468	-0.226	0.466	1329	-0.008	0.630	-0.618	-1.515	0.788	1.194	-1.217	
-2.824	0.299	2.918	577.188	-134.922	185.796	0.231	50.955	7.630	-21.196	-0.600	-0.213	0.413	1337	-0.004	0.627	-0.618	-1.515	0.784	1.193	-1.212	
-2.822	0.298	2.921	577.406	-133.572	187.488	0.790	49.518	7.950	-20.720	-0.657	-0.232	0.398	1343	-0.001	0.624	-0.618	-1.515	0.781	1.193	-1.209	
-2.821	0.297	2.922	577.537	-132.558	188.716	1.087	47.576	8.657	-20.550	-0.666	-0.102	0.254	1350	0.002	0.621	-0.618	-1.515	0.777	1.193	-1.205	
-2.819	0.297	2.924	577.700	-131.127	190.399	0.958	46.223	8.249	-20.279	-0.570	0.024	0.262	1356	0.006	0.617	-0.618	-1.515	0.773	1.193	-1.201	
-2.817	0.296	2.926	577.825	-130.026	191.730	0.824	48.480	8.248	-20.382	-0.346	0.044	0.316	1365	0.009	0.614	-0.618	-1.515	0.770	1.193	-1.197	
-2.815	0.295	2.929	578.076	-127.992	194.262	-0.378	50.868	7.389	-21.317	-0.666	-0.037	0.337	1376	0.015	0.608	-0.618	-1.514	0.763	1.193	-1.189	
-2.813	0.294	2.931	578.196	-126.537	195.976	-0.056	50.007	7.821	-21.124	-0.931	-0.122	0.299	1384	0.018	0.605	-0.618	-1.514	0.759	1.193	-1.185	
-2.811	0.293	2.933	578.252	-124.926	197.763	1.160	47.320	8.472	-20.764	-0.630	0.038	0.368	1390	0.022	0.602	-0.618	-1.514	0.755	1.193	-1.180	
-2.810	0.292	2.935	578.295	-123.804	198.968	1.171	46.198	8.196	-20.273	-0.587	0.089	0.288	1399	0.026	0.598	-0.618	-1.514	0.750	1.193	-1.174	
-2.809	0.291	2.937	578.405	-122.090	200.886	1.027	46.609	8.188	-20.395	-0.659	0.128	0.271	1405	0.030	0.594	-0.618	-1.514	0.746	1.193	-1.169	
-2.807	0.289	2.940	578.525	-119.964	203.299	-0.522	49.264	6.935	-21.898	-0.549	-0.052	0.282	1413	0.034	0.591	-0.618	-1.514	0.741	1.193	-1.163	
-2.806	0.288	2.941	578.509	-118.858	204.531	1.471	48.244	8.420	-21.580	-0.608	0.083	0.182	1425	0.040	0.585	-0.618	-1.514	0.734	1.193	-1.155	
-2.805	0.286	2.943	578.441	-117.336	206.092	1.815	47.250	8.639	-21.140	-0.674	0.101	0.191	1433	0.044	0.582	-0.618	-1.514	0.729	1.193	-1.149	
-2.804	0.284	2.945	578.343	-115.680	207.656	1.559	45.870	8.070	-20.668	-0.651	0.169	0.157	1439	0.048	0.579	-0.618	-1.514	0.725	1.194	-1.144	
-2.803	0.283	2.946	578.254	-114.396	208.888	0.758	45.959	7.534	-20.787	-0.234	0.207	0.237	1446	0.052	0.576	-0.618	-1.514	0.721	1.194	-1.138	
-2.802	0.282	2.947	578.144	-112.867	210.377	-0.456	47.533	6.853	-21.427	-0.400	0.039	0.176	1452	0.056	0.572	-0.618	-1.514	0.716	1.195	-1.132	
-2.801	0.280	2.949	578.003	-111.399	211.867	0.848	48.630	8.203	-22.002	-0.320	0.065	0.187	1461	0.060	0.569	-0.618	-1.513	0.711	1.195	-1.126	
-2.800	0.278	2.950	577.762	-109.688	213.462	1.721	46.775	8.559	-21.574	-0.479	0.135	0.150	1469	0.065	0.565	-0.618	-1.513	0.706	1.196	-1.120	
-2.799	0.275	2.952	577.343	-107.102	215.541	0.879	45.270	7.691	-21.428	-0.375	0.182	0.215	1480	0.070	0.561	-0.617	-1.513	0.699	1.197	-1.111	
-2.798	0.273	2.952	577.091	-105.624	216.701	-0.514	44.948	6.008	-21.508	-0.647	-0.010	0.272	1485	0.074	0.558	-0.617	-1.513	0.695	1.198	-1.106	
-2.797	0.272	2.953	576.771	-103.979	218.110	1.058	45.570	7.518	-21.289	-0.335	-0.014	0.163	1493	0.079	0.554	-0.617	-1.513	0.690	1.199	-1.099	
-2.796	0.269	2.955	576.383	-102.120	219.757	2.073	47.308	8.727	-21.685	-0.325	0.042	0.181	1499	0.082	0.551	-0.617	-1.513	0.686	1.200	-1.094	
-2.795	0.268	2.955	576.135	-100.866	220.751	1.401	47.475	8.316	-22.244	-0.390	0.154	0.209	1506	0.086	0.548	-0.617	-1.513	0.681	1.201	-1.088	
-2.794	0.265	2.956	575.607	-98.502	222.429	-0.003	46.558	7.121	-22.178	-0.352	0.166	0.224	1512	0.091	0.544	-0.617	-1.513	0.675	1.203	-1.080	
-2.794	0.263	2.957	575.211	-96.912	223.519	-0.532	45.005	6.038	-22.058	-0.625	0.016	0.255	1521	0.096	0.541	-0.617	-1.513	0.671	1.204	-1.074	
-2.793	0.260	2.958	574.718	-95.151	224.823	0.824	44.419	6.913	-21.434	-0.533	0.040	0.420	1527	0.099	0.539	-0.616	-1.513	0.666	1.205	-1.069	
-2.792	0.259	2.958	574.364	-93.906	225.793	2.039	44.641	8.260	-21.120	-0.158	0.311	0.309	1533	0.103	0.536	-0.616	-1.513	0.662	1.206	-1.063	
-2.791	0.256	2.959	573.726	-91.495	227.572	1.387	45.797	7.871	-21.407	-0.017	-0.009	0.337	1542	0.108	0.532	-0.616	-1.513	0.656	1.208	-1.055	
-2.791	0.253	2.960	573.209	-89.524	228.942	-1.129	46.600	6.175	-22.676	-0.195	0.304	0.145	1548	0.112	0.529	-0.616	-1.513	0.652	1.209	-1.050	
-2.790	0.251	2.960	572.688	-87.882	230.053	-0.530	46.901	6.236	-22.334	-0.235	-0.153	0.223	1555	0.116	0.526	-0.616	-1.513	0.647	1.211	-1.043	
-2.790	0.248	2.961	572.045	-86.070	231.308	1.973	45.083	8.541	-21.996	-0.026	0.352	0.127	1561	0.121	0.523	-0.616	-1.513	0.641	1.213	-1.035	
-2.790	0.245	2.961	571.379	-84.134	232.565	1.828	43.093	7.677	-21.486	-0.169	0.521	-0.033	1569	0.126	0.519	-0.615	-1.513	0.636	1.215	-1.028	
-2.789	0.242	2.961	570.518	-81.446	234.241	-0.860	43.445	6.143	-21.281	0.096	-0.073	0.097	1577	0.131	0.516	-0.615	-1.513	0.630	1.217	-1.019	
-2.788	0.238	2.962	569.721	-79.102	235.821	0.085	45.180	6.541	-22.255	0.004	-0.003	0.302	1584	0.137	0.512	-0.615	-1.513	0.624	1.220	-1.010	
-2.788	0.236	2.962	568.957	-77.134	237.186	2.231	45.938	8.711	-22.611	0.179	0.318	-0.082	1593	0.141	0.509	-0.615	-1.513	0.620	1.221	-1.004	
-2.788	0.232	2.962	567.927	-74.375	238.833	1.916	45.571	8.082	-21.920	0.309	0.369	-0.032	1601	0.147	0.505	-0.614	-1.513	0.613	1.224	-0.994	
-2.787	0.228	2.962	567.091	-72.062	240.076	-1.180	43.343	5.360	-22.171	0.001	0.209	0.106	1607	0.151	0.502	-0.614	-1.513	0.609	1.226	-0.988	
-2.787	0.226	2.962	566.324	-70.136	241.179	-0.438	42.578	5.596	-21.813	-0.373	0.364	-0.108	1615	0.156	0.499	-0.614	-1.513	0.604	1.229	-0.980	
-2.787	0.222	2.961	565.405	-67.993	242.536	2.031	43.279	8.039	-21.035	0.131	0.417	0.186	1620	0.162	0.495	-0.613	-1.513	0.598	1.232	-0.972	
-2.787	0.220	2.961	564.634	-66.053	243.744	2.149	45.117	8.123	-22.261	0.263	0.387	0.093	1628	0.166	0.492	-0.613	-1.513	0.594	1.235	-0.965	
-2.786	0.216	2.961	563.555	-63.283	245.304	-0.805	44.958	6.089	-23.137	0.326	0.057	0.218	1635	0.171	0.489	-0.613	-1.513	0.589	1.238	-0.957	
-2.786	0.213	2.960	562.694	-61.210	246.406	-1.196	44.034	5.185	-22.695	-0.028	0.004	0.025	1642	0.176	0.486	-0.612	-1.513	0.584	1.241	-0.950	
-2.786	0.209	2.960	561.491	-58.630	247.860	2.197	42.793	7.974	-21.888	0.128	0.069	0.217	1649	0.181	0.483	-0.612	-1.513	0.579	1.244	-0.942	
-2.786	0.205	2.959	560.298	-55.897	249.354	0.026	42.726	6.008	-22.002	0.204	0.165	0.251	1655	0.185	0.480	-0.612	-1.513	0.575	1.246	-0.935	
-2.786	0.198	2.958	558.048	-50.589	252.300	0.975	43.449	6.827	-22.740	0.055	-0.059	0.113	1669	0.196	0.473	-0.611	-1.513	0.564	1.253	-0.918	
-2.786	0.194	2.958	556.793	-47.860	253.854	2.117	44.466	8.030	-22.760	0.357	-0.125	0.373	1679	0.202	0.470	-0.610	-1.512	0.559	1.257	-0.908	
-2.786	0.190	2.957	555.693	-45.265	255.144	0.350	44.448	6.589	-22.215	0.320	0.156	0.202	1687	0.209	0.466	-0.610	-1.512	0.553	1.261	-0.898	
-2.786	0.187	2.956	554.732	-43.025	256.224	-1.109	42.161	4.701	-22.532	0.135	0.067	0.252	1693	0.214	0.462	-0.609	-1.512	0.548	1.265	-0.889	
-2.787	0.183	2.956	553.589	-40.567	257.511	3.016	41.082	8.340	-21.535	0.489	0.098	0.386	1701	0.219	0.459	-0.609	-1.512	0.543	1.268	-0.881	
-2.787	0.179	2.955	552.156	-37.265	259.279	2.835	42.040	7.947	-21.923	0.641	0.102	0.263	1709	0.225	0.456	-0.608	-1.512	0.538	1.272	-0.871	
-2.787	0.176	2.954	551.069	-34.472	260.696	-1.659	43.685	4.758	-23.473	0.379	-0.386	0.148	1715	0.230	0.453	-0.607	-1.512	0.534	1.275	-0.864	
-2.787	0.173	2.954	550.106	-32.172	261.863	-0.745	44.427	5.648	-23.250	0.055	-0.225	0.207	1722	0.235	0.450	-0.607	-1.512	0.530	1.278	-0.855	
-2.788	0.169	2.953	548.949	-29.620	263.152	2.616	42.368	8.393	-22.383	0.744	-0.098	-0.023	1729	0.241	0.446	-0.606	-1.511	0.525	1.282	-0.845	
-2.788	0.166	2.953	547.960	-27.257	264.249	0.785	41.313	6.620	-22.285	0.636	-0.060	0.231	1736	0.246	0.444	-0.606	-1.511	0.521	1.285	-0.838	
-2.788	0.162	2.952	546.653	-23.947	265.731	-1.584	40.650	4.347	-22.788	0.341	-0.347	0.062	1743	0.252	0.441	-0.605	-1.511	0.516	1.288	-0.829	
-2.788	0.159	2.951	545.838	-21.974	266.692	1.438	41.096	6.484	-22.251	0.233	-0.266	0.224	1749	0.256	0.438	-0.604	-1.511	0.513	1.291	-0.821	
-2.789	0.156	2.951	544.554	-18.891	268.255	2.394	41.783	8.153	-22.340	0.630	-0.033	0.139	1757	0.263	0.435	-0.603	-1.511	0.508	1.295	-0.811	
-2.789	0.152	2.950	543.286	-15.515	269.825	-1.105	43.160	5.656	-23.246	0.474	-0.321	0.099	1763	0.268	0.432	-0.603	-1.511	0.504	1.298	-0.803	
-2.789	0.148	2.949	541.994	-12.193	271.309	1.092	42.259	6.493	-23.009	0.352	-0.441	0.078	1771	0.273	0.429	-0.602	-1.510	0.500	1.301	-0.795	
-2.790	0.144	2.948	540.691	-9.042	272.720	2.561	41.134	8.369	-22.597	0.781	-0.264	-0.078	1781	0.282	0.424	-0.601	-1.510	0.494	1.306	-0.780	
-2.791	0.141	2.948	539.420	-5.628	274.156	-0.255	40.744	5.553	-22.249	0.592	-0.579	0.225	1787	0.287	0.422	-0.600	-1.510	0.491	1.309	-0.773	
-2.791	0.138	2.947	538.501	-3.018	275.266	-1.730	40.871	3.472	-22.779	0.488	-0.446	0.215	1795	0.294	0.418	-0.599	-1.510	0.486	1.313	-0.762	
-2.792	0.135	2.947	537.465	-0.185	276.592	2.125	41.379	6.796	-22.902	0.662	-0.509	0.319	1801	0.299	0.415	-0.598	-1.509	0.483	1.316	-0.753	
-2.792	0.133	2.947	536.597	2.290	277.713	1.666	42.072	6.919	-23.480	0.592	-0.512	0.210	1808	0.304	0.413	-0.597	-1.509	0.480	1.318	-0.745	
-2.793	0.130	2.946	535.451	5.816	279.148	-2.393	42.477	3.953	-23.609	0.134	-0.505	0.101	1816	0.310	0.410	-0.596	-1.509	0.476	1.321	-0.736	
-2.793	0.127	2.946	534.592	8.341	280.171	0.786	41.572	6.149	-22.748	0.488	-0.461	0.169	1822	0.315	0.408	-0.595	-1.509	0.473	1.323	-0.728	
-2.794	0.124	2.946	533.485	11.600	281.521	2.754	40.506	7.613	-22.619	0.643	-0.301	0.031	1829	0.322	0.404	-0.594	-1.509	0.469	1.326	-0.717	
-2.795	0.122	2.946	532.543	14.654	282.704	-0.476	40.047	4.997	-23.114	0.630	-0.524	0.020	1835	0.327	0.402	-0.593	-1.509	0.466	1.328	-0.709	
-2.796	0.120	2.946	531.764	17.294	283.735	-1.316	40.740	3.820	-23.332	0.329	-0.817	-0.019	1843	0.333	0.399	-0.592	-1.508	0.462	1.330	-0.700	
-2.797	0.117	2.946	530.893	20.177	284.933	1.965	40.838	6.858	-23.086	0.723	-0.392	0.069	1848	0.340	0.396	-0.591	-1.508	0.459	1.332	-0.689	
-2.797	0.115	2.946	530.162	22.737	285.951	0.723	41.053	6.020	-23.347	0.841	-0.332	0.004	1856	0.344	0.394	-0.590	-1.508	0.456	1.333	-0.683	
-2.798	0.113	2.946	529.182	26.331	287.254	-1.777	40.750	3.735	-24.047	0.520	-0.723	-0.022	1864	0.352	0.391	-0.588	-1.508	0.452	1.336	-0.670	
-2.799	0.110	2.946	528.112	30.173	288.669	2.378	39.869	6.772	-23.275	0.888	-0.451	0.125	1870	0.356	0.389	-0.588	-1.508	0.450	1.337	-0.664	
-2.800	0.109	2.946	527.428	32.818	289.605	0.273	40.127	5.262	-23.171	0.696	-0.603	0.028	1879	0.365	0.385	-0.586	-1.507	0.445	1.339	-0.650	
-2.801	0.106	2.946	526.457	37.017	290.990	-1.000	40.170	3.687	-23.087	0.497	-0.635	0.267	1888	0.372	0.382	-0.584	-1.507	0.442	1.341	-0.640	
-2.802	0.105	2.946	525.850	39.712	291.925	1.661	40.684	6.431	-22.718	1.217	-0.485	-0.195	1894	0.377	0.380	-0.583	-1.507	0.439	1.342	-0.632	
-2.802	0.104	2.947	525.190	42.926	293.003	1.405	39.569	7.054	-23.539	1.263	-0.281	-0.316	1901	0.384	0.377	-0.582	-1.507	0.436	1.343	-0.621	
-2.803	0.102	2.947	524.124	48.251	294.665	0.501	39.719	5.590	-23.613	1.091	-0.453	-0.041	1907	0.389	0.375	-0.581	-1.507	0.434	1.344	-0.613	
-2.805	0.100	2.947	522.632	55.881	297.027	-1.976	40.334	2.989	-23.550	0.604	-0.431	-0.322	1923	0.403	0.369	-0.577	-1.506	0.429	1.345	-0.592	
-2.806	0.099	2.947	521.887	59.804	298.152	0.417	40.141	5.160	-23.407	1.159	-0.379	-0.065	1936	0.415	0.365	-0.575	-1.506	0.425	1.347	-0.574	
-2.807	0.098	2.947	521.362	62.651	298.981	2.121	39.364	7.400	-23.649	1.408	-0.230	0.005	1942	0.420	0.363	-0.573	-1.506	0.423	1.347	-0.566	
-2.808	0.097	2.946	520.728	66.198	299.943	-0.386	38.622	4.520	-24.292	1.046	-0.330	0.033	1949	0.426	0.361	-0.572	-1.506	0.421	1.347	-0.557	
-2.809	0.096	2.946	519.975	70.294	301.031	-0.946	38.463	3.981	-23.691	0.666	-0.470	-0.354	1954	0.431	0.359	-0.571	-1.506	0.420	1.348	-0.550	
-2.810	0.096	2.946	519.438	73.248	301.873	1.831	38.232	6.307	-23.793	1.396	-0.281	-0.356	1962	0.438	0.356	-0.569	-1.506	0.418	1.348	-0.540	
-2.811	0.096	2.945	518.501	78.496	303.278	-2.119	39.624	2.865	-24.564	0.718	-0.433	-0.123	1969	0.445	0.354	-0.567	-1.506	0.416	1.348	-0.529	
-2.812	0.095	2.944	517.760	82.655	304.357	0.055	40.829	4.863	-23.590	0.749	-0.502	-0.261	1980	0.453	0.351	-0.565	-1.506	0.414	1.348	-0.518	
-2.813	0.095	2.944	517.219	85.718	305.135	1.231	39.729	6.835	-23.653	1.309	-0.314	-0.307	1987	0.459	0.349	-0.564	-1.506	0.413	1.348	-0.509	
-2.814	0.095	2.943	516.542	89.485	306.011	-1.582	39.713	3.547	-23.923	0.525	-0.570	0.017	1993	0.466	0.346	-0.562	-1.506	0.412	1.348	-0.498	
-2.815	0.095	2.942	515.956	92.699	306.733	-1.359	39.120	3.948	-23.712	0.551	-0.693	-0.315	2000	0.472	0.344	-0.560	-1.506	0.411	1.348	-0.490	
-2.816	0.095	2.942	515.196	96.801	307.707	1.364	38.431	5.711	-23.749	1.175	-0.380	-0.220	2007	0.478	0.342	-0.559	-1.506	0.410	1.348	-0.482	
-2.817	0.094	2.941	514.580	100.000	308.433	-0.967	38.743	3.408	-24.082	0.765	-0.465	-0.292	2013	0.483	0.341	-0.557	-1.506	0.409	1.348	-0.474	
-2.818	0.094	2.940	513.834	103.783	309.284	-3.115	38.038	2.216	-23.976	0.703	-0.448	-0.232	2021	0.490	0.339	-0.555	-1.506	0.409	1.348	-0.464	
-2.820	0.094	2.938	513.029	107.856	310.265	0.523	38.880	5.339	-23.890	0.816	-0.444	-0.038	2027	0.495	0.337	-0.554	-1.506	0.408	1.348	-0.456	
-2.821	0.094	2.938	512.435	110.969	310.991	1.032	39.278	5.594	-24.046	0.937	-0.365	-0.275	2034	0.501	0.335	-0.553	-1.506	0.408	1.347	-0.447	
-2.822	0.094	2.936	511.703	114.752	311.794	-1.981	40.075	1.972	-23.982	0.468	-0.503	-0.083	2041	0.508	0.333	-0.551	-1.506	0.407	1.347	-0.437	
-2.823	0.094	2.935	511.114	117.894	312.446	0.835	39.830	5.134	-23.346	1.167	-0.360	-0.060	2048	0.513	0.331	-0.550	-1.506	0.407	1.347	-0.430	
-2.825	0.095	2.934	510.383	122.060	313.281	1.571	39.688	5.750	-23.963	1.004	-0.486	-0.069	2056	0.519	0.330	-0.548	-1.506	0.407	1.346	-0.421	
-2.826	0.095	2.933	509.714	125.888	313.960	-2.096	38.837	1.828	-23.775	0.373	-0.497	-0.043	2062	0.525	0.328	-0.547	-1.506	0.406	1.345	-0.413	
-2.828	0.096	2.931	508.748	131.739	315.003	0.829	38.255	5.486	-23.917	0.954	-0.340	-0.330	2071	0.534	0.326	-0.544	-1.506	0.406	1.344	-0.399	
-2.829	0.096	2.930	508.139	135.461	315.645	0.325	37.894	5.497	-23.995	0.399	-0.076	-0.254	2081	0.540	0.324	-0.542	-1.506	0.407	1.343	-0.389	
-2.831	0.097	2.928	507.374	139.836	316.365	-3.055	38.334	2.140	-24.200	0.075	-0.325	-0.023	2087	0.546	0.323	-0.541	-1.506	0.407	1.342	-0.382	
-2.832	0.097	2.927	506.835	142.959	316.885	0.050	38.710	3.819	-23.669	0.431	-0.127	-0.016	2095	0.551	0.322	-0.539	-1.506	0.407	1.341	-0.374	
-2.833	0.097	2.926	506.206	146.558	317.478	1.317	39.276	4.926	-24.174	0.232	0.096	0.021	2100	0.558	0.320	-0.538	-1.506	0.407	1.339	-0.364	
-2.835	0.098	2.925	505.510	150.282	318.009	-2.531	39.088	1.708	-24.047	-0.183	-0.203	0.093	2109	0.564	0.319	-0.536	-1.507	0.407	1.338	-0.356	
-2.836	0.098	2.923	504.588	154.949	318.631	-0.551	38.722	3.629	-24.008	-0.018	0.081	-0.154	2117	0.570	0.317	-0.534	-1.507	0.407	1.337	-0.346	
-2.838	0.098	2.922	503.883	158.450	319.089	1.043	38.650	5.366	-24.582	0.255	0.170	0.034	2124	0.575	0.316	-0.533	-1.507	0.407	1.335	-0.339	
-2.839	0.098	2.921	503.199	161.550	319.436	-0.311	38.601	3.691	-24.332	0.079	0.086	0.216	2131	0.581	0.315	-0.532	-1.507	0.407	1.334	-0.331	
-2.840	0.098	2.920	502.344	165.172	319.805	-1.934	38.499	1.960	-24.113	-0.226	0.053	0.062	2137	0.587	0.314	-0.530	-1.507	0.407	1.333	-0.322	
-2.841	0.098	2.918	501.516	168.605	320.155	0.536	38.322	4.928	-24.151	0.134	0.097	-0.338	2144	0.592	0.313	-0.528	-1.507	0.407	1.332	-0.315	
-2.843	0.098	2.917	500.650	172.065	320.473	0.726	38.977	4.778	-24.371	-0.057	0.023	-0.129	2151	0.597	0.313	-0.527	-1.507	0.407	1.331	-0.306	
-2.844	0.098	2.916	499.835	175.100	320.704	-2.129	39.077	1.941	-24.055	-0.329	-0.091	-0.081	2157	0.602	0.312	-0.526	-1.508	0.407	1.330	-0.299	
-2.847	0.096	2.914	497.660	182.805	321.133	0.390	38.632	4.956	-24.225	0.240	0.143	-0.002	2170	0.613	0.310	-0.523	-1.508	0.407	1.328	-0.284	
-2.849	0.096	2.912	496.639	186.209	321.247	-2.300	38.588	2.534	-24.293	-0.031	-0.207	-0.308	2181	0.621	0.310	-0.521	-1.509	0.407	1.326	-0.272	
-2.850	0.095	2.911	495.450	190.034	321.326	-1.737	38.528	2.050	-24.244	-0.150	-0.113	-0.063	2189	0.627	0.309	-0.519	-1.509	0.407	1.325	-0.263	
-2.852	0.094	2.910	494.323	193.662	321.366	0.563	38.603	4.730	-24.338	0.290	0.000	-0.247	2195	0.632	0.309	-0.518	-1.509	0.407	1.324	-0.256	
-2.853	0.093	2.909	493.439	196.446	321.364	0.152	38.900	4.335	-24.265	0.017	-0.104	-0.493	2203	0.637	0.308	-0.517	-1.510	0.407	1.323	-0.248	
-2.854	0.092	2.908	492.357	199.714	321.314	-2.145	38.717	2.242	-24.102	-0.162	-0.054	0.012	2208	0.643	0.308	-0.515	-1.510	0.407	1.321	-0.239	
-2.856	0.091	2.907	491.470	202.437	321.243	-0.399	39.079	3.880	-23.884	0.010	-0.361	-0.260	2216	0.648	0.308	-0.514	-1.510	0.407	1.320	-0.233	
-2.857	0.090	2.906	490.330	205.959	321.104	0.839	38.814	4.747	-24.143	0.261	-0.003	-0.103	2223	0.653	0.307	-0.513	-1.511	0.407	1.319	-0.225	
-2.859	0.090	2.906	489.437	208.676	320.965	-0.375	39.245	3.805	-24.218	-0.002	-0.197	-0.236	2229	0.657	0.307	-0.512	-1.511	0.407	1.318	-0.219	
-2.860	0.089	2.905	488.375	211.864	320.759	-2.179	39.194	1.885	-24.395	-0.176	-0.211	-0.033	2237	0.663	0.307	-0.510	-1.512	0.407	1.316	-0.210	
-2.861	0.087	2.904	487.217	215.344	320.492	-0.594	39.292	3.898	-24.078	-0.092	-0.254	-0.348	2243	0.668	0.307	-0.509	-1.512	0.407	1.315	-0.203	
-2.863	0.087	2.903	486.369	217.897	320.265	0.104	39.257	4.390	-24.333	0.101	0.005	-0.203	2250	0.673	0.308	-0.508	-1.512	0.407	1.313	-0.196	
-2.864	0.086	2.903	485.172	221.385	319.906	-1.112	39.354	3.290	-24.430	-0.002	-0.023	-0.114	2256	0.678	0.308	-0.507	-1.513	0.407	1.312	-0.188	
-2.865	0.085	2.902	484.265	223.970	319.590	-2.287	39.354	1.909	-24.371	-0.107	-0.052	-0.352	2265	0.683	0.308	-0.505	-1.513	0.407	1.310	-0.181	
-2.867	0.084	2.902	483.253	226.868	319.183	-0.224	38.744	4.009	-24.428	-0.034	-0.066	-0.365	2272	0.688	0.308	-0.504	-1.514	0.407	1.309	-0.174	
-2.869	0.082	2.901	481.930	230.560	318.588	-0.219	38.226	3.963	-24.726	0.020	0.207	-0.044	2278	0.692	0.309	-0.503	-1.514	0.407	1.307	-0.167	
-2.870	0.081	2.900	480.827	233.469	318.069	-2.023	38.443	2.409	-24.728	-0.235	0.077	-0.509	2287	0.699	0.309	-0.502	-1.515	0.407	1.305	-0.158	
-2.872	0.079	2.900	479.431	237.090	317.353	-1.141	38.442	2.846	-24.225	-0.113	-0.212	-0.349	2297	0.706	0.310	-0.500	-1.516	0.407	1.302	-0.148	
-2.873	0.078	2.899	478.213	240.186	316.681	0.156	38.636	4.585	-24.542	0.073	0.137	-0.303	2303	0.710	0.310	-0.499	-1.516	0.407	1.301	-0.142	
-2.874	0.076	2.899	477.242	242.557	316.136	-0.630	38.967	3.594	-24.417	-0.019	0.045	-0.379	2311	0.715	0.311	-0.498	-1.517	0.407	1.299	-0.135	
-2.875	0.075	2.899	476.088	245.290	315.451	-1.441	39.227	2.749	-24.245	-0.077	-0.054	-0.126	2317	0.720	0.312	-0.496	-1.518	0.407	1.297	-0.128	
-2.877	0.073	2.898	474.949	247.962	314.722	-1.514	39.153	2.837	-24.162	-0.085	-0.181	-0.549	2324	0.724	0.313	-0.495	-1.519	0.407	1.296	-0.122	
-2.878	0.072	2.898	473.859	250.532	313.953	-0.215	39.083	4.374	-24.478	0.014	0.108	-0.473	2332	0.728	0.313	-0.494	-1.519	0.407	1.294	-0.116	
-2.879	0.070	2.898	472.395	253.856	312.889	-0.485	38.873	3.771	-24.285	0.004	-0.077	-0.409	2338	0.733	0.314	-0.493	-1.520	0.407	1.292	-0.110	
-2.880	0.069	2.898	471.402	256.055	312.138	-1.079	39.349	3.033	-24.258	-0.031	-0.001	-0.249	2347	0.738	0.315	-0.492	-1.521	0.407	1.290	-0.102	
-2.881	0.067	2.898	470.247	258.577	311.226	-1.602	39.087	2.796	-24.520	-0.086	-0.047	-0.335	2353	0.743	0.317	-0.491	-1.522	0.407	1.288	-0.095	
-2.882	0.066	2.898	469.270	260.652	310.401	-0.358	39.200	4.101	-24.328	-0.013	0.075	-0.141	2360	0.747	0.317	-0.490	-1.523	0.407	1.286	-0.090	
-2.884	0.064	2.898	467.941	263.408	309.257	-0.727	38.997	3.457	-24.471	-0.025	0.193	-0.206	2367	0.751	0.319	-0.489	-1.524	0.407	1.284	-0.084	
-2.885	0.061	2.898	466.052	267.159	307.573	-0.682	39.155	3.037	-24.664	-0.123	0.012	-0.217	2376	0.757	0.320	-0.488	-1.525	0.407	1.282	-0.076	
-2.886	0.059	2.898	465.002	269.158	306.598	-1.390	38.868	2.816	-24.078	-0.059	-0.066	-0.392	2385	0.762	0.322	-0.486	-1.526	0.407	1.280	-0.070	
-2.887	0.057	2.898	463.799	271.422	305.441	-0.883	39.154	3.507	-24.174	-0.141	-0.178	-0.330	2391	0.766	0.323	-0.486	-1.528	0.407	1.278	-0.064	
-2.888	0.056	2.899	462.780	273.323	304.420	-0.582	39.314	3.877	-24.597	-0.001	-0.055	-0.133	2397	0.769	0.324	-0.485	-1.529	0.407	1.276	-0.059	
-2.889	0.053	2.899	461.398	275.848	303.012	-0.702	39.412	3.293	-24.729	-0.053	-0.299	-0.288	2406	0.774	0.326	-0.484	-1.530	0.407	1.274	-0.053	
-2.891	0.051	2.900	459.662	278.922	301.139	-1.675	39.474	2.903	-24.267	-0.004	-0.169	-0.212	2412	0.780	0.328	-0.482	-1.532	0.407	1.271	-0.045	
-2.892	0.047	2.900	457.676	282.435	298.789	-0.288	40.767	3.981	-24.559	0.043	-0.164	-0.409	2427	0.787	0.330	-0.481	-1.534	0.407	1.267	-0.036	
-2.893	0.046	2.901	456.701	284.148	297.543	-0.746	40.267	3.828	-24.627	-0.049	-0.354	-0.316	2434	0.791	0.332	-0.480	-1.535	0.407	1.265	-0.031	
-2.894	0.044	2.902	455.545	286.146	296.017	-0.733	41.090	3.449	-24.177	0.029	-0.395	-0.340	2440	0.794	0.334	-0.479	-1.537	0.407	1.263	-0.027	
-2.895	0.042	2.902	454.748	287.547	294.887	-0.934	40.517	3.535	-23.879	0.068	-0.515	-0.361	2446	0.798	0.335	-0.479	-1.538	0.407	1.261	-0.022	
-2.896	0.040	2.903	453.518	289.756	293.030	-1.541	40.419	3.290	-23.898	-0.039	-0.428	-0.356	2453	0.801	0.337	-0.478	-1.539	0.407	1.258	-0.017	
-2.897	0.038	2.904	452.240	292.168	290.864	-0.430	40.759	4.184	-24.046	0.043	-0.551	-0.294	2460	0.805	0.339	-0.477	-1.541	0.407	1.255	-0.013	
-2.898	0.037	2.905	451.418	293.768	289.370	-0.848	40.163	3.360	-23.995	0.018	-0.294	-0.318	2468	0.809	0.341	-0.476	-1.543	0.407	1.251	-0.007	
-2.899	0.035	2.906	450.224	296.147	287.058	-0.473	39.665	3.780	-23.988	-0.058	-0.573	-0.487	2478	0.814	0.344	-0.475	-1.545	0.407	1.247	-0.002	
-2.900	0.034	2.907	449.351	297.962	285.232	-0.929	39.676	3.597	-23.740	-0.063	-0.510	-0.293	2483	0.817	0.346	-0.475	-1.546	0.407	1.244	0.002	
-2.901	0.033	2.908	448.649	299.510	283.662	-1.734	40.108	3.023	-23.836	0.003	-0.725	-0.364	2490	0.821	0.348	-0.474	-1.548	0.407	1.240	0.006	
-2.902	0.033	2.909	447.931	301.251	281.807	-0.688	41.583	3.838	-24.135	0.044	-0.471	-0.396	2496	0.825	0.351	-0.473	-1.550	0.407	1.236	0.011	
-2.902	0.032	2.910	447.366	302.707	280.156	-0.569	42.063	4.186	-24.385	0.067	-0.784	-0.450	2504	0.828	0.353	-0.472	-1.552	0.407	1.232	0.014	
-2.903	0.031	2.912	446.530	304.922	277.559	-0.726	42.256	3.572	-24.937	0.025	-0.398	-0.421	2512	0.832	0.355	-0.472	-1.553	0.407	1.228	0.018	
-2.904	0.031	2.913	445.829	306.816	275.106	-0.368	41.406	4.078	-23.186	0.052	-0.494	-0.412	2519	0.835	0.358	-0.471	-1.556	0.407	1.223	0.022	
-2.905	0.030	2.914	445.356	308.261	273.241	-1.438	40.696	3.308	-22.774	0.046	-0.679	-0.450	2527	0.839	0.361	-0.470	-1.557	0.407	1.218	0.026	
-2.905	0.030	2.916	444.896	309.921	271.067	-1.270	40.112	3.374	-23.553	0.009	-0.489	-0.409	2532	0.843	0.364	-0.469	-1.560	0.407	1.212	0.029	
-2.906	0.030	2.917	444.512	311.483	268.877	-0.023	40.087	4.426	-24.231	0.038	-0.340	-0.457	2541	0.846	0.367	-0.469	-1.561	0.407	1.208	0.032	
-2.907	0.031	2.919	443.992	313.501	266.018	-0.909	40.418	3.461	-23.632	-0.114	-0.752	-0.402	2550	0.850	0.370	-0.468	-1.564	0.407	1.201	0.036	
-2.907	0.031	2.921	443.642	315.048	263.777	-0.785	41.732	3.661	-23.365	-0.116	-0.137	-0.455	2555	0.852	0.373	-0.468	-1.565	0.407	1.196	0.039	
-2.908	0.031	2.922	443.395	316.320	261.829	-0.511	42.718	4.345	-23.027	-0.003	-0.561	-0.475	2563	0.856	0.375	-0.467	-1.567	0.407	1.191	0.041	
-2.908	0.032	2.924	443.028	318.444	258.472	-1.570	43.083	3.139	-22.565	0.041	-0.582	-0.397	2569	0.859	0.379	-0.466	-1.570	0.407	1.184	0.044	
-2.909	0.033	2.926	442.889	320.078	255.699	-1.071	42.036	3.622	-23.543	0.043	-0.052	-0.401	2579	0.863	0.383	-0.466	-1.572	0.407	1.177	0.048	
-2.909	0.034	2.928	442.843	321.241	253.587	0.262	41.400	4.607	-23.692	0.017	-0.145	-0.419	2587	0.866	0.386	-0.465	-1.574	0.407	1.170	0.050	
-2.910	0.035	2.929	442.772	322.608	251.090	-0.522	40.451	3.690	-22.817	0.065	-0.459	-0.376	2593	0.870	0.390	-0.465	-1.577	0.407	1.163	0.052	
-2.910	0.036	2.931	442.745	323.971	248.609	-0.961	41.755	3.558	-22.997	-0.031	0.158	-0.437	2600	0.872	0.393	-0.464	-1.579	0.407	1.157	0.054	
-2.910	0.038	2.933	442.778	325.277	246.126	-1.276	42.318	4.103	-23.394	0.053	-0.055	-0.422	2607	0.875	0.396	-0.464	-1.581	0.407	1.151	0.056	
-2.910	0.039	2.934	442.804	326.359	243.954	-1.040	42.650	4.068	-22.425	0.050	-0.497	-0.424	2614	0.878	0.399	-0.464	-1.583	0.407	1.144	0.058	
-2.910	0.040	2.936	442.906	327.595	241.400	-1.219	42.661	3.684	-21.887	0.092	0.026	-0.446	2621	0.880	0.402	-0.463	-1.585	0.407	1.138	0.059	
-2.910	0.042	2.938	443.105	328.958	238.473	-0.108	42.488	4.467	-22.538	0.243	0.028	-0.440	2627	0.883	0.405	-0.463	-1.587	0.407	1.131	0.061	
-2.910	0.044	2.940	443.263	329.966	236.264	-0.062	42.453	4.628	-23.095	0.157	-0.132	-0.433	2635	0.886	0.409	-0.463	-1.589	0.407	1.124	0.062	
-2.910	0.046	2.942	443.419	331.141	233.648	-1.086	42.474	3.897	-23.610	0.086	0.280	-0.406	2640	0.889	0.413	-0.462	-1.592	0.407	1.116	0.063	
-2.910	0.047	2.944	443.556	332.088	231.383	-0.893	42.852	4.460	-23.253	0.165	0.056	-0.386	2647	0.891	0.415	-0.462	-1.593	0.407	1.111	0.064	
-2.909	0.049	2.946	443.682	333.248	228.278	-0.805	42.101	4.599	-21.207	0.352	-0.149	-0.410	2655	0.894	0.420	-0.462	-1.596	0.407	1.103	0.065	
-2.908	0.052	2.949	443.932	334.843	224.086	-0.464	42.993	4.288	-22.246	0.285	0.175	-0.424	2663	0.897	0.424	-0.461	-1.598	0.407	1.095	0.066	
-2.907	0.055	2.954	444.290	336.672	218.773	-0.327	43.801	4.883	-22.950	0.130	0.402	-0.411	2680	0.903	0.432	-0.461	-1.604	0.407	1.078	0.067	
-2.906	0.058	2.957	444.458	337.882	214.868	-1.015	42.978	4.232	-21.573	0.363	0.137	-0.408	2687	0.905	0.436	-0.461	-1.605	0.407	1.072	0.067	
-2.905	0.059	2.959	444.597	338.692	212.133	-0.870	42.697	3.998	-21.479	0.253	0.297	-0.358	2697	0.909	0.441	-0.460	-1.609	0.407	1.061	0.068	
-2.904	0.061	2.962	444.786	339.454	209.422	-0.403	42.972	4.648	-22.154	0.240	0.390	-0.307	2705	0.912	0.446	-0.460	-1.611	0.407	1.053	0.068	
-2.903	0.063	2.964	444.953	340.273	206.319	-0.138	44.153	4.940	-22.695	0.212	0.324	-0.280	2711	0.914	0.449	-0.460	-1.613	0.407	1.047	0.068	
-2.902	0.064	2.966	445.008	340.865	203.948	-1.087	44.165	4.632	-22.151	0.217	0.647	-0.259	2719	0.917	0.453	-0.460	-1.616	0.407	1.040	0.068	
-2.901	0.065	2.969	445.049	341.489	201.145	-1.546	43.044	4.415	-21.272	0.276	0.610	-0.259	2725	0.919	0.457	-0.460	-1.618	0.407	1.033	0.068	
-2.900	0.067	2.971	445.087	341.971	198.770	-0.811	43.083	4.907	-21.312	0.225	0.294	-0.258	2732	0.921	0.461	-0.460	-1.620	0.407	1.028	0.068	
-2.899	0.068	2.974	445.173	342.574	195.634	-0.013	43.780	4.771	-20.933	0.293	0.656	-0.252	2740	0.923	0.465	-0.460	-1.622	0.407	1.020	0.068	
-2.898	0.070	2.977	445.234	343.228	192.125	-0.313	45.083	5.213	-21.031	0.442	0.639	-0.179	2746	0.925	0.468	-0.460	-1.624	0.407	1.015	0.068	
-2.897	0.070	2.979	445.221	343.654	189.770	-0.563	44.871	5.105	-22.130	0.209	0.282	-0.199	2755	0.928	0.473	-0.460	-1.626	0.407	1.008	0.068	
-2.896	0.071	2.981	445.172	344.092	186.971	-1.136	44.062	4.833	-20.701	0.321	0.405	-0.158	2761	0.930	0.477	-0.460	-1.629	0.407	1.001	0.068	
-2.895	0.072	2.984	445.135	344.441	184.583	-0.860	43.665	5.078	-20.960	0.589	0.567	-0.100	2767	0.931	0.480	-0.460	-1.630	0.407	0.997	0.068	
-2.894	0.073	2.987	445.090	344.918	181.059	-0.082	44.431	5.006	-21.566	0.099	0.542	-0.116	2776	0.934	0.485	-0.460	-1.633	0.407	0.989	0.067	
-2.893	0.074	2.989	445.018	345.152	179.083	-0.235	44.526	5.082	-21.090	0.327	0.443	-0.061	2782	0.936	0.489	-0.460	-1.635	0.407	0.984	0.067	
-2.892	0.074	2.991	444.890	345.456	176.317	-0.522	44.551	5.221	-21.575	0.325	0.479	-0.074	2789	0.938	0.493	-0.460	-1.637	0.407	0.978	0.067	
-2.891	0.075	2.994	444.682	345.756	173.146	-1.262	44.539	5.204	-20.706	0.480	0.865	-0.041	2795	0.939	0.496	-0.460	-1.638	0.407	0.974	0.067	
-2.890	0.075	2.996	444.526	345.908	171.168	-1.308	44.292	5.414	-19.999	0.473	0.558	-0.031	2802	0.941	0.500	-0.460	-1.640	0.407	0.968	0.067	
-2.889	0.075	2.999	444.275	346.161	167.661	-0.561	44.743	5.174	-20.354	0.222	0.513	-0.028	2808	0.943	0.505	-0.460	-1.643	0.408	0.962	0.067	
-2.888	0.075	3.001	444.107	346.301	165.343	-0.059	45.359	5.556	-20.771	0.317	0.515	0.014	2816	0.945	0.508	-0.460	-1.644	0.408	0.958	0.067	
-2.887	0.075	3.004	443.849	346.440	162.623	-0.398	45.856	5.483	-20.587	0.296	0.794	0.021	2823	0.947	0.512	-0.460	-1.646	0.408	0.953	0.066	
-2.887	0.075	3.006	443.586	346.528	160.266	-0.784	44.897	5.715	-19.472	0.571	0.617	0.043	2829	0.948	0.515	-0.460	-1.648	0.408	0.949	0.066	
-2.886	0.075	3.009	443.213	346.621	157.139	-1.274	44.277	5.419	-19.609	0.435	0.188	0.016	2838	0.950	0.520	-0.460	-1.650	0.408	0.944	0.066	
-2.885	0.075	3.012	442.943	346.703	154.475	-0.534	44.942	5.443	-20.581	0.125	0.512	0.059	2843	0.952	0.524	-0.460	-1.651	0.408	0.940	0.066	
-2.884	0.075	3.014	442.725	346.727	152.570	-0.313	45.918	5.450	-20.396	0.377	0.451	0.059	2850	0.953	0.528	-0.460	-1.653	0.409	0.935	0.066	
-2.883	0.074	3.016	442.370	346.734	149.878	-0.403	46.426	5.679	-20.546	0.200	0.210	0.066	2856	0.954	0.531	-0.460	-1.654	0.409	0.932	0.066	
-2.883	0.074	3.018	442.025	346.709	147.541	-0.679	45.405	5.845	-19.661	0.334	0.293	0.059	2862	0.956	0.535	-0.460	-1.656	0.409	0.927	0.066	
-2.881	0.073	3.022	441.500	346.680	143.720	-1.456	44.363	5.636	-19.245	0.220	0.189	0.060	2868	0.958	0.539	-0.460	-1.658	0.409	0.923	0.066	
-2.881	0.073	3.025	441.168	346.641	140.763	-1.192	46.201	5.379	-19.521	0.102	0.144	0.041	2879	0.960	0.544	-0.460	-1.660	0.410	0.918	0.066	
-2.880	0.072	3.027	440.943	346.570	138.548	-0.649	47.089	5.788	-19.796	0.310	0.220	0.040	2886	0.961	0.549	-0.460	-1.661	0.410	0.913	0.066	
-2.879	0.072	3.030	440.654	346.459	135.934	-0.286	46.508	6.307	-19.771	0.232	0.467	0.034	2893	0.963	0.553	-0.460	-1.663	0.410	0.908	0.066	
-2.879	0.071	3.032	440.327	346.314	133.290	-0.536	44.784	6.251	-17.839	0.499	0.188	0.043	2900	0.964	0.557	-0.460	-1.664	0.410	0.905	0.066	
-2.878	0.071	3.035	440.069	346.232	130.749	-0.919	44.962	5.926	-18.195	0.432	0.112	0.034	2907	0.965	0.561	-0.460	-1.666	0.411	0.901	0.066	
-2.877	0.071	3.038	439.775	346.108	127.238	-0.118	47.439	6.293	-19.724	0.327	0.102	0.038	2914	0.967	0.565	-0.460	-1.667	0.411	0.897	0.066	
-2.876	0.070	3.042	439.380	345.892	123.310	-0.390	46.362	6.546	-18.983	0.416	0.441	0.050	2927	0.969	0.572	-0.460	-1.669	0.411	0.890	0.066	
-2.876	0.069	3.045	439.113	345.758	121.146	-0.604	45.644	6.270	-17.474	0.334	0.225	0.052	2935	0.970	0.577	-0.460	-1.670	0.412	0.885	0.066	
-2.875	0.069	3.048	438.828	345.609	118.033	-0.860	45.925	6.375	-18.308	0.589	0.208	0.072	2944	0.972	0.583	-0.460	-1.672	0.412	0.881	0.066	
-2.874	0.068	3.050	438.659	345.521	116.013	-0.636	47.543	5.994	-19.017	0.041	0.089	0.078	2950	0.973	0.586	-0.460	-1.672	0.412	0.878	0.066	
-2.874	0.068	3.052	438.481	345.384	113.653	-1.008	48.123	6.182	-19.505	0.422	0.447	0.098	2957	0.974	0.590	-0.460	-1.673	0.413	0.874	0.066	
-2.873	0.067	3.055	438.225	345.160	110.895	-0.976	46.619	6.466	-17.671	0.408	0.473	0.087	2963	0.975	0.594	-0.460	-1.674	0.413	0.871	0.066	
-2.872	0.067	3.058	438.005	344.940	108.192	-0.893	46.312	6.110	-16.901	0.301	0.276	0.085	2970	0.976	0.598	-0.460	-1.675	0.413	0.868	0.066	
-2.872	0.066	3.060	437.898	344.776	105.624	-0.755	46.714	6.170	-18.254	0.187	0.419	0.079	2981	0.977	0.604	-0.460	-1.676	0.414	0.863	0.066	
-2.872	0.066	3.062	437.845	344.657	104.036	-0.414	48.560	6.309	-18.718	0.161	0.252	0.086	2986	0.978	0.607	-0.460	-1.676	0.414	0.860	0.066	
-2.871	0.066	3.064	437.736	344.462	101.790	-0.475	48.588	6.576	-19.079	0.301	0.263	0.081	2993	0.979	0.611	-0.460	-1.677	0.414	0.857	0.066	
-2.871	0.065	3.066	437.623	344.292	100.148	-0.667	46.530	6.844	-17.545	0.383	0.532	0.088	2998	0.980	0.614	-0.460	-1.677	0.415	0.855	0.066	
-2.870	0.065	3.068	437.459	344.065	97.895	-0.630	46.156	6.793	-16.699	0.354	0.141	0.083	3004	0.981	0.618	-0.460	-1.678	0.415	0.852	0.066	
-2.870	0.064	3.070	437.401	343.944	96.353	-0.703	46.811	6.452	-17.510	0.284	0.388	0.086	3010	0.981	0.621	-0.460	-1.678	0.415	0.849	0.066	
-2.869	0.064	3.072	437.339	343.774	94.249	-0.582	48.117	6.374	-17.796	0.264	0.321	0.082	3017	0.982	0.624	-0.460	-1.678	0.415	0.847	0.066	
-2.869	0.064	3.075	437.284	343.549	91.847	-0.372	49.085	6.849	-18.513	0.400	0.427	0.091	3022	0.983	0.628	-0.460	-1.678	0.416	0.845	0.066	
-2.868	0.063	3.077	437.191	343.358	90.011	-0.766	47.486	6.926	-17.709	0.372	0.518	0.070	3031	0.984	0.633	-0.460	-1.679	0.416	0.841	0.066	
-2.868	0.062	3.079	437.067	343.125	87.886	-0.684	46.588	6.941	-16.222	0.387	0.536	0.053	3037	0.984	0.637	-0.460	-1.679	0.416	0.838	0.066	
-2.867	0.062	3.081	437.021	342.960	86.149	-0.669	47.324	6.474	-16.570	0.353	0.558	0.039	3044	0.985	0.640	-0.460	-1.679	0.417	0.836	0.066	
-2.867	0.061	3.083	436.980	342.759	83.898	-0.612	47.763	6.470	-17.541	0.234	0.136	0.028	3051	0.986	0.644	-0.460	-1.679	0.417	0.834	0.066	
-2.866	0.061	3.085	436.942	342.577	82.220	-0.040	49.010	7.010	-18.067	0.193	0.456	0.018	3058	0.986	0.648	-0.460	-1.679	0.417	0.832	0.066	
-2.866	0.060	3.087	436.864	342.326	80.230	-0.337	48.228	7.496	-17.247	0.622	0.462	0.016	3065	0.987	0.652	-0.460	-1.679	0.417	0.829	0.066	
-2.865	0.059	3.090	436.683	342.004	77.423	-0.879	47.319	6.861	-16.213	0.543	0.285	-0.007	3071	0.988	0.657	-0.460	-1.679	0.418	0.827	0.066	
-2.865	0.058	3.092	436.643	341.847	75.826	-0.306	48.009	6.865	-17.131	0.237	0.393	-0.017	3081	0.988	0.661	-0.460	-1.678	0.418	0.825	0.066	
-2.864	0.058	3.095	436.614	341.602	73.486	-0.212	48.561	6.958	-17.453	0.397	0.372	-0.012	3089	0.989	0.665	-0.460	-1.678	0.419	0.822	0.066	
-2.864	0.057	3.096	436.549	341.403	71.671	-0.557	49.040	7.117	-17.686	0.335	0.326	-0.014	3095	0.989	0.668	-0.460	-1.678	0.419	0.821	0.066	
-2.863	0.056	3.098	436.463	341.224	70.113	-1.075	48.210	7.111	-16.881	0.489	0.538	-0.012	3103	0.990	0.672	-0.460	-1.677	0.419	0.819	0.066	
-2.863	0.055	3.100	436.379	341.009	68.329	-0.501	47.913	7.267	-16.065	0.577	0.244	-0.004	3109	0.990	0.676	-0.460	-1.677	0.420	0.817	0.066	
-2.863	0.054	3.102	436.357	340.837	66.624	0.200	48.053	7.073	-17.081	0.357	0.396	0.001	3117	0.991	0.680	-0.460	-1.677	0.420	0.816	0.066	
-2.862	0.053	3.104	436.321	340.643	64.507	-0.047	48.611	6.953	-17.337	0.269	0.230	-0.001	3125	0.991	0.684	-0.460	-1.676	0.420	0.814	0.066	
-2.862	0.053	3.106	436.269	340.487	62.880	-0.778	49.222	7.128	-17.527	0.380	0.457	0.004	3131	0.992	0.687	-0.460	-1.675	0.421	0.813	0.066	
-2.861	0.052	3.107	436.195	340.336	61.490	-0.980	49.221	7.393	-17.118	0.386	0.304	0.003	3138	0.992	0.690	-0.460	-1.675	0.421	0.812	0.066	
-2.861	0.051	3.109	436.115	340.135	59.876	-0.667	48.315	7.452	-16.165	0.482	0.400	0.004	3145	0.993	0.694	-0.460	-1.674	0.421	0.810	0.066	
-2.861	0.050	3.110	436.062	339.987	58.541	-0.036	48.521	7.091	-16.531	0.251	0.343	-0.009	3152	0.993	0.697	-0.460	-1.674	0.422	0.809	0.066	
-2.860	0.049	3.112	436.032	339.823	56.830	-0.065	48.272	7.005	-17.166	0.298	0.269	-0.007	3160	0.993	0.701	-0.460	-1.673	0.422	0.808	0.066	
-2.860	0.048	3.115	435.957	339.615	54.756	-1.402	50.025	7.320	-17.181	0.373	0.333	-0.004	3167	0.994	0.704	-0.460	-1.672	0.422	0.808	0.066	
-2.859	0.045	3.118	435.751	339.170	51.492	-0.587	49.341	7.449	-16.046	0.392	0.371	-0.011	3185	0.994	0.713	-0.460	-1.670	0.423	0.806	0.066	
-2.859	0.044	3.120	435.677	338.954	50.107	0.469	48.959	7.437	-16.217	0.283	0.292	-0.014	3192	0.994	0.715	-0.460	-1.669	0.424	0.805	0.066	
-2.859	0.043	3.121	435.621	338.777	48.776	0.149	48.503	7.388	-16.317	0.256	0.281	-0.016	3199	0.995	0.719	-0.460	-1.668	0.424	0.805	0.066	
-2.858	0.041	3.123	435.543	338.609	47.322	-0.852	48.897	7.361	-17.047	0.328	0.405	-0.014	3208	0.995	0.723	-0.460	-1.667	0.424	0.804	0.066	
-2.858	0.040	3.124	435.453	338.407	45.757	-1.120	50.134	7.510	-17.069	0.268	0.308	-0.014	3214	0.995	0.725	-0.460	-1.666	0.425	0.804	0.066	
-2.858	0.039	3.125	435.386	338.252	44.887	-0.925	50.537	7.628	-16.826	0.342	0.323	-0.012	3222	0.995	0.729	-0.460	-1.665	0.425	0.804	0.066	
-2.857	0.037	3.127	435.267	337.955	43.329	0.043	50.256	7.690	-15.811	0.218	0.235	-0.017	3228	0.995	0.732	-0.460	-1.664	0.425	0.804	0.066	
-2.857	0.036	3.128	435.218	337.788	42.316	0.188	49.466	7.689	-16.136	0.258	0.239	-0.014	3236	0.995	0.734	-0.460	-1.663	0.425	0.804	0.066	
-2.857	0.035	3.129	435.194	337.640	41.188	-0.273	49.006	7.604	-16.452	0.294	0.258	-0.020	3243	0.995	0.737	-0.460	-1.662	0.426	0.804	0.066	
-2.857	0.034	3.131	435.191	337.522	40.260	-0.854	49.144	7.570	-16.904	0.320	0.276	-0.023	3249	0.995	0.739	-0.460	-1.661	0.426	0.804	0.066	
-2.856	0.033	3.132	435.230	337.390	39.232	-0.889	49.005	7.512	-17.011	0.291	0.394	-0.027	3257	0.995	0.742	-0.460	-1.660	0.426	0.804	0.066	
-2.856	0.032	3.133	435.287	337.217	38.105	-0.604	50.622	7.474	-16.937	0.195	0.408	-0.029	3263	0.995	0.745	-0.460	-1.659	0.426	0.804	0.066	
-2.856	0.031	3.134	435.344	337.047	37.140	-0.220	51.264	7.622	-16.423	0.252	0.182	-0.034	3271	0.995	0.747	-0.460	-1.658	0.426	0.804	0.066	
-2.856	0.030	3.135	435.407	336.910	36.319	-0.056	51.737	7.969	-16.107	0.296	0.208	-0.028	3277	0.995	0.750	-0.460	-1.656	0.426	0.804	0.066	
-2.856	0.030	3.136	435.466	336.786	35.491	-0.315	50.532	7.861	-15.782	0.304	0.148	-0.027	3284	0.995	0.752	-0.460	-1.655	0.427	0.804	0.066	
-2.855	0.029	3.138	435.560	336.653	34.410	-0.534	49.388	7.587	-16.224	0.287	0.185	-0.027	3291	0.995	0.754	-0.460	-1.654	0.427	0.804	0.066	
-2.855	0.028	3.138	435.660	336.571	33.656	-0.320	48.851	7.396	-16.867	0.283	0.197	-0.026	3298	0.995	0.757	-0.460	-1.653	0.427	0.804	0.066	
-2.855	0.027	3.140	435.831	336.403	32.497	-0.120	49.107	7.540	-17.069	0.299	0.205	-0.027	3307	0.995	0.760	-0.460	-1.651	0.427	0.805	0.066	
-2.854	0.026	3.141	435.962	336.257	31.650	-0.042	50.319	7.751	-16.598	0.269	0.121	-0.032	3316	0.995	0.762	-0.460	-1.650	0.427	0.805	0.066	
-2.854	0.025	-3.141	436.051	336.148	31.043	-0.313	51.662	7.848	-16.107	0.340	0.135	-0.031	3321	0.995	0.764	-0.460	-1.649	0.427	0.805	0.066	
-2.854	0.025	-3.140	436.160	336.019	30.346	-0.327	52.441	8.050	-15.922	0.331	0.009	-0.039	3329	0.995	0.766	-0.460	-1.648	0.427	0.806	0.066	
-2.854	0.024	-3.139	436.265	335.908	29.739	-0.126	52.541	8.134	-16.373	0.351	0.104	-0.043	3334	0.995	0.768	-0.461	-1.647	0.427	0.806	0.066	
-2.853	0.023	-3.138	436.386	335.740	28.894	0.032	50.962	8.007	-16.355	0.381	0.127	-0.048	3342	0.995	0.770	-0.461	-1.645	0.427	0.806	0.066	
-2.853	0.022	-3.137	436.489	335.607	28.176	0.171	49.389	7.827	-16.127	0.394	0.022	-0.064	3349	0.995	0.772	-0.461	-1.644	0.427	0.807	0.066	
-2.853	0.021	-3.136	436.592	335.519	27.619	-0.003	48.842	7.850	-16.458	0.414	0.081	-0.071	3355	0.995	0.774	-0.461	-1.643	0.427	0.807	0.066	
-2.853	0.020	-3.135	436.749	335.439	26.978	-0.086	49.799	7.908	-16.751	0.389	0.080	-0.073	3364	0.994	0.776	-0.461	-1.642	0.427	0.808	0.066	
-2.852	0.020	-3.135	436.931	335.354	26.326	-0.297	50.857	8.048	-16.312	0.427	-0.025	-0.073	3369	0.994	0.777	-0.461	-1.641	0.427	0.808	0.066	
-2.852	0.019	-3.134	437.064	335.311	25.922	-0.354	51.799	8.023	-16.361	0.420	-0.030	-0.073	3379	0.994	0.780	-0.461	-1.639	0.427	0.809	0.066	
-2.852	0.018	-3.133	437.229	335.272	25.458	-0.345	52.028	7.985	-15.999	0.422	-0.028	-0.071	3385	0.994	0.781	-0.461	-1.638	0.427	0.810	0.066	
-2.852	0.018	-3.133	437.384	335.245	25.069	-0.231	52.106	8.124	-16.371	0.428	-0.033	-0.071	3392	0.994	0.782	-0.462	-1.637	0.427	0.810	0.066	
-2.852	0.017	-3.132	437.603	335.215	24.554	-0.101	51.405	8.132	-16.251	0.417	-0.018	-0.071	3399	0.994	0.784	-0.462	-1.635	0.427	0.811	0.066	
-2.852	0.017	-3.131	437.741	335.200	24.244	-0.060	51.224	8.222	-16.898	0.423	0.061	-0.075	3405	0.994	0.785	-0.462	-1.634	0.427	0.811	0.066	
-2.851	0.016	-3.130	438.014	335.179	23.672	0.128	51.165	8.222	-16.916	0.429	0.135	-0.072	3414	0.994	0.787	-0.462	-1.633	0.427	0.812	0.066	
-2.851	0.015	-3.129	438.504	335.140	22.683	-0.044	51.586	8.234	-16.260	0.438	0.163	-0.068	3432	0.993	0.791	-0.462	-1.629	0.427	0.814	0.066	
-2.851	0.014	-3.128	438.638	335.133	22.420	0.011	51.576	8.343	-16.312	0.438	0.038	-0.064	3440	0.993	0.792	-0.462	-1.629	0.427	0.814	0.066	
-2.851	0.014	-3.128	438.777	335.132	22.173	0.040	51.298	8.314	-16.716	0.446	0.123	-0.059	3447	0.993	0.793	-0.463	-1.627	0.427	0.815	0.066	
-2.850	0.014	-3.128	438.895	335.125	21.943	0.152	51.294	8.217	-16.484	0.437	0.053	-0.063	3452	0.993	0.794	-0.463	-1.627	0.427	0.815	0.066	
-2.850	0.013	-3.127	439.025	335.121	21.703	-0.159	51.147	8.163	-16.656	0.435	0.135	-0.054	3459	0.993	0.795	-0.463	-1.625	0.427	0.816	0.066	
-2.850	0.013	-3.127	439.136	335.122	21.520	-0.163	51.509	8.194	-16.355	0.432	-0.001	-0.045	3466	0.993	0.796	-0.463	-1.624	0.427	0.817	0.066	
-2.850	0.012	-3.126	439.330	335.144	21.276	-0.171	51.884	8.152	-16.702	0.423	0.126	-0.030	3476	0.993	0.797	-0.463	-1.623	0.427	0.818	0.066	
-2.850	0.011	-3.126	439.448	335.149	21.124	-0.046	51.973	8.254	-16.426	0.441	-0.061	-0.031	3483	0.993	0.798	-0.463	-1.622	0.427	0.819	0.066	
-2.850	0.011	-3.126	439.549	335.154	21.010	0.095	52.203	8.320	-16.587	0.438	0.093	-0.033	3489	0.992	0.799	-0.463	-1.621	0.427	0.819	0.066	
-2.850	0.010	-3.126	439.647	335.167	20.909	0.054	52.020	8.374	-16.613	0.449	0.077	-0.028	3495	0.992	0.799	-0.463	-1.620	0.427	0.820	0.066	
-2.850	0.010	-3.125	439.722	335.176	20.809	-0.191	51.680	8.200	-16.659	0.420	0.162	-0.021	3501	0.992	0.800	-0.464	-1.619	0.427	0.821	0.066	
-2.850	0.009	-3.125	439.800	335.196	20.708	-0.281	51.747	8.088	-16.620	0.443	-0.001	-0.015	3509	0.992	0.801	-0.464	-1.618	0.427	0.822	0.066	
-2.850	0.009	-3.125	439.855	335.208	20.667	-0.311	51.786	8.147	-16.770	0.444	0.125	-0.013	3514	0.992	0.801	-0.464	-1.618	0.427	0.823	0.066	
-2.850	0.008	-3.125	439.918	335.212	20.626	0.129	52.122	8.381	-16.602	0.442	0.126	-0.014	3521	0.992	0.802	-0.464	-1.617	0.427	0.824	0.066	
-2.850	0.007	-3.125	439.969	335.200	20.592	0.285	52.024	8.561	-16.663	0.454	-0.046	-0.010	3527	0.992	0.802	-0.464	-1.616	0.427	0.825	0.066	
-2.849	0.007	-3.124	439.989	335.200	20.584	0.246	52.298	8.379	-16.379	0.441	0.107	-0.015	3534	0.991	0.803	-0.464	-1.615	0.427	0.826	0.066	
-2.849	0.006	-3.124	440.020	335.211	20.600	-0.060	52.707	8.357	-16.668	0.444	0.159	-0.011	3540	0.991	0.803	-0.464	-1.614	0.427	0.827	0.066	
-2.849	0.006	-3.124	440.018	335.202	20.611	-0.015	52.145	8.494	-16.556	0.452	0.005	-0.007	3548	0.991	0.804	-0.464	-1.613	0.427	0.828	0.066	
-2.849	0.005	-3.124	440.000	335.175	20.639	0.265	51.806	8.402	-16.875	0.403	0.110	-0.002	3555	0.991	0.804	-0.464	-1.613	0.427	0.829	0.066	
-2.849	0.004	-3.124	439.982	335.160	20.672	0.191	52.152	8.423	-17.074	0.460	0.091	0.001	3562	0.991	0.804	-0.465	-1.612	0.427	0.831	0.066	
-2.849	0.003	-3.124	439.892	335.117	20.764	-0.274	52.303	8.385	-16.893	0.436	-0.053	0.004	3569	0.991	0.805	-0.465	-1.611	0.427	0.832	0.066	
-2.849	0.002	-3.124	439.775	335.074	20.877	-0.285	52.614	8.269	-16.729	0.408	0.112	0.000	3581	0.990	0.805	-0.465	-1.610	0.427	0.834	0.066	
-2.850	0.001	-3.124	439.658	335.027	20.997	-0.315	52.529	8.304	-16.738	0.455	0.117	0.004	3587	0.990	0.805	-0.465	-1.610	0.427	0.835	0.066	
-2.850	-0.000	-3.124	439.550	334.975	21.091	-0.090	52.533	8.309	-16.452	0.437	-0.129	-0.002	3594	0.990	0.805	-0.465	-1.609	0.427	0.837	0.066	
-2.850	-0.001	-3.124	439.429	334.922	21.218	0.023	52.373	8.309	-16.993	0.429	0.015	0.001	3600	0.990	0.805	-0.465	-1.608	0.427	0.838	0.066	
-2.850	-0.002	-3.124	439.299	334.870	21.335	-0.188	52.268	8.207	-16.898	0.442	0.083	-0.005	3607	0.990	0.805	-0.465	-1.608	0.427	0.840	0.066	
-2.850	-0.003	-3.124	439.111	334.798	21.499	-0.218	51.876	8.284	-16.733	0.465	0.017	-0.008	3615	0.990	0.805	-0.465	-1.607	0.427	0.841	0.066	
-2.850	-0.004	-3.124	438.949	334.724	21.622	0.081	51.629	8.285	-16.423	0.458	-0.084	-0.018	3621	0.990	0.805	-0.465	-1.607	0.427	0.842	0.066	
-2.850	-0.005	-3.124	438.773	334.640	21.781	0.348	51.772	8.359	-16.646	0.467	0.038	-0.022	3629	0.990	0.805	-0.466	-1.607	0.427	0.844	0.066	
-2.850	-0.006	-3.124	438.555	334.550	21.983	0.468	52.293	8.300	-16.576	0.449	0.038	-0.027	3635	0.989	0.805	-0.466	-1.606	0.427	0.846	0.066	
-2.850	-0.007	-3.124	438.387	334.489	22.139	0.194	52.107	8.413	-16.752	0.455	-0.029	-0.010	3643	0.989	0.805	-0.466	-1.606	0.427	0.847	0.066	
-2.850	-0.008	-3.124	438.172	334.416	22.325	-0.090	52.462	8.251	-16.361	0.438	-0.126	-0.018	3649	0.989	0.805	-0.466	-1.605	0.427	0.849	0.066	
-2.850	-0.009	-3.124	438.010	334.356	22.493	-0.089	52.731	8.423	-16.578	0.464	-0.238	-0.019	3656	0.989	0.805	-0.466	-1.605	0.427	0.850	0.066	
-2.850	-0.010	-3.124	437.756	334.238	22.757	0.210	52.758	8.404	-16.420	0.459	0.007	-0.015	3663	0.989	0.805	-0.466	-1.605	0.427	0.852	0.066	
-2.850	-0.012	-3.124	437.411	334.089	23.145	0.165	52.372	8.310	-16.809	0.431	-0.117	-0.003	3670	0.989	0.804	-0.466	-1.604	0.427	0.854	0.065	
-2.851	-0.013	-3.124	437.181	333.997	23.441	-0.152	52.904	8.223	-16.536	0.415	-0.285	-0.008	3684	0.988	0.804	-0.467	-1.604	0.427	0.857	0.065	
-2.851	-0.014	-3.124	437.046	333.938	23.648	-0.332	52.560	8.327	-16.791	0.453	-0.158	-0.010	3693	0.988	0.804	-0.467	-1.603	0.427	0.858	0.065	
-2.851	-0.015	-3.124	436.889	333.859	23.898	0.013	53.227	8.160	-16.490	0.421	-0.189	-0.016	3699	0.988	0.804	-0.467	-1.603	0.427	0.859	0.065	
-2.851	-0.016	-3.125	436.776	333.796	24.120	0.086	52.774	8.334	-16.601	0.460	-0.167	-0.011	3706	0.988	0.803	-0.467	-1.603	0.427	0.861	0.065	
-2.851	-0.016	-3.125	436.643	333.723	24.381	0.247	53.043	8.261	-16.328	0.445	-0.296	-0.010	3713	0.988	0.803	-0.467	-1.602	0.427	0.862	0.065	
-2.851	-0.017	-3.125	436.559	333.684	24.574	-0.001	52.884	8.301	-16.553	0.464	-0.195	-0.004	3718	0.988	0.803	-0.467	-1.602	0.427	0.863	0.065	
-2.851	-0.017	-3.125	436.464	333.644	24.844	-0.148	52.742	8.173	-16.833	0.440	-0.220	0.001	3725	0.988	0.802	-0.467	-1.602	0.427	0.864	0.065	
-2.851	-0.018	-3.125	436.390	333.610	25.039	-0.231	52.730	8.096	-16.570	0.447	-0.291	0.008	3730	0.988	0.802	-0.467	-1.602	0.427	0.865	0.065	
